[ 50%] Built target wrench_controller
[100%] Built target allocator_controller
-- Install configuration: ""
-- Up-to-date: /home/sshyuk/palletrone_ws/install/palletrone_controller/lib/palletrone_controller/wrench_controller
-- Up-to-date: /home/sshyuk/palletrone_ws/install/palletrone_controller/lib/palletrone_controller/allocator_controller
-- Up-to-date: /home/sshyuk/palletrone_ws/install/palletrone_controller/share/ament_index/resource_index/package_run_dependencies/palletrone_controller
-- Up-to-date: /home/sshyuk/palletrone_ws/install/palletrone_controller/share/ament_index/resource_index/parent_prefix_path/palletrone_controller
-- Up-to-date: /home/sshyuk/palletrone_ws/install/palletrone_controller/share/palletrone_controller/environment/ament_prefix_path.sh
-- Up-to-date: /home/sshyuk/palletrone_ws/install/palletrone_controller/share/palletrone_controller/environment/ament_prefix_path.dsv
-- Up-to-date: /home/sshyuk/palletrone_ws/install/palletrone_controller/share/palletrone_controller/environment/path.sh
-- Up-to-date: /home/sshyuk/palletrone_ws/install/palletrone_controller/share/palletrone_controller/environment/path.dsv
-- Up-to-date: /home/sshyuk/palletrone_ws/install/palletrone_controller/share/palletrone_controller/local_setup.bash
-- Up-to-date: /home/sshyuk/palletrone_ws/install/palletrone_controller/share/palletrone_controller/local_setup.sh
-- Up-to-date: /home/sshyuk/palletrone_ws/install/palletrone_controller/share/palletrone_controller/local_setup.zsh
-- Up-to-date: /home/sshyuk/palletrone_ws/install/palletrone_controller/share/palletrone_controller/local_setup.dsv
-- Installing: /home/sshyuk/palletrone_ws/install/palletrone_controller/share/palletrone_controller/package.dsv
-- Up-to-date: /home/sshyuk/palletrone_ws/install/palletrone_controller/share/ament_index/resource_index/packages/palletrone_controller
-- Up-to-date: /home/sshyuk/palletrone_ws/install/palletrone_controller/share/palletrone_controller/cmake/palletrone_controllerConfig.cmake
-- Up-to-date: /home/sshyuk/palletrone_ws/install/palletrone_controller/share/palletrone_controller/cmake/palletrone_controllerConfig-version.cmake
-- Up-to-date: /home/sshyuk/palletrone_ws/install/palletrone_controller/share/palletrone_controller/package.xml
