[0.010s] Invoking command in '/home/sshyuk/palletrone_ws/build/palletrone_controller': CMAKE_PREFIX_PATH=/home/sshyuk/palletrone_ws/install/palletrone_interfaces:/home/sshyuk/palletrone_ws/install/palletrone_controller:/home/sshyuk/palletrone_ws/install/palletrone_cmd:/home/sshyuk/ros2_ws/install/motion_capture_tracking:/home/sshyuk/ros2_ws/install/motion_capture_tracking_interfaces:/home/sshyuk/ros2_ws/install/crawling_robot_controller:/home/sshyuk/palletrone_ws/install/plant:/home/sshyuk/ros2_ws/install/keyboard:/home/sshyuk/ros2_ws/install/inchworm:/home/sshyuk/ros2_ws/install/gimbal_utils:/opt/ros/humble /usr/bin/cmake --build /home/sshyuk/palletrone_ws/build/palletrone_controller -- -j20 -l20
[0.065s] [ 50%] Built target wrench_controller
[0.066s] [100%] Built target allocator_controller
[0.202s] Invoked command in '/home/sshyuk/palletrone_ws/build/palletrone_controller' returned '0': CMAKE_PREFIX_PATH=/home/sshyuk/palletrone_ws/install/palletrone_interfaces:/home/sshyuk/palletrone_ws/install/palletrone_controller:/home/sshyuk/palletrone_ws/install/palletrone_cmd:/home/sshyuk/ros2_ws/install/motion_capture_tracking:/home/sshyuk/ros2_ws/install/motion_capture_tracking_interfaces:/home/sshyuk/ros2_ws/install/crawling_robot_controller:/home/sshyuk/palletrone_ws/install/plant:/home/sshyuk/ros2_ws/install/keyboard:/home/sshyuk/ros2_ws/install/inchworm:/home/sshyuk/ros2_ws/install/gimbal_utils:/opt/ros/humble /usr/bin/cmake --build /home/sshyuk/palletrone_ws/build/palletrone_controller -- -j20 -l20
[0.203s] Invoking command in '/home/sshyuk/palletrone_ws/build/palletrone_controller': CMAKE_PREFIX_PATH=/home/sshyuk/palletrone_ws/install/palletrone_interfaces:/home/sshyuk/palletrone_ws/install/palletrone_controller:/home/sshyuk/palletrone_ws/install/palletrone_cmd:/home/sshyuk/ros2_ws/install/motion_capture_tracking:/home/sshyuk/ros2_ws/install/motion_capture_tracking_interfaces:/home/sshyuk/ros2_ws/install/crawling_robot_controller:/home/sshyuk/palletrone_ws/install/plant:/home/sshyuk/ros2_ws/install/keyboard:/home/sshyuk/ros2_ws/install/inchworm:/home/sshyuk/ros2_ws/install/gimbal_utils:/opt/ros/humble /usr/bin/cmake --install /home/sshyuk/palletrone_ws/build/palletrone_controller
[0.211s] -- Install configuration: ""
[0.211s] -- Up-to-date: /home/sshyuk/palletrone_ws/install/palletrone_controller/lib/palletrone_controller/wrench_controller
[0.211s] -- Up-to-date: /home/sshyuk/palletrone_ws/install/palletrone_controller/lib/palletrone_controller/allocator_controller
[0.211s] -- Up-to-date: /home/sshyuk/palletrone_ws/install/palletrone_controller/share/ament_index/resource_index/package_run_dependencies/palletrone_controller
[0.211s] -- Up-to-date: /home/sshyuk/palletrone_ws/install/palletrone_controller/share/ament_index/resource_index/parent_prefix_path/palletrone_controller
[0.211s] -- Up-to-date: /home/sshyuk/palletrone_ws/install/palletrone_controller/share/palletrone_controller/environment/ament_prefix_path.sh
[0.211s] -- Up-to-date: /home/sshyuk/palletrone_ws/install/palletrone_controller/share/palletrone_controller/environment/ament_prefix_path.dsv
[0.211s] -- Up-to-date: /home/sshyuk/palletrone_ws/install/palletrone_controller/share/palletrone_controller/environment/path.sh
[0.211s] -- Up-to-date: /home/sshyuk/palletrone_ws/install/palletrone_controller/share/palletrone_controller/environment/path.dsv
[0.211s] -- Up-to-date: /home/sshyuk/palletrone_ws/install/palletrone_controller/share/palletrone_controller/local_setup.bash
[0.211s] -- Up-to-date: /home/sshyuk/palletrone_ws/install/palletrone_controller/share/palletrone_controller/local_setup.sh
[0.211s] -- Up-to-date: /home/sshyuk/palletrone_ws/install/palletrone_controller/share/palletrone_controller/local_setup.zsh
[0.211s] -- Up-to-date: /home/sshyuk/palletrone_ws/install/palletrone_controller/share/palletrone_controller/local_setup.dsv
[0.211s] -- Installing: /home/sshyuk/palletrone_ws/install/palletrone_controller/share/palletrone_controller/package.dsv
[0.211s] -- Up-to-date: /home/sshyuk/palletrone_ws/install/palletrone_controller/share/ament_index/resource_index/packages/palletrone_controller
[0.211s] -- Up-to-date: /home/sshyuk/palletrone_ws/install/palletrone_controller/share/palletrone_controller/cmake/palletrone_controllerConfig.cmake
[0.211s] -- Up-to-date: /home/sshyuk/palletrone_ws/install/palletrone_controller/share/palletrone_controller/cmake/palletrone_controllerConfig-version.cmake
[0.211s] -- Up-to-date: /home/sshyuk/palletrone_ws/install/palletrone_controller/share/palletrone_controller/package.xml
[0.222s] Invoked command in '/home/sshyuk/palletrone_ws/build/palletrone_controller' returned '0': CMAKE_PREFIX_PATH=/home/sshyuk/palletrone_ws/install/palletrone_interfaces:/home/sshyuk/palletrone_ws/install/palletrone_controller:/home/sshyuk/palletrone_ws/install/palletrone_cmd:/home/sshyuk/ros2_ws/install/motion_capture_tracking:/home/sshyuk/ros2_ws/install/motion_capture_tracking_interfaces:/home/sshyuk/ros2_ws/install/crawling_robot_controller:/home/sshyuk/palletrone_ws/install/plant:/home/sshyuk/ros2_ws/install/keyboard:/home/sshyuk/ros2_ws/install/inchworm:/home/sshyuk/ros2_ws/install/gimbal_utils:/opt/ros/humble /usr/bin/cmake --install /home/sshyuk/palletrone_ws/build/palletrone_controller
