[0.092s] DEBUG:colcon:Command line arguments: ['/usr/bin/colcon', 'build']
[0.092s] DEBUG:colcon:Parsed command line arguments: Namespace(log_base=None, log_level=None, verb_name='build', build_base='build', install_base='install', merge_install=False, symlink_install=False, test_result_base=None, continue_on_error=False, executor='parallel', parallel_workers=20, event_handlers=None, ignore_user_meta=False, metas=['./colcon.meta'], base_paths=['.'], packages_ignore=None, packages_ignore_regex=None, paths=None, packages_up_to=None, packages_up_to_regex=None, packages_above=None, packages_above_and_dependencies=None, packages_above_depth=None, packages_select_by_dep=None, packages_skip_by_dep=None, packages_skip_up_to=None, packages_select_build_failed=False, packages_skip_build_finished=False, packages_select_test_failures=False, packages_skip_test_passed=False, packages_select=None, packages_skip=None, packages_select_regex=None, packages_skip_regex=None, packages_start=None, packages_end=None, allow_overriding=[], cmake_args=None, cmake_target=None, cmake_target_skip_unavailable=False, cmake_clean_cache=False, cmake_clean_first=False, cmake_force_configure=False, ament_cmake_args=None, catkin_cmake_args=None, catkin_skip_building_tests=False, mixin_files=None, mixin=None, verb_parser=<colcon_mixin.mixin.mixin_argument.MixinArgumentDecorator object at 0x78e675e52b90>, verb_extension=<colcon_core.verb.build.BuildVerb object at 0x78e675e10580>, main=<bound method BuildVerb.main of <colcon_core.verb.build.BuildVerb object at 0x78e675e10580>>, mixin_verb=('build',))
[0.235s] Level 1:colcon.colcon_core.package_discovery:discover_packages(colcon_meta) check parameters
[0.235s] Level 1:colcon.colcon_core.package_discovery:discover_packages(recursive) check parameters
[0.235s] Level 1:colcon.colcon_core.package_discovery:discover_packages(ignore) check parameters
[0.235s] Level 1:colcon.colcon_core.package_discovery:discover_packages(path) check parameters
[0.235s] Level 1:colcon.colcon_core.package_discovery:discover_packages(colcon_meta) discover
[0.235s] Level 1:colcon.colcon_core.package_discovery:discover_packages(recursive) discover
[0.235s] INFO:colcon.colcon_core.package_discovery:Crawling recursively for packages in '/home/sshyuk/palletrone_ws'
[0.235s] Level 1:colcon.colcon_core.package_identification:_identify(.) by extensions ['ignore', 'ignore_ament_install']
[0.235s] Level 1:colcon.colcon_core.package_identification:_identify(.) by extension 'ignore'
[0.236s] Level 1:colcon.colcon_core.package_identification:_identify(.) by extension 'ignore_ament_install'
[0.236s] Level 1:colcon.colcon_core.package_identification:_identify(.) by extensions ['colcon_pkg']
[0.236s] Level 1:colcon.colcon_core.package_identification:_identify(.) by extension 'colcon_pkg'
[0.236s] Level 1:colcon.colcon_core.package_identification:_identify(.) by extensions ['colcon_meta']
[0.236s] Level 1:colcon.colcon_core.package_identification:_identify(.) by extension 'colcon_meta'
[0.236s] Level 1:colcon.colcon_core.package_identification:_identify(.) by extensions ['ros']
[0.236s] Level 1:colcon.colcon_core.package_identification:_identify(.) by extension 'ros'
[0.245s] Level 1:colcon.colcon_core.package_identification:_identify(.) by extensions ['cmake', 'python']
[0.245s] Level 1:colcon.colcon_core.package_identification:_identify(.) by extension 'cmake'
[0.245s] Level 1:colcon.colcon_core.package_identification:_identify(.) by extension 'python'
[0.245s] Level 1:colcon.colcon_core.package_identification:_identify(.) by extensions ['python_setup_py']
[0.245s] Level 1:colcon.colcon_core.package_identification:_identify(.) by extension 'python_setup_py'
[0.245s] Level 1:colcon.colcon_core.package_identification:_identify(build) by extensions ['ignore', 'ignore_ament_install']
[0.245s] Level 1:colcon.colcon_core.package_identification:_identify(build) by extension 'ignore'
[0.245s] Level 1:colcon.colcon_core.package_identification:_identify(build) ignored
[0.246s] Level 1:colcon.colcon_core.package_identification:_identify(install) by extensions ['ignore', 'ignore_ament_install']
[0.246s] Level 1:colcon.colcon_core.package_identification:_identify(install) by extension 'ignore'
[0.246s] Level 1:colcon.colcon_core.package_identification:_identify(install) ignored
[0.246s] Level 1:colcon.colcon_core.package_identification:_identify(log) by extensions ['ignore', 'ignore_ament_install']
[0.246s] Level 1:colcon.colcon_core.package_identification:_identify(log) by extension 'ignore'
[0.246s] Level 1:colcon.colcon_core.package_identification:_identify(log) ignored
[0.246s] Level 1:colcon.colcon_core.package_identification:_identify(src) by extensions ['ignore', 'ignore_ament_install']
[0.246s] Level 1:colcon.colcon_core.package_identification:_identify(src) by extension 'ignore'
[0.246s] Level 1:colcon.colcon_core.package_identification:_identify(src) by extension 'ignore_ament_install'
[0.246s] Level 1:colcon.colcon_core.package_identification:_identify(src) by extensions ['colcon_pkg']
[0.246s] Level 1:colcon.colcon_core.package_identification:_identify(src) by extension 'colcon_pkg'
[0.246s] Level 1:colcon.colcon_core.package_identification:_identify(src) by extensions ['colcon_meta']
[0.246s] Level 1:colcon.colcon_core.package_identification:_identify(src) by extension 'colcon_meta'
[0.246s] Level 1:colcon.colcon_core.package_identification:_identify(src) by extensions ['ros']
[0.246s] Level 1:colcon.colcon_core.package_identification:_identify(src) by extension 'ros'
[0.246s] Level 1:colcon.colcon_core.package_identification:_identify(src) by extensions ['cmake', 'python']
[0.246s] Level 1:colcon.colcon_core.package_identification:_identify(src) by extension 'cmake'
[0.246s] Level 1:colcon.colcon_core.package_identification:_identify(src) by extension 'python'
[0.246s] Level 1:colcon.colcon_core.package_identification:_identify(src) by extensions ['python_setup_py']
[0.246s] Level 1:colcon.colcon_core.package_identification:_identify(src) by extension 'python_setup_py'
[0.246s] Level 1:colcon.colcon_core.package_identification:_identify(src/palletrone_cmd) by extensions ['ignore', 'ignore_ament_install']
[0.246s] Level 1:colcon.colcon_core.package_identification:_identify(src/palletrone_cmd) by extension 'ignore'
[0.246s] Level 1:colcon.colcon_core.package_identification:_identify(src/palletrone_cmd) by extension 'ignore_ament_install'
[0.246s] Level 1:colcon.colcon_core.package_identification:_identify(src/palletrone_cmd) by extensions ['colcon_pkg']
[0.246s] Level 1:colcon.colcon_core.package_identification:_identify(src/palletrone_cmd) by extension 'colcon_pkg'
[0.246s] Level 1:colcon.colcon_core.package_identification:_identify(src/palletrone_cmd) by extensions ['colcon_meta']
[0.246s] Level 1:colcon.colcon_core.package_identification:_identify(src/palletrone_cmd) by extension 'colcon_meta'
[0.246s] Level 1:colcon.colcon_core.package_identification:_identify(src/palletrone_cmd) by extensions ['ros']
[0.246s] Level 1:colcon.colcon_core.package_identification:_identify(src/palletrone_cmd) by extension 'ros'
[0.248s] DEBUG:colcon.colcon_core.package_identification:Package 'src/palletrone_cmd' with type 'ros.ament_cmake' and name 'palletrone_cmd'
[0.248s] Level 1:colcon.colcon_core.package_identification:_identify(src/palletrone_controller) by extensions ['ignore', 'ignore_ament_install']
[0.248s] Level 1:colcon.colcon_core.package_identification:_identify(src/palletrone_controller) by extension 'ignore'
[0.248s] Level 1:colcon.colcon_core.package_identification:_identify(src/palletrone_controller) by extension 'ignore_ament_install'
[0.248s] Level 1:colcon.colcon_core.package_identification:_identify(src/palletrone_controller) by extensions ['colcon_pkg']
[0.248s] Level 1:colcon.colcon_core.package_identification:_identify(src/palletrone_controller) by extension 'colcon_pkg'
[0.248s] Level 1:colcon.colcon_core.package_identification:_identify(src/palletrone_controller) by extensions ['colcon_meta']
[0.248s] Level 1:colcon.colcon_core.package_identification:_identify(src/palletrone_controller) by extension 'colcon_meta'
[0.249s] Level 1:colcon.colcon_core.package_identification:_identify(src/palletrone_controller) by extensions ['ros']
[0.249s] Level 1:colcon.colcon_core.package_identification:_identify(src/palletrone_controller) by extension 'ros'
[0.249s] DEBUG:colcon.colcon_core.package_identification:Package 'src/palletrone_controller' with type 'ros.ament_cmake' and name 'palletrone_controller'
[0.249s] Level 1:colcon.colcon_core.package_identification:_identify(src/palletrone_interfaces) by extensions ['ignore', 'ignore_ament_install']
[0.249s] Level 1:colcon.colcon_core.package_identification:_identify(src/palletrone_interfaces) by extension 'ignore'
[0.249s] Level 1:colcon.colcon_core.package_identification:_identify(src/palletrone_interfaces) by extension 'ignore_ament_install'
[0.249s] Level 1:colcon.colcon_core.package_identification:_identify(src/palletrone_interfaces) by extensions ['colcon_pkg']
[0.249s] Level 1:colcon.colcon_core.package_identification:_identify(src/palletrone_interfaces) by extension 'colcon_pkg'
[0.249s] Level 1:colcon.colcon_core.package_identification:_identify(src/palletrone_interfaces) by extensions ['colcon_meta']
[0.249s] Level 1:colcon.colcon_core.package_identification:_identify(src/palletrone_interfaces) by extension 'colcon_meta'
[0.249s] Level 1:colcon.colcon_core.package_identification:_identify(src/palletrone_interfaces) by extensions ['ros']
[0.249s] Level 1:colcon.colcon_core.package_identification:_identify(src/palletrone_interfaces) by extension 'ros'
[0.250s] DEBUG:colcon.colcon_core.package_identification:Package 'src/palletrone_interfaces' with type 'ros.ament_cmake' and name 'palletrone_interfaces'
[0.250s] Level 1:colcon.colcon_core.package_identification:_identify(src/plant) by extensions ['ignore', 'ignore_ament_install']
[0.250s] Level 1:colcon.colcon_core.package_identification:_identify(src/plant) by extension 'ignore'
[0.250s] Level 1:colcon.colcon_core.package_identification:_identify(src/plant) by extension 'ignore_ament_install'
[0.250s] Level 1:colcon.colcon_core.package_identification:_identify(src/plant) by extensions ['colcon_pkg']
[0.250s] Level 1:colcon.colcon_core.package_identification:_identify(src/plant) by extension 'colcon_pkg'
[0.250s] Level 1:colcon.colcon_core.package_identification:_identify(src/plant) by extensions ['colcon_meta']
[0.250s] Level 1:colcon.colcon_core.package_identification:_identify(src/plant) by extension 'colcon_meta'
[0.250s] Level 1:colcon.colcon_core.package_identification:_identify(src/plant) by extensions ['ros']
[0.250s] Level 1:colcon.colcon_core.package_identification:_identify(src/plant) by extension 'ros'
[0.251s] DEBUG:colcon.colcon_core.package_identification:Package 'src/plant' with type 'ros.ament_python' and name 'plant'
[0.251s] Level 1:colcon.colcon_core.package_discovery:discover_packages(recursive) using defaults
[0.251s] Level 1:colcon.colcon_core.package_discovery:discover_packages(ignore) discover
[0.251s] Level 1:colcon.colcon_core.package_discovery:discover_packages(ignore) using defaults
[0.251s] Level 1:colcon.colcon_core.package_discovery:discover_packages(path) discover
[0.251s] Level 1:colcon.colcon_core.package_discovery:discover_packages(path) using defaults
[0.274s] Level 1:colcon.colcon_core.package_discovery:discover_packages(prefix_path) check parameters
[0.274s] Level 1:colcon.colcon_core.package_discovery:discover_packages(prefix_path) discover
[0.276s] DEBUG:colcon.colcon_installed_package_information.package_discovery:Found 6 installed packages in /home/sshyuk/ros2_ws/install
[0.276s] DEBUG:colcon.colcon_installed_package_information.package_discovery:Found 296 installed packages in /opt/ros/humble
[0.277s] Level 1:colcon.colcon_core.package_discovery:discover_packages(prefix_path) using defaults
[0.301s] Level 5:colcon.colcon_core.verb:set package 'palletrone_interfaces' build argument 'cmake_args' from command line to 'None'
[0.301s] Level 5:colcon.colcon_core.verb:set package 'palletrone_interfaces' build argument 'cmake_target' from command line to 'None'
[0.301s] Level 5:colcon.colcon_core.verb:set package 'palletrone_interfaces' build argument 'cmake_target_skip_unavailable' from command line to 'False'
[0.301s] Level 5:colcon.colcon_core.verb:set package 'palletrone_interfaces' build argument 'cmake_clean_cache' from command line to 'False'
[0.301s] Level 5:colcon.colcon_core.verb:set package 'palletrone_interfaces' build argument 'cmake_clean_first' from command line to 'False'
[0.301s] Level 5:colcon.colcon_core.verb:set package 'palletrone_interfaces' build argument 'cmake_force_configure' from command line to 'False'
[0.301s] Level 5:colcon.colcon_core.verb:set package 'palletrone_interfaces' build argument 'ament_cmake_args' from command line to 'None'
[0.301s] Level 5:colcon.colcon_core.verb:set package 'palletrone_interfaces' build argument 'catkin_cmake_args' from command line to 'None'
[0.301s] Level 5:colcon.colcon_core.verb:set package 'palletrone_interfaces' build argument 'catkin_skip_building_tests' from command line to 'False'
[0.301s] DEBUG:colcon.colcon_core.verb:Building package 'palletrone_interfaces' with the following arguments: {'ament_cmake_args': None, 'build_base': '/home/sshyuk/palletrone_ws/build/palletrone_interfaces', 'catkin_cmake_args': None, 'catkin_skip_building_tests': False, 'cmake_args': None, 'cmake_clean_cache': False, 'cmake_clean_first': False, 'cmake_force_configure': False, 'cmake_target': None, 'cmake_target_skip_unavailable': False, 'install_base': '/home/sshyuk/palletrone_ws/install/palletrone_interfaces', 'merge_install': False, 'path': '/home/sshyuk/palletrone_ws/src/palletrone_interfaces', 'symlink_install': False, 'test_result_base': None}
[0.301s] Level 5:colcon.colcon_core.verb:set package 'palletrone_cmd' build argument 'cmake_args' from command line to 'None'
[0.301s] Level 5:colcon.colcon_core.verb:set package 'palletrone_cmd' build argument 'cmake_target' from command line to 'None'
[0.301s] Level 5:colcon.colcon_core.verb:set package 'palletrone_cmd' build argument 'cmake_target_skip_unavailable' from command line to 'False'
[0.302s] Level 5:colcon.colcon_core.verb:set package 'palletrone_cmd' build argument 'cmake_clean_cache' from command line to 'False'
[0.302s] Level 5:colcon.colcon_core.verb:set package 'palletrone_cmd' build argument 'cmake_clean_first' from command line to 'False'
[0.302s] Level 5:colcon.colcon_core.verb:set package 'palletrone_cmd' build argument 'cmake_force_configure' from command line to 'False'
[0.302s] Level 5:colcon.colcon_core.verb:set package 'palletrone_cmd' build argument 'ament_cmake_args' from command line to 'None'
[0.302s] Level 5:colcon.colcon_core.verb:set package 'palletrone_cmd' build argument 'catkin_cmake_args' from command line to 'None'
[0.302s] Level 5:colcon.colcon_core.verb:set package 'palletrone_cmd' build argument 'catkin_skip_building_tests' from command line to 'False'
[0.302s] DEBUG:colcon.colcon_core.verb:Building package 'palletrone_cmd' with the following arguments: {'ament_cmake_args': None, 'build_base': '/home/sshyuk/palletrone_ws/build/palletrone_cmd', 'catkin_cmake_args': None, 'catkin_skip_building_tests': False, 'cmake_args': None, 'cmake_clean_cache': False, 'cmake_clean_first': False, 'cmake_force_configure': False, 'cmake_target': None, 'cmake_target_skip_unavailable': False, 'install_base': '/home/sshyuk/palletrone_ws/install/palletrone_cmd', 'merge_install': False, 'path': '/home/sshyuk/palletrone_ws/src/palletrone_cmd', 'symlink_install': False, 'test_result_base': None}
[0.302s] Level 5:colcon.colcon_core.verb:set package 'palletrone_controller' build argument 'cmake_args' from command line to 'None'
[0.302s] Level 5:colcon.colcon_core.verb:set package 'palletrone_controller' build argument 'cmake_target' from command line to 'None'
[0.302s] Level 5:colcon.colcon_core.verb:set package 'palletrone_controller' build argument 'cmake_target_skip_unavailable' from command line to 'False'
[0.302s] Level 5:colcon.colcon_core.verb:set package 'palletrone_controller' build argument 'cmake_clean_cache' from command line to 'False'
[0.302s] Level 5:colcon.colcon_core.verb:set package 'palletrone_controller' build argument 'cmake_clean_first' from command line to 'False'
[0.302s] Level 5:colcon.colcon_core.verb:set package 'palletrone_controller' build argument 'cmake_force_configure' from command line to 'False'
[0.302s] Level 5:colcon.colcon_core.verb:set package 'palletrone_controller' build argument 'ament_cmake_args' from command line to 'None'
[0.302s] Level 5:colcon.colcon_core.verb:set package 'palletrone_controller' build argument 'catkin_cmake_args' from command line to 'None'
[0.302s] Level 5:colcon.colcon_core.verb:set package 'palletrone_controller' build argument 'catkin_skip_building_tests' from command line to 'False'
[0.302s] DEBUG:colcon.colcon_core.verb:Building package 'palletrone_controller' with the following arguments: {'ament_cmake_args': None, 'build_base': '/home/sshyuk/palletrone_ws/build/palletrone_controller', 'catkin_cmake_args': None, 'catkin_skip_building_tests': False, 'cmake_args': None, 'cmake_clean_cache': False, 'cmake_clean_first': False, 'cmake_force_configure': False, 'cmake_target': None, 'cmake_target_skip_unavailable': False, 'install_base': '/home/sshyuk/palletrone_ws/install/palletrone_controller', 'merge_install': False, 'path': '/home/sshyuk/palletrone_ws/src/palletrone_controller', 'symlink_install': False, 'test_result_base': None}
[0.302s] Level 5:colcon.colcon_core.verb:set package 'plant' build argument 'cmake_args' from command line to 'None'
[0.302s] Level 5:colcon.colcon_core.verb:set package 'plant' build argument 'cmake_target' from command line to 'None'
[0.302s] Level 5:colcon.colcon_core.verb:set package 'plant' build argument 'cmake_target_skip_unavailable' from command line to 'False'
[0.302s] Level 5:colcon.colcon_core.verb:set package 'plant' build argument 'cmake_clean_cache' from command line to 'False'
[0.302s] Level 5:colcon.colcon_core.verb:set package 'plant' build argument 'cmake_clean_first' from command line to 'False'
[0.302s] Level 5:colcon.colcon_core.verb:set package 'plant' build argument 'cmake_force_configure' from command line to 'False'
[0.302s] Level 5:colcon.colcon_core.verb:set package 'plant' build argument 'ament_cmake_args' from command line to 'None'
[0.302s] Level 5:colcon.colcon_core.verb:set package 'plant' build argument 'catkin_cmake_args' from command line to 'None'
[0.302s] Level 5:colcon.colcon_core.verb:set package 'plant' build argument 'catkin_skip_building_tests' from command line to 'False'
[0.302s] DEBUG:colcon.colcon_core.verb:Building package 'plant' with the following arguments: {'ament_cmake_args': None, 'build_base': '/home/sshyuk/palletrone_ws/build/plant', 'catkin_cmake_args': None, 'catkin_skip_building_tests': False, 'cmake_args': None, 'cmake_clean_cache': False, 'cmake_clean_first': False, 'cmake_force_configure': False, 'cmake_target': None, 'cmake_target_skip_unavailable': False, 'install_base': '/home/sshyuk/palletrone_ws/install/plant', 'merge_install': False, 'path': '/home/sshyuk/palletrone_ws/src/plant', 'symlink_install': False, 'test_result_base': None}
[0.302s] INFO:colcon.colcon_core.executor:Executing jobs using 'parallel' executor
[0.303s] DEBUG:colcon.colcon_parallel_executor.executor.parallel:run_until_complete
[0.303s] INFO:colcon.colcon_ros.task.ament_cmake.build:Building ROS package in '/home/sshyuk/palletrone_ws/src/palletrone_interfaces' with build type 'ament_cmake'
[0.304s] INFO:colcon.colcon_cmake.task.cmake.build:Building CMake package in '/home/sshyuk/palletrone_ws/src/palletrone_interfaces'
[0.306s] INFO:colcon.colcon_core.plugin_system:Skipping extension 'colcon_core.shell.bat': Not used on non-Windows systems
[0.306s] INFO:colcon.colcon_core.shell:Skip shell extension 'powershell' for command environment: Not usable outside of PowerShell
[0.306s] DEBUG:colcon.colcon_core.shell:Skip shell extension 'dsv' for command environment
[0.312s] DEBUG:colcon.colcon_core.event_handler.log_command:Invoking command in '/home/sshyuk/palletrone_ws/build/palletrone_interfaces': CMAKE_PREFIX_PATH=${CMAKE_PREFIX_PATH}:/home/sshyuk/ros2_ws/install/keyboard:/home/sshyuk/ros2_ws/install/inchworm:/home/sshyuk/ros2_ws/install/gimbal_utils:/opt/ros/humble /usr/bin/cmake /home/sshyuk/palletrone_ws/src/palletrone_interfaces -DCMAKE_INSTALL_PREFIX=/home/sshyuk/palletrone_ws/install/palletrone_interfaces
[1.860s] DEBUG:colcon.colcon_core.event_handler.log_command:Invoked command in '/home/sshyuk/palletrone_ws/build/palletrone_interfaces' returned '0': CMAKE_PREFIX_PATH=${CMAKE_PREFIX_PATH}:/home/sshyuk/ros2_ws/install/keyboard:/home/sshyuk/ros2_ws/install/inchworm:/home/sshyuk/ros2_ws/install/gimbal_utils:/opt/ros/humble /usr/bin/cmake /home/sshyuk/palletrone_ws/src/palletrone_interfaces -DCMAKE_INSTALL_PREFIX=/home/sshyuk/palletrone_ws/install/palletrone_interfaces
[1.863s] DEBUG:colcon.colcon_core.event_handler.log_command:Invoking command in '/home/sshyuk/palletrone_ws/build/palletrone_interfaces': CMAKE_PREFIX_PATH=${CMAKE_PREFIX_PATH}:/home/sshyuk/ros2_ws/install/keyboard:/home/sshyuk/ros2_ws/install/inchworm:/home/sshyuk/ros2_ws/install/gimbal_utils:/opt/ros/humble /usr/bin/cmake --build /home/sshyuk/palletrone_ws/build/palletrone_interfaces -- -j20 -l20
[4.683s] DEBUG:colcon.colcon_core.event_handler.log_command:Invoked command in '/home/sshyuk/palletrone_ws/build/palletrone_interfaces' returned '0': CMAKE_PREFIX_PATH=${CMAKE_PREFIX_PATH}:/home/sshyuk/ros2_ws/install/keyboard:/home/sshyuk/ros2_ws/install/inchworm:/home/sshyuk/ros2_ws/install/gimbal_utils:/opt/ros/humble /usr/bin/cmake --build /home/sshyuk/palletrone_ws/build/palletrone_interfaces -- -j20 -l20
[4.695s] DEBUG:colcon.colcon_core.event_handler.log_command:Invoking command in '/home/sshyuk/palletrone_ws/build/palletrone_interfaces': CMAKE_PREFIX_PATH=${CMAKE_PREFIX_PATH}:/home/sshyuk/ros2_ws/install/keyboard:/home/sshyuk/ros2_ws/install/inchworm:/home/sshyuk/ros2_ws/install/gimbal_utils:/opt/ros/humble /usr/bin/cmake --install /home/sshyuk/palletrone_ws/build/palletrone_interfaces
[4.751s] Level 1:colcon.colcon_core.environment:create_environment_scripts_only(palletrone_interfaces)
[4.752s] DEBUG:colcon.colcon_core.event_handler.log_command:Invoked command in '/home/sshyuk/palletrone_ws/build/palletrone_interfaces' returned '0': CMAKE_PREFIX_PATH=${CMAKE_PREFIX_PATH}:/home/sshyuk/ros2_ws/install/keyboard:/home/sshyuk/ros2_ws/install/inchworm:/home/sshyuk/ros2_ws/install/gimbal_utils:/opt/ros/humble /usr/bin/cmake --install /home/sshyuk/palletrone_ws/build/palletrone_interfaces
[4.756s] Level 1:colcon.colcon_core.environment:checking '/home/sshyuk/palletrone_ws/install/palletrone_interfaces' for CMake module files
[4.756s] Level 1:colcon.colcon_core.environment:checking '/home/sshyuk/palletrone_ws/install/palletrone_interfaces' for CMake config files
[4.757s] Level 1:colcon.colcon_core.shell:create_environment_hook('palletrone_interfaces', 'cmake_prefix_path')
[4.757s] INFO:colcon.colcon_core.shell:Creating environment hook '/home/sshyuk/palletrone_ws/install/palletrone_interfaces/share/palletrone_interfaces/hook/cmake_prefix_path.ps1'
[4.757s] INFO:colcon.colcon_core.shell:Creating environment descriptor '/home/sshyuk/palletrone_ws/install/palletrone_interfaces/share/palletrone_interfaces/hook/cmake_prefix_path.dsv'
[4.758s] INFO:colcon.colcon_core.shell:Creating environment hook '/home/sshyuk/palletrone_ws/install/palletrone_interfaces/share/palletrone_interfaces/hook/cmake_prefix_path.sh'
[4.758s] Level 1:colcon.colcon_core.environment:checking '/home/sshyuk/palletrone_ws/install/palletrone_interfaces/lib'
[4.758s] Level 1:colcon.colcon_core.shell:create_environment_hook('palletrone_interfaces', 'ld_library_path_lib')
[4.759s] INFO:colcon.colcon_core.shell:Creating environment hook '/home/sshyuk/palletrone_ws/install/palletrone_interfaces/share/palletrone_interfaces/hook/ld_library_path_lib.ps1'
[4.759s] INFO:colcon.colcon_core.shell:Creating environment descriptor '/home/sshyuk/palletrone_ws/install/palletrone_interfaces/share/palletrone_interfaces/hook/ld_library_path_lib.dsv'
[4.759s] INFO:colcon.colcon_core.shell:Creating environment hook '/home/sshyuk/palletrone_ws/install/palletrone_interfaces/share/palletrone_interfaces/hook/ld_library_path_lib.sh'
[4.759s] Level 1:colcon.colcon_core.environment:checking '/home/sshyuk/palletrone_ws/install/palletrone_interfaces/bin'
[4.759s] Level 1:colcon.colcon_core.environment:checking '/home/sshyuk/palletrone_ws/install/palletrone_interfaces/lib/pkgconfig/palletrone_interfaces.pc'
[4.759s] Level 1:colcon.colcon_core.environment:checking '/home/sshyuk/palletrone_ws/install/palletrone_interfaces/lib/python3.10/site-packages'
[4.759s] Level 1:colcon.colcon_core.environment:checking '/home/sshyuk/palletrone_ws/install/palletrone_interfaces/bin'
[4.760s] INFO:colcon.colcon_core.shell:Creating package script '/home/sshyuk/palletrone_ws/install/palletrone_interfaces/share/palletrone_interfaces/package.ps1'
[4.760s] INFO:colcon.colcon_core.shell:Creating package descriptor '/home/sshyuk/palletrone_ws/install/palletrone_interfaces/share/palletrone_interfaces/package.dsv'
[4.761s] INFO:colcon.colcon_core.shell:Creating package script '/home/sshyuk/palletrone_ws/install/palletrone_interfaces/share/palletrone_interfaces/package.sh'
[4.761s] INFO:colcon.colcon_core.shell:Creating package script '/home/sshyuk/palletrone_ws/install/palletrone_interfaces/share/palletrone_interfaces/package.bash'
[4.762s] INFO:colcon.colcon_core.shell:Creating package script '/home/sshyuk/palletrone_ws/install/palletrone_interfaces/share/palletrone_interfaces/package.zsh'
[4.762s] Level 1:colcon.colcon_core.environment:create_file_with_runtime_dependencies(/home/sshyuk/palletrone_ws/install/palletrone_interfaces/share/colcon-core/packages/palletrone_interfaces)
[4.762s] Level 1:colcon.colcon_core.environment:create_environment_scripts_only(palletrone_interfaces)
[4.763s] Level 1:colcon.colcon_core.environment:checking '/home/sshyuk/palletrone_ws/install/palletrone_interfaces' for CMake module files
[4.763s] Level 1:colcon.colcon_core.environment:checking '/home/sshyuk/palletrone_ws/install/palletrone_interfaces' for CMake config files
[4.763s] Level 1:colcon.colcon_core.shell:create_environment_hook('palletrone_interfaces', 'cmake_prefix_path')
[4.763s] INFO:colcon.colcon_core.shell:Creating environment hook '/home/sshyuk/palletrone_ws/install/palletrone_interfaces/share/palletrone_interfaces/hook/cmake_prefix_path.ps1'
[4.763s] INFO:colcon.colcon_core.shell:Creating environment descriptor '/home/sshyuk/palletrone_ws/install/palletrone_interfaces/share/palletrone_interfaces/hook/cmake_prefix_path.dsv'
[4.764s] INFO:colcon.colcon_core.shell:Creating environment hook '/home/sshyuk/palletrone_ws/install/palletrone_interfaces/share/palletrone_interfaces/hook/cmake_prefix_path.sh'
[4.764s] Level 1:colcon.colcon_core.environment:checking '/home/sshyuk/palletrone_ws/install/palletrone_interfaces/lib'
[4.764s] Level 1:colcon.colcon_core.shell:create_environment_hook('palletrone_interfaces', 'ld_library_path_lib')
[4.764s] INFO:colcon.colcon_core.shell:Creating environment hook '/home/sshyuk/palletrone_ws/install/palletrone_interfaces/share/palletrone_interfaces/hook/ld_library_path_lib.ps1'
[4.764s] INFO:colcon.colcon_core.shell:Creating environment descriptor '/home/sshyuk/palletrone_ws/install/palletrone_interfaces/share/palletrone_interfaces/hook/ld_library_path_lib.dsv'
[4.764s] INFO:colcon.colcon_core.shell:Creating environment hook '/home/sshyuk/palletrone_ws/install/palletrone_interfaces/share/palletrone_interfaces/hook/ld_library_path_lib.sh'
[4.765s] Level 1:colcon.colcon_core.environment:checking '/home/sshyuk/palletrone_ws/install/palletrone_interfaces/bin'
[4.765s] Level 1:colcon.colcon_core.environment:checking '/home/sshyuk/palletrone_ws/install/palletrone_interfaces/lib/pkgconfig/palletrone_interfaces.pc'
[4.765s] Level 1:colcon.colcon_core.environment:checking '/home/sshyuk/palletrone_ws/install/palletrone_interfaces/lib/python3.10/site-packages'
[4.765s] Level 1:colcon.colcon_core.environment:checking '/home/sshyuk/palletrone_ws/install/palletrone_interfaces/bin'
[4.765s] INFO:colcon.colcon_core.shell:Creating package script '/home/sshyuk/palletrone_ws/install/palletrone_interfaces/share/palletrone_interfaces/package.ps1'
[4.766s] INFO:colcon.colcon_core.shell:Creating package descriptor '/home/sshyuk/palletrone_ws/install/palletrone_interfaces/share/palletrone_interfaces/package.dsv'
[4.766s] INFO:colcon.colcon_core.shell:Creating package script '/home/sshyuk/palletrone_ws/install/palletrone_interfaces/share/palletrone_interfaces/package.sh'
[4.766s] INFO:colcon.colcon_core.shell:Creating package script '/home/sshyuk/palletrone_ws/install/palletrone_interfaces/share/palletrone_interfaces/package.bash'
[4.766s] INFO:colcon.colcon_core.shell:Creating package script '/home/sshyuk/palletrone_ws/install/palletrone_interfaces/share/palletrone_interfaces/package.zsh'
[4.766s] Level 1:colcon.colcon_core.environment:create_file_with_runtime_dependencies(/home/sshyuk/palletrone_ws/install/palletrone_interfaces/share/colcon-core/packages/palletrone_interfaces)
[4.767s] INFO:colcon.colcon_ros.task.ament_cmake.build:Building ROS package in '/home/sshyuk/palletrone_ws/src/palletrone_cmd' with build type 'ament_cmake'
[4.767s] INFO:colcon.colcon_cmake.task.cmake.build:Building CMake package in '/home/sshyuk/palletrone_ws/src/palletrone_cmd'
[4.767s] INFO:colcon.colcon_core.shell:Skip shell extension 'powershell' for command environment: Not usable outside of PowerShell
[4.767s] DEBUG:colcon.colcon_core.shell:Skip shell extension 'dsv' for command environment
[4.769s] INFO:colcon.colcon_ros.task.ament_cmake.build:Building ROS package in '/home/sshyuk/palletrone_ws/src/palletrone_controller' with build type 'ament_cmake'
[4.769s] INFO:colcon.colcon_cmake.task.cmake.build:Building CMake package in '/home/sshyuk/palletrone_ws/src/palletrone_controller'
[4.769s] INFO:colcon.colcon_core.shell:Skip shell extension 'powershell' for command environment: Not usable outside of PowerShell
[4.769s] DEBUG:colcon.colcon_core.shell:Skip shell extension 'dsv' for command environment
[4.771s] INFO:colcon.colcon_ros.task.ament_python.build:Building ROS package in '/home/sshyuk/palletrone_ws/src/plant' with build type 'ament_python'
[4.771s] Level 1:colcon.colcon_core.shell:create_environment_hook('plant', 'ament_prefix_path')
[4.771s] INFO:colcon.colcon_core.shell:Creating environment hook '/home/sshyuk/palletrone_ws/install/plant/share/plant/hook/ament_prefix_path.ps1'
[4.772s] INFO:colcon.colcon_core.shell:Creating environment descriptor '/home/sshyuk/palletrone_ws/install/plant/share/plant/hook/ament_prefix_path.dsv'
[4.772s] INFO:colcon.colcon_core.shell:Creating environment hook '/home/sshyuk/palletrone_ws/install/plant/share/plant/hook/ament_prefix_path.sh'
[4.772s] INFO:colcon.colcon_core.shell:Skip shell extension 'powershell' for command environment: Not usable outside of PowerShell
[4.772s] DEBUG:colcon.colcon_core.shell:Skip shell extension 'dsv' for command environment
[4.777s] DEBUG:colcon.colcon_core.event_handler.log_command:Invoking command in '/home/sshyuk/palletrone_ws/build/palletrone_cmd': AMENT_PREFIX_PATH=/home/sshyuk/palletrone_ws/install/palletrone_interfaces:${AMENT_PREFIX_PATH} CMAKE_PREFIX_PATH=/home/sshyuk/palletrone_ws/install/palletrone_interfaces:/home/sshyuk/ros2_ws/install/motion_capture_tracking:/home/sshyuk/ros2_ws/install/motion_capture_tracking_interfaces:/home/sshyuk/ros2_ws/install/crawling_robot_controller:/home/sshyuk/ros2_ws/install/keyboard:/home/sshyuk/ros2_ws/install/inchworm:/home/sshyuk/ros2_ws/install/gimbal_utils:/opt/ros/humble LD_LIBRARY_PATH=/home/sshyuk/palletrone_ws/install/palletrone_interfaces/lib:${LD_LIBRARY_PATH} PYTHONPATH=/home/sshyuk/palletrone_ws/install/palletrone_interfaces/local/lib/python3.10/dist-packages:${PYTHONPATH} /usr/bin/cmake /home/sshyuk/palletrone_ws/src/palletrone_cmd -DCMAKE_INSTALL_PREFIX=/home/sshyuk/palletrone_ws/install/palletrone_cmd
[4.779s] DEBUG:colcon.colcon_core.event_handler.log_command:Invoking command in '/home/sshyuk/palletrone_ws/build/palletrone_controller': AMENT_PREFIX_PATH=/home/sshyuk/palletrone_ws/install/palletrone_interfaces:${AMENT_PREFIX_PATH} CMAKE_PREFIX_PATH=/home/sshyuk/palletrone_ws/install/palletrone_interfaces:/home/sshyuk/ros2_ws/install/motion_capture_tracking:/home/sshyuk/ros2_ws/install/motion_capture_tracking_interfaces:/home/sshyuk/ros2_ws/install/crawling_robot_controller:/home/sshyuk/ros2_ws/install/keyboard:/home/sshyuk/ros2_ws/install/inchworm:/home/sshyuk/ros2_ws/install/gimbal_utils:/opt/ros/humble LD_LIBRARY_PATH=/home/sshyuk/palletrone_ws/install/palletrone_interfaces/lib:${LD_LIBRARY_PATH} PYTHONPATH=/home/sshyuk/palletrone_ws/install/palletrone_interfaces/local/lib/python3.10/dist-packages:${PYTHONPATH} /usr/bin/cmake /home/sshyuk/palletrone_ws/src/palletrone_controller -DCMAKE_INSTALL_PREFIX=/home/sshyuk/palletrone_ws/install/palletrone_controller
[4.940s] INFO:colcon.colcon_core.task.python.build:Building Python package in '/home/sshyuk/palletrone_ws/src/plant'
[4.940s] INFO:colcon.colcon_core.shell:Skip shell extension 'powershell' for command environment: Not usable outside of PowerShell
[4.940s] DEBUG:colcon.colcon_core.shell:Skip shell extension 'dsv' for command environment
[5.171s] DEBUG:colcon.colcon_core.event_handler.log_command:Invoking command in '/home/sshyuk/palletrone_ws/src/plant': AMENT_PREFIX_PATH=/home/sshyuk/palletrone_ws/install/palletrone_interfaces:${AMENT_PREFIX_PATH} CMAKE_PREFIX_PATH=/home/sshyuk/palletrone_ws/install/palletrone_interfaces:${CMAKE_PREFIX_PATH} LD_LIBRARY_PATH=/home/sshyuk/palletrone_ws/install/palletrone_interfaces/lib:${LD_LIBRARY_PATH} PYTHONPATH=/home/sshyuk/palletrone_ws/build/plant/prefix_override:/usr/lib/python3/dist-packages/colcon_core/task/python/colcon_distutils_commands:/home/sshyuk/palletrone_ws/install/plant/lib/python3.10/site-packages:/home/sshyuk/palletrone_ws/install/palletrone_interfaces/local/lib/python3.10/dist-packages:${PYTHONPATH} /usr/bin/python3 -W ignore:setup.py install is deprecated -W ignore:easy_install command is deprecated setup.py egg_info --egg-base ../../build/plant build --build-base /home/sshyuk/palletrone_ws/build/plant/build install --record /home/sshyuk/palletrone_ws/build/plant/install.log --single-version-externally-managed install_data
[5.365s] Level 1:colcon.colcon_core.environment:checking '/home/sshyuk/palletrone_ws/install/plant' for CMake module files
[5.366s] DEBUG:colcon.colcon_core.event_handler.log_command:Invoked command in '/home/sshyuk/palletrone_ws/src/plant' returned '0': AMENT_PREFIX_PATH=/home/sshyuk/palletrone_ws/install/palletrone_interfaces:${AMENT_PREFIX_PATH} CMAKE_PREFIX_PATH=/home/sshyuk/palletrone_ws/install/palletrone_interfaces:${CMAKE_PREFIX_PATH} LD_LIBRARY_PATH=/home/sshyuk/palletrone_ws/install/palletrone_interfaces/lib:${LD_LIBRARY_PATH} PYTHONPATH=/home/sshyuk/palletrone_ws/build/plant/prefix_override:/usr/lib/python3/dist-packages/colcon_core/task/python/colcon_distutils_commands:/home/sshyuk/palletrone_ws/install/plant/lib/python3.10/site-packages:/home/sshyuk/palletrone_ws/install/palletrone_interfaces/local/lib/python3.10/dist-packages:${PYTHONPATH} /usr/bin/python3 -W ignore:setup.py install is deprecated -W ignore:easy_install command is deprecated setup.py egg_info --egg-base ../../build/plant build --build-base /home/sshyuk/palletrone_ws/build/plant/build install --record /home/sshyuk/palletrone_ws/build/plant/install.log --single-version-externally-managed install_data
[5.366s] Level 1:colcon.colcon_core.environment:checking '/home/sshyuk/palletrone_ws/install/plant' for CMake config files
[5.366s] Level 1:colcon.colcon_core.environment:checking '/home/sshyuk/palletrone_ws/install/plant/lib'
[5.366s] Level 1:colcon.colcon_core.environment:checking '/home/sshyuk/palletrone_ws/install/plant/bin'
[5.366s] Level 1:colcon.colcon_core.environment:checking '/home/sshyuk/palletrone_ws/install/plant/lib/pkgconfig/plant.pc'
[5.366s] Level 1:colcon.colcon_core.environment:checking '/home/sshyuk/palletrone_ws/install/plant/lib/python3.10/site-packages'
[5.366s] Level 1:colcon.colcon_core.shell:create_environment_hook('plant', 'pythonpath')
[5.367s] INFO:colcon.colcon_core.shell:Creating environment hook '/home/sshyuk/palletrone_ws/install/plant/share/plant/hook/pythonpath.ps1'
[5.367s] INFO:colcon.colcon_core.shell:Creating environment descriptor '/home/sshyuk/palletrone_ws/install/plant/share/plant/hook/pythonpath.dsv'
[5.367s] INFO:colcon.colcon_core.shell:Creating environment hook '/home/sshyuk/palletrone_ws/install/plant/share/plant/hook/pythonpath.sh'
[5.368s] Level 1:colcon.colcon_core.environment:checking '/home/sshyuk/palletrone_ws/install/plant/bin'
[5.368s] Level 1:colcon.colcon_core.environment:create_environment_scripts_only(plant)
[5.368s] INFO:colcon.colcon_core.shell:Creating package script '/home/sshyuk/palletrone_ws/install/plant/share/plant/package.ps1'
[5.368s] INFO:colcon.colcon_core.shell:Creating package descriptor '/home/sshyuk/palletrone_ws/install/plant/share/plant/package.dsv'
[5.368s] INFO:colcon.colcon_core.shell:Creating package script '/home/sshyuk/palletrone_ws/install/plant/share/plant/package.sh'
[5.369s] INFO:colcon.colcon_core.shell:Creating package script '/home/sshyuk/palletrone_ws/install/plant/share/plant/package.bash'
[5.369s] INFO:colcon.colcon_core.shell:Creating package script '/home/sshyuk/palletrone_ws/install/plant/share/plant/package.zsh'
[5.369s] Level 1:colcon.colcon_core.environment:create_file_with_runtime_dependencies(/home/sshyuk/palletrone_ws/install/plant/share/colcon-core/packages/plant)
[5.665s] DEBUG:colcon.colcon_core.event_handler.log_command:Invoked command in '/home/sshyuk/palletrone_ws/build/palletrone_cmd' returned '0': AMENT_PREFIX_PATH=/home/sshyuk/palletrone_ws/install/palletrone_interfaces:${AMENT_PREFIX_PATH} CMAKE_PREFIX_PATH=/home/sshyuk/palletrone_ws/install/palletrone_interfaces:/home/sshyuk/ros2_ws/install/motion_capture_tracking:/home/sshyuk/ros2_ws/install/motion_capture_tracking_interfaces:/home/sshyuk/ros2_ws/install/crawling_robot_controller:/home/sshyuk/ros2_ws/install/keyboard:/home/sshyuk/ros2_ws/install/inchworm:/home/sshyuk/ros2_ws/install/gimbal_utils:/opt/ros/humble LD_LIBRARY_PATH=/home/sshyuk/palletrone_ws/install/palletrone_interfaces/lib:${LD_LIBRARY_PATH} PYTHONPATH=/home/sshyuk/palletrone_ws/install/palletrone_interfaces/local/lib/python3.10/dist-packages:${PYTHONPATH} /usr/bin/cmake /home/sshyuk/palletrone_ws/src/palletrone_cmd -DCMAKE_INSTALL_PREFIX=/home/sshyuk/palletrone_ws/install/palletrone_cmd
[5.667s] DEBUG:colcon.colcon_core.event_handler.log_command:Invoking command in '/home/sshyuk/palletrone_ws/build/palletrone_cmd': AMENT_PREFIX_PATH=/home/sshyuk/palletrone_ws/install/palletrone_interfaces:${AMENT_PREFIX_PATH} CMAKE_PREFIX_PATH=/home/sshyuk/palletrone_ws/install/palletrone_interfaces:/home/sshyuk/ros2_ws/install/motion_capture_tracking:/home/sshyuk/ros2_ws/install/motion_capture_tracking_interfaces:/home/sshyuk/ros2_ws/install/crawling_robot_controller:/home/sshyuk/ros2_ws/install/keyboard:/home/sshyuk/ros2_ws/install/inchworm:/home/sshyuk/ros2_ws/install/gimbal_utils:/opt/ros/humble LD_LIBRARY_PATH=/home/sshyuk/palletrone_ws/install/palletrone_interfaces/lib:${LD_LIBRARY_PATH} PYTHONPATH=/home/sshyuk/palletrone_ws/install/palletrone_interfaces/local/lib/python3.10/dist-packages:${PYTHONPATH} /usr/bin/cmake --build /home/sshyuk/palletrone_ws/build/palletrone_cmd -- -j20 -l20
[5.681s] DEBUG:colcon.colcon_core.event_handler.log_command:Invoked command in '/home/sshyuk/palletrone_ws/build/palletrone_controller' returned '0': AMENT_PREFIX_PATH=/home/sshyuk/palletrone_ws/install/palletrone_interfaces:${AMENT_PREFIX_PATH} CMAKE_PREFIX_PATH=/home/sshyuk/palletrone_ws/install/palletrone_interfaces:/home/sshyuk/ros2_ws/install/motion_capture_tracking:/home/sshyuk/ros2_ws/install/motion_capture_tracking_interfaces:/home/sshyuk/ros2_ws/install/crawling_robot_controller:/home/sshyuk/ros2_ws/install/keyboard:/home/sshyuk/ros2_ws/install/inchworm:/home/sshyuk/ros2_ws/install/gimbal_utils:/opt/ros/humble LD_LIBRARY_PATH=/home/sshyuk/palletrone_ws/install/palletrone_interfaces/lib:${LD_LIBRARY_PATH} PYTHONPATH=/home/sshyuk/palletrone_ws/install/palletrone_interfaces/local/lib/python3.10/dist-packages:${PYTHONPATH} /usr/bin/cmake /home/sshyuk/palletrone_ws/src/palletrone_controller -DCMAKE_INSTALL_PREFIX=/home/sshyuk/palletrone_ws/install/palletrone_controller
[5.681s] DEBUG:colcon.colcon_core.event_handler.log_command:Invoking command in '/home/sshyuk/palletrone_ws/build/palletrone_controller': AMENT_PREFIX_PATH=/home/sshyuk/palletrone_ws/install/palletrone_interfaces:${AMENT_PREFIX_PATH} CMAKE_PREFIX_PATH=/home/sshyuk/palletrone_ws/install/palletrone_interfaces:/home/sshyuk/ros2_ws/install/motion_capture_tracking:/home/sshyuk/ros2_ws/install/motion_capture_tracking_interfaces:/home/sshyuk/ros2_ws/install/crawling_robot_controller:/home/sshyuk/ros2_ws/install/keyboard:/home/sshyuk/ros2_ws/install/inchworm:/home/sshyuk/ros2_ws/install/gimbal_utils:/opt/ros/humble LD_LIBRARY_PATH=/home/sshyuk/palletrone_ws/install/palletrone_interfaces/lib:${LD_LIBRARY_PATH} PYTHONPATH=/home/sshyuk/palletrone_ws/install/palletrone_interfaces/local/lib/python3.10/dist-packages:${PYTHONPATH} /usr/bin/cmake --build /home/sshyuk/palletrone_ws/build/palletrone_controller -- -j20 -l20
[8.640s] DEBUG:colcon.colcon_core.event_handler.log_command:Invoked command in '/home/sshyuk/palletrone_ws/build/palletrone_cmd' returned '0': AMENT_PREFIX_PATH=/home/sshyuk/palletrone_ws/install/palletrone_interfaces:${AMENT_PREFIX_PATH} CMAKE_PREFIX_PATH=/home/sshyuk/palletrone_ws/install/palletrone_interfaces:/home/sshyuk/ros2_ws/install/motion_capture_tracking:/home/sshyuk/ros2_ws/install/motion_capture_tracking_interfaces:/home/sshyuk/ros2_ws/install/crawling_robot_controller:/home/sshyuk/ros2_ws/install/keyboard:/home/sshyuk/ros2_ws/install/inchworm:/home/sshyuk/ros2_ws/install/gimbal_utils:/opt/ros/humble LD_LIBRARY_PATH=/home/sshyuk/palletrone_ws/install/palletrone_interfaces/lib:${LD_LIBRARY_PATH} PYTHONPATH=/home/sshyuk/palletrone_ws/install/palletrone_interfaces/local/lib/python3.10/dist-packages:${PYTHONPATH} /usr/bin/cmake --build /home/sshyuk/palletrone_ws/build/palletrone_cmd -- -j20 -l20
[8.642s] DEBUG:colcon.colcon_core.event_handler.log_command:Invoking command in '/home/sshyuk/palletrone_ws/build/palletrone_cmd': AMENT_PREFIX_PATH=/home/sshyuk/palletrone_ws/install/palletrone_interfaces:${AMENT_PREFIX_PATH} CMAKE_PREFIX_PATH=/home/sshyuk/palletrone_ws/install/palletrone_interfaces:/home/sshyuk/ros2_ws/install/motion_capture_tracking:/home/sshyuk/ros2_ws/install/motion_capture_tracking_interfaces:/home/sshyuk/ros2_ws/install/crawling_robot_controller:/home/sshyuk/ros2_ws/install/keyboard:/home/sshyuk/ros2_ws/install/inchworm:/home/sshyuk/ros2_ws/install/gimbal_utils:/opt/ros/humble LD_LIBRARY_PATH=/home/sshyuk/palletrone_ws/install/palletrone_interfaces/lib:${LD_LIBRARY_PATH} PYTHONPATH=/home/sshyuk/palletrone_ws/install/palletrone_interfaces/local/lib/python3.10/dist-packages:${PYTHONPATH} /usr/bin/cmake --install /home/sshyuk/palletrone_ws/build/palletrone_cmd
[8.651s] Level 1:colcon.colcon_core.environment:create_environment_scripts_only(palletrone_cmd)
[8.651s] DEBUG:colcon.colcon_core.event_handler.log_command:Invoked command in '/home/sshyuk/palletrone_ws/build/palletrone_cmd' returned '0': AMENT_PREFIX_PATH=/home/sshyuk/palletrone_ws/install/palletrone_interfaces:${AMENT_PREFIX_PATH} CMAKE_PREFIX_PATH=/home/sshyuk/palletrone_ws/install/palletrone_interfaces:/home/sshyuk/ros2_ws/install/motion_capture_tracking:/home/sshyuk/ros2_ws/install/motion_capture_tracking_interfaces:/home/sshyuk/ros2_ws/install/crawling_robot_controller:/home/sshyuk/ros2_ws/install/keyboard:/home/sshyuk/ros2_ws/install/inchworm:/home/sshyuk/ros2_ws/install/gimbal_utils:/opt/ros/humble LD_LIBRARY_PATH=/home/sshyuk/palletrone_ws/install/palletrone_interfaces/lib:${LD_LIBRARY_PATH} PYTHONPATH=/home/sshyuk/palletrone_ws/install/palletrone_interfaces/local/lib/python3.10/dist-packages:${PYTHONPATH} /usr/bin/cmake --install /home/sshyuk/palletrone_ws/build/palletrone_cmd
[8.652s] Level 1:colcon.colcon_core.environment:checking '/home/sshyuk/palletrone_ws/install/palletrone_cmd' for CMake module files
[8.652s] Level 1:colcon.colcon_core.environment:checking '/home/sshyuk/palletrone_ws/install/palletrone_cmd' for CMake config files
[8.653s] Level 1:colcon.colcon_core.shell:create_environment_hook('palletrone_cmd', 'cmake_prefix_path')
[8.653s] INFO:colcon.colcon_core.shell:Creating environment hook '/home/sshyuk/palletrone_ws/install/palletrone_cmd/share/palletrone_cmd/hook/cmake_prefix_path.ps1'
[8.653s] INFO:colcon.colcon_core.shell:Creating environment descriptor '/home/sshyuk/palletrone_ws/install/palletrone_cmd/share/palletrone_cmd/hook/cmake_prefix_path.dsv'
[8.654s] INFO:colcon.colcon_core.shell:Creating environment hook '/home/sshyuk/palletrone_ws/install/palletrone_cmd/share/palletrone_cmd/hook/cmake_prefix_path.sh'
[8.654s] Level 1:colcon.colcon_core.environment:checking '/home/sshyuk/palletrone_ws/install/palletrone_cmd/lib'
[8.654s] Level 1:colcon.colcon_core.environment:checking '/home/sshyuk/palletrone_ws/install/palletrone_cmd/bin'
[8.654s] Level 1:colcon.colcon_core.environment:checking '/home/sshyuk/palletrone_ws/install/palletrone_cmd/lib/pkgconfig/palletrone_cmd.pc'
[8.655s] Level 1:colcon.colcon_core.environment:checking '/home/sshyuk/palletrone_ws/install/palletrone_cmd/lib/python3.10/site-packages'
[8.655s] Level 1:colcon.colcon_core.environment:checking '/home/sshyuk/palletrone_ws/install/palletrone_cmd/bin'
[8.655s] INFO:colcon.colcon_core.shell:Creating package script '/home/sshyuk/palletrone_ws/install/palletrone_cmd/share/palletrone_cmd/package.ps1'
[8.656s] INFO:colcon.colcon_core.shell:Creating package descriptor '/home/sshyuk/palletrone_ws/install/palletrone_cmd/share/palletrone_cmd/package.dsv'
[8.656s] INFO:colcon.colcon_core.shell:Creating package script '/home/sshyuk/palletrone_ws/install/palletrone_cmd/share/palletrone_cmd/package.sh'
[8.657s] INFO:colcon.colcon_core.shell:Creating package script '/home/sshyuk/palletrone_ws/install/palletrone_cmd/share/palletrone_cmd/package.bash'
[8.657s] INFO:colcon.colcon_core.shell:Creating package script '/home/sshyuk/palletrone_ws/install/palletrone_cmd/share/palletrone_cmd/package.zsh'
[8.657s] Level 1:colcon.colcon_core.environment:create_file_with_runtime_dependencies(/home/sshyuk/palletrone_ws/install/palletrone_cmd/share/colcon-core/packages/palletrone_cmd)
[8.658s] Level 1:colcon.colcon_core.environment:create_environment_scripts_only(palletrone_cmd)
[8.658s] Level 1:colcon.colcon_core.environment:checking '/home/sshyuk/palletrone_ws/install/palletrone_cmd' for CMake module files
[8.659s] Level 1:colcon.colcon_core.environment:checking '/home/sshyuk/palletrone_ws/install/palletrone_cmd' for CMake config files
[8.659s] Level 1:colcon.colcon_core.shell:create_environment_hook('palletrone_cmd', 'cmake_prefix_path')
[8.659s] INFO:colcon.colcon_core.shell:Creating environment hook '/home/sshyuk/palletrone_ws/install/palletrone_cmd/share/palletrone_cmd/hook/cmake_prefix_path.ps1'
[8.660s] INFO:colcon.colcon_core.shell:Creating environment descriptor '/home/sshyuk/palletrone_ws/install/palletrone_cmd/share/palletrone_cmd/hook/cmake_prefix_path.dsv'
[8.660s] INFO:colcon.colcon_core.shell:Creating environment hook '/home/sshyuk/palletrone_ws/install/palletrone_cmd/share/palletrone_cmd/hook/cmake_prefix_path.sh'
[8.661s] Level 1:colcon.colcon_core.environment:checking '/home/sshyuk/palletrone_ws/install/palletrone_cmd/lib'
[8.661s] Level 1:colcon.colcon_core.environment:checking '/home/sshyuk/palletrone_ws/install/palletrone_cmd/bin'
[8.661s] Level 1:colcon.colcon_core.environment:checking '/home/sshyuk/palletrone_ws/install/palletrone_cmd/lib/pkgconfig/palletrone_cmd.pc'
[8.661s] Level 1:colcon.colcon_core.environment:checking '/home/sshyuk/palletrone_ws/install/palletrone_cmd/lib/python3.10/site-packages'
[8.661s] Level 1:colcon.colcon_core.environment:checking '/home/sshyuk/palletrone_ws/install/palletrone_cmd/bin'
[8.662s] INFO:colcon.colcon_core.shell:Creating package script '/home/sshyuk/palletrone_ws/install/palletrone_cmd/share/palletrone_cmd/package.ps1'
[8.662s] INFO:colcon.colcon_core.shell:Creating package descriptor '/home/sshyuk/palletrone_ws/install/palletrone_cmd/share/palletrone_cmd/package.dsv'
[8.663s] INFO:colcon.colcon_core.shell:Creating package script '/home/sshyuk/palletrone_ws/install/palletrone_cmd/share/palletrone_cmd/package.sh'
[8.663s] INFO:colcon.colcon_core.shell:Creating package script '/home/sshyuk/palletrone_ws/install/palletrone_cmd/share/palletrone_cmd/package.bash'
[8.664s] INFO:colcon.colcon_core.shell:Creating package script '/home/sshyuk/palletrone_ws/install/palletrone_cmd/share/palletrone_cmd/package.zsh'
[8.664s] Level 1:colcon.colcon_core.environment:create_file_with_runtime_dependencies(/home/sshyuk/palletrone_ws/install/palletrone_cmd/share/colcon-core/packages/palletrone_cmd)
[16.345s] DEBUG:colcon.colcon_core.event_handler.log_command:Invoked command in '/home/sshyuk/palletrone_ws/build/palletrone_controller' returned '0': AMENT_PREFIX_PATH=/home/sshyuk/palletrone_ws/install/palletrone_interfaces:${AMENT_PREFIX_PATH} CMAKE_PREFIX_PATH=/home/sshyuk/palletrone_ws/install/palletrone_interfaces:/home/sshyuk/ros2_ws/install/motion_capture_tracking:/home/sshyuk/ros2_ws/install/motion_capture_tracking_interfaces:/home/sshyuk/ros2_ws/install/crawling_robot_controller:/home/sshyuk/ros2_ws/install/keyboard:/home/sshyuk/ros2_ws/install/inchworm:/home/sshyuk/ros2_ws/install/gimbal_utils:/opt/ros/humble LD_LIBRARY_PATH=/home/sshyuk/palletrone_ws/install/palletrone_interfaces/lib:${LD_LIBRARY_PATH} PYTHONPATH=/home/sshyuk/palletrone_ws/install/palletrone_interfaces/local/lib/python3.10/dist-packages:${PYTHONPATH} /usr/bin/cmake --build /home/sshyuk/palletrone_ws/build/palletrone_controller -- -j20 -l20
[16.347s] DEBUG:colcon.colcon_core.event_handler.log_command:Invoking command in '/home/sshyuk/palletrone_ws/build/palletrone_controller': AMENT_PREFIX_PATH=/home/sshyuk/palletrone_ws/install/palletrone_interfaces:${AMENT_PREFIX_PATH} CMAKE_PREFIX_PATH=/home/sshyuk/palletrone_ws/install/palletrone_interfaces:/home/sshyuk/ros2_ws/install/motion_capture_tracking:/home/sshyuk/ros2_ws/install/motion_capture_tracking_interfaces:/home/sshyuk/ros2_ws/install/crawling_robot_controller:/home/sshyuk/ros2_ws/install/keyboard:/home/sshyuk/ros2_ws/install/inchworm:/home/sshyuk/ros2_ws/install/gimbal_utils:/opt/ros/humble LD_LIBRARY_PATH=/home/sshyuk/palletrone_ws/install/palletrone_interfaces/lib:${LD_LIBRARY_PATH} PYTHONPATH=/home/sshyuk/palletrone_ws/install/palletrone_interfaces/local/lib/python3.10/dist-packages:${PYTHONPATH} /usr/bin/cmake --install /home/sshyuk/palletrone_ws/build/palletrone_controller
[16.372s] Level 1:colcon.colcon_core.environment:create_environment_scripts_only(palletrone_controller)
[16.373s] DEBUG:colcon.colcon_core.event_handler.log_command:Invoked command in '/home/sshyuk/palletrone_ws/build/palletrone_controller' returned '0': AMENT_PREFIX_PATH=/home/sshyuk/palletrone_ws/install/palletrone_interfaces:${AMENT_PREFIX_PATH} CMAKE_PREFIX_PATH=/home/sshyuk/palletrone_ws/install/palletrone_interfaces:/home/sshyuk/ros2_ws/install/motion_capture_tracking:/home/sshyuk/ros2_ws/install/motion_capture_tracking_interfaces:/home/sshyuk/ros2_ws/install/crawling_robot_controller:/home/sshyuk/ros2_ws/install/keyboard:/home/sshyuk/ros2_ws/install/inchworm:/home/sshyuk/ros2_ws/install/gimbal_utils:/opt/ros/humble LD_LIBRARY_PATH=/home/sshyuk/palletrone_ws/install/palletrone_interfaces/lib:${LD_LIBRARY_PATH} PYTHONPATH=/home/sshyuk/palletrone_ws/install/palletrone_interfaces/local/lib/python3.10/dist-packages:${PYTHONPATH} /usr/bin/cmake --install /home/sshyuk/palletrone_ws/build/palletrone_controller
[16.373s] Level 1:colcon.colcon_core.environment:checking '/home/sshyuk/palletrone_ws/install/palletrone_controller' for CMake module files
[16.374s] Level 1:colcon.colcon_core.environment:checking '/home/sshyuk/palletrone_ws/install/palletrone_controller' for CMake config files
[16.374s] Level 1:colcon.colcon_core.shell:create_environment_hook('palletrone_controller', 'cmake_prefix_path')
[16.374s] INFO:colcon.colcon_core.shell:Creating environment hook '/home/sshyuk/palletrone_ws/install/palletrone_controller/share/palletrone_controller/hook/cmake_prefix_path.ps1'
[16.375s] INFO:colcon.colcon_core.shell:Creating environment descriptor '/home/sshyuk/palletrone_ws/install/palletrone_controller/share/palletrone_controller/hook/cmake_prefix_path.dsv'
[16.375s] INFO:colcon.colcon_core.shell:Creating environment hook '/home/sshyuk/palletrone_ws/install/palletrone_controller/share/palletrone_controller/hook/cmake_prefix_path.sh'
[16.376s] Level 1:colcon.colcon_core.environment:checking '/home/sshyuk/palletrone_ws/install/palletrone_controller/lib'
[16.376s] Level 1:colcon.colcon_core.environment:checking '/home/sshyuk/palletrone_ws/install/palletrone_controller/bin'
[16.376s] Level 1:colcon.colcon_core.environment:checking '/home/sshyuk/palletrone_ws/install/palletrone_controller/lib/pkgconfig/palletrone_controller.pc'
[16.377s] Level 1:colcon.colcon_core.environment:checking '/home/sshyuk/palletrone_ws/install/palletrone_controller/lib/python3.10/site-packages'
[16.377s] Level 1:colcon.colcon_core.environment:checking '/home/sshyuk/palletrone_ws/install/palletrone_controller/bin'
[16.377s] INFO:colcon.colcon_core.shell:Creating package script '/home/sshyuk/palletrone_ws/install/palletrone_controller/share/palletrone_controller/package.ps1'
[16.378s] INFO:colcon.colcon_core.shell:Creating package descriptor '/home/sshyuk/palletrone_ws/install/palletrone_controller/share/palletrone_controller/package.dsv'
[16.378s] INFO:colcon.colcon_core.shell:Creating package script '/home/sshyuk/palletrone_ws/install/palletrone_controller/share/palletrone_controller/package.sh'
[16.379s] INFO:colcon.colcon_core.shell:Creating package script '/home/sshyuk/palletrone_ws/install/palletrone_controller/share/palletrone_controller/package.bash'
[16.379s] INFO:colcon.colcon_core.shell:Creating package script '/home/sshyuk/palletrone_ws/install/palletrone_controller/share/palletrone_controller/package.zsh'
[16.379s] Level 1:colcon.colcon_core.environment:create_file_with_runtime_dependencies(/home/sshyuk/palletrone_ws/install/palletrone_controller/share/colcon-core/packages/palletrone_controller)
[16.380s] Level 1:colcon.colcon_core.environment:create_environment_scripts_only(palletrone_controller)
[16.381s] Level 1:colcon.colcon_core.environment:checking '/home/sshyuk/palletrone_ws/install/palletrone_controller' for CMake module files
[16.381s] Level 1:colcon.colcon_core.environment:checking '/home/sshyuk/palletrone_ws/install/palletrone_controller' for CMake config files
[16.381s] Level 1:colcon.colcon_core.shell:create_environment_hook('palletrone_controller', 'cmake_prefix_path')
[16.382s] INFO:colcon.colcon_core.shell:Creating environment hook '/home/sshyuk/palletrone_ws/install/palletrone_controller/share/palletrone_controller/hook/cmake_prefix_path.ps1'
[16.382s] INFO:colcon.colcon_core.shell:Creating environment descriptor '/home/sshyuk/palletrone_ws/install/palletrone_controller/share/palletrone_controller/hook/cmake_prefix_path.dsv'
[16.382s] INFO:colcon.colcon_core.shell:Creating environment hook '/home/sshyuk/palletrone_ws/install/palletrone_controller/share/palletrone_controller/hook/cmake_prefix_path.sh'
[16.383s] Level 1:colcon.colcon_core.environment:checking '/home/sshyuk/palletrone_ws/install/palletrone_controller/lib'
[16.383s] Level 1:colcon.colcon_core.environment:checking '/home/sshyuk/palletrone_ws/install/palletrone_controller/bin'
[16.383s] Level 1:colcon.colcon_core.environment:checking '/home/sshyuk/palletrone_ws/install/palletrone_controller/lib/pkgconfig/palletrone_controller.pc'
[16.384s] Level 1:colcon.colcon_core.environment:checking '/home/sshyuk/palletrone_ws/install/palletrone_controller/lib/python3.10/site-packages'
[16.384s] Level 1:colcon.colcon_core.environment:checking '/home/sshyuk/palletrone_ws/install/palletrone_controller/bin'
[16.384s] INFO:colcon.colcon_core.shell:Creating package script '/home/sshyuk/palletrone_ws/install/palletrone_controller/share/palletrone_controller/package.ps1'
[16.385s] INFO:colcon.colcon_core.shell:Creating package descriptor '/home/sshyuk/palletrone_ws/install/palletrone_controller/share/palletrone_controller/package.dsv'
[16.386s] INFO:colcon.colcon_core.shell:Creating package script '/home/sshyuk/palletrone_ws/install/palletrone_controller/share/palletrone_controller/package.sh'
[16.386s] INFO:colcon.colcon_core.shell:Creating package script '/home/sshyuk/palletrone_ws/install/palletrone_controller/share/palletrone_controller/package.bash'
[16.387s] INFO:colcon.colcon_core.shell:Creating package script '/home/sshyuk/palletrone_ws/install/palletrone_controller/share/palletrone_controller/package.zsh'
[16.387s] Level 1:colcon.colcon_core.environment:create_file_with_runtime_dependencies(/home/sshyuk/palletrone_ws/install/palletrone_controller/share/colcon-core/packages/palletrone_controller)
[16.387s] DEBUG:colcon.colcon_parallel_executor.executor.parallel:closing loop
[16.388s] DEBUG:colcon.colcon_parallel_executor.executor.parallel:loop closed
[16.388s] DEBUG:colcon.colcon_parallel_executor.executor.parallel:run_until_complete finished with '0'
[16.388s] DEBUG:colcon.colcon_core.event_reactor:joining thread
[16.396s] INFO:colcon.colcon_core.plugin_system:Skipping extension 'colcon_notification.desktop_notification.terminal_notifier': Not used on non-Darwin systems
[16.396s] INFO:colcon.colcon_core.plugin_system:Skipping extension 'colcon_notification.desktop_notification.win32': Not used on non-Windows systems
[16.396s] INFO:colcon.colcon_notification.desktop_notification:Sending desktop notification using 'notify2'
[16.410s] DEBUG:colcon.colcon_core.event_reactor:joined thread
[16.411s] INFO:colcon.colcon_core.shell:Creating prefix script '/home/sshyuk/palletrone_ws/install/local_setup.ps1'
[16.412s] INFO:colcon.colcon_core.shell:Creating prefix util module '/home/sshyuk/palletrone_ws/install/_local_setup_util_ps1.py'
[16.414s] INFO:colcon.colcon_core.shell:Creating prefix chain script '/home/sshyuk/palletrone_ws/install/setup.ps1'
[16.416s] INFO:colcon.colcon_core.shell:Creating prefix script '/home/sshyuk/palletrone_ws/install/local_setup.sh'
[16.416s] INFO:colcon.colcon_core.shell:Creating prefix util module '/home/sshyuk/palletrone_ws/install/_local_setup_util_sh.py'
[16.417s] INFO:colcon.colcon_core.shell:Creating prefix chain script '/home/sshyuk/palletrone_ws/install/setup.sh'
[16.419s] INFO:colcon.colcon_core.shell:Creating prefix script '/home/sshyuk/palletrone_ws/install/local_setup.bash'
[16.420s] INFO:colcon.colcon_core.shell:Creating prefix chain script '/home/sshyuk/palletrone_ws/install/setup.bash'
[16.422s] INFO:colcon.colcon_core.shell:Creating prefix script '/home/sshyuk/palletrone_ws/install/local_setup.zsh'
[16.422s] INFO:colcon.colcon_core.shell:Creating prefix chain script '/home/sshyuk/palletrone_ws/install/setup.zsh'
