[0.071s] DEBUG:colcon:Command line arguments: ['/usr/bin/colcon', 'build']
[0.071s] DEBUG:colcon:Parsed command line arguments: Namespace(log_base=None, log_level=None, verb_name='build', build_base='build', install_base='install', merge_install=False, symlink_install=False, test_result_base=None, continue_on_error=False, executor='parallel', parallel_workers=20, event_handlers=None, ignore_user_meta=False, metas=['./colcon.meta'], base_paths=['.'], packages_ignore=None, packages_ignore_regex=None, paths=None, packages_up_to=None, packages_up_to_regex=None, packages_above=None, packages_above_and_dependencies=None, packages_above_depth=None, packages_select_by_dep=None, packages_skip_by_dep=None, packages_skip_up_to=None, packages_select_build_failed=False, packages_skip_build_finished=False, packages_select_test_failures=False, packages_skip_test_passed=False, packages_select=None, packages_skip=None, packages_select_regex=None, packages_skip_regex=None, packages_start=None, packages_end=None, allow_overriding=[], cmake_args=None, cmake_target=None, cmake_target_skip_unavailable=False, cmake_clean_cache=False, cmake_clean_first=False, cmake_force_configure=False, ament_cmake_args=None, catkin_cmake_args=None, catkin_skip_building_tests=False, mixin_files=None, mixin=None, verb_parser=<colcon_mixin.mixin.mixin_argument.MixinArgumentDecorator object at 0x7ab19965b070>, verb_extension=<colcon_core.verb.build.BuildVerb object at 0x7ab199614af0>, main=<bound method BuildVerb.main of <colcon_core.verb.build.BuildVerb object at 0x7ab199614af0>>, mixin_verb=('build',))
[0.172s] Level 1:colcon.colcon_core.package_discovery:discover_packages(colcon_meta) check parameters
[0.172s] Level 1:colcon.colcon_core.package_discovery:discover_packages(recursive) check parameters
[0.172s] Level 1:colcon.colcon_core.package_discovery:discover_packages(ignore) check parameters
[0.172s] Level 1:colcon.colcon_core.package_discovery:discover_packages(path) check parameters
[0.172s] Level 1:colcon.colcon_core.package_discovery:discover_packages(colcon_meta) discover
[0.172s] Level 1:colcon.colcon_core.package_discovery:discover_packages(recursive) discover
[0.172s] INFO:colcon.colcon_core.package_discovery:Crawling recursively for packages in '/home/sshyuk/palletrone_ws'
[0.173s] Level 1:colcon.colcon_core.package_identification:_identify(.) by extensions ['ignore', 'ignore_ament_install']
[0.173s] Level 1:colcon.colcon_core.package_identification:_identify(.) by extension 'ignore'
[0.173s] Level 1:colcon.colcon_core.package_identification:_identify(.) by extension 'ignore_ament_install'
[0.173s] Level 1:colcon.colcon_core.package_identification:_identify(.) by extensions ['colcon_pkg']
[0.173s] Level 1:colcon.colcon_core.package_identification:_identify(.) by extension 'colcon_pkg'
[0.173s] Level 1:colcon.colcon_core.package_identification:_identify(.) by extensions ['colcon_meta']
[0.173s] Level 1:colcon.colcon_core.package_identification:_identify(.) by extension 'colcon_meta'
[0.173s] Level 1:colcon.colcon_core.package_identification:_identify(.) by extensions ['ros']
[0.173s] Level 1:colcon.colcon_core.package_identification:_identify(.) by extension 'ros'
[0.180s] Level 1:colcon.colcon_core.package_identification:_identify(.) by extensions ['cmake', 'python']
[0.180s] Level 1:colcon.colcon_core.package_identification:_identify(.) by extension 'cmake'
[0.180s] Level 1:colcon.colcon_core.package_identification:_identify(.) by extension 'python'
[0.180s] Level 1:colcon.colcon_core.package_identification:_identify(.) by extensions ['python_setup_py']
[0.180s] Level 1:colcon.colcon_core.package_identification:_identify(.) by extension 'python_setup_py'
[0.180s] Level 1:colcon.colcon_core.package_identification:_identify(build) by extensions ['ignore', 'ignore_ament_install']
[0.180s] Level 1:colcon.colcon_core.package_identification:_identify(build) by extension 'ignore'
[0.180s] Level 1:colcon.colcon_core.package_identification:_identify(build) ignored
[0.180s] Level 1:colcon.colcon_core.package_identification:_identify(install) by extensions ['ignore', 'ignore_ament_install']
[0.180s] Level 1:colcon.colcon_core.package_identification:_identify(install) by extension 'ignore'
[0.180s] Level 1:colcon.colcon_core.package_identification:_identify(install) ignored
[0.180s] Level 1:colcon.colcon_core.package_identification:_identify(log) by extensions ['ignore', 'ignore_ament_install']
[0.180s] Level 1:colcon.colcon_core.package_identification:_identify(log) by extension 'ignore'
[0.180s] Level 1:colcon.colcon_core.package_identification:_identify(log) ignored
[0.180s] Level 1:colcon.colcon_core.package_identification:_identify(src) by extensions ['ignore', 'ignore_ament_install']
[0.180s] Level 1:colcon.colcon_core.package_identification:_identify(src) by extension 'ignore'
[0.180s] Level 1:colcon.colcon_core.package_identification:_identify(src) by extension 'ignore_ament_install'
[0.180s] Level 1:colcon.colcon_core.package_identification:_identify(src) by extensions ['colcon_pkg']
[0.180s] Level 1:colcon.colcon_core.package_identification:_identify(src) by extension 'colcon_pkg'
[0.180s] Level 1:colcon.colcon_core.package_identification:_identify(src) by extensions ['colcon_meta']
[0.180s] Level 1:colcon.colcon_core.package_identification:_identify(src) by extension 'colcon_meta'
[0.180s] Level 1:colcon.colcon_core.package_identification:_identify(src) by extensions ['ros']
[0.180s] Level 1:colcon.colcon_core.package_identification:_identify(src) by extension 'ros'
[0.181s] Level 1:colcon.colcon_core.package_identification:_identify(src) by extensions ['cmake', 'python']
[0.181s] Level 1:colcon.colcon_core.package_identification:_identify(src) by extension 'cmake'
[0.181s] Level 1:colcon.colcon_core.package_identification:_identify(src) by extension 'python'
[0.181s] Level 1:colcon.colcon_core.package_identification:_identify(src) by extensions ['python_setup_py']
[0.181s] Level 1:colcon.colcon_core.package_identification:_identify(src) by extension 'python_setup_py'
[0.181s] Level 1:colcon.colcon_core.package_identification:_identify(src/palletrone_cmd) by extensions ['ignore', 'ignore_ament_install']
[0.181s] Level 1:colcon.colcon_core.package_identification:_identify(src/palletrone_cmd) by extension 'ignore'
[0.181s] Level 1:colcon.colcon_core.package_identification:_identify(src/palletrone_cmd) by extension 'ignore_ament_install'
[0.181s] Level 1:colcon.colcon_core.package_identification:_identify(src/palletrone_cmd) by extensions ['colcon_pkg']
[0.181s] Level 1:colcon.colcon_core.package_identification:_identify(src/palletrone_cmd) by extension 'colcon_pkg'
[0.181s] Level 1:colcon.colcon_core.package_identification:_identify(src/palletrone_cmd) by extensions ['colcon_meta']
[0.181s] Level 1:colcon.colcon_core.package_identification:_identify(src/palletrone_cmd) by extension 'colcon_meta'
[0.181s] Level 1:colcon.colcon_core.package_identification:_identify(src/palletrone_cmd) by extensions ['ros']
[0.181s] Level 1:colcon.colcon_core.package_identification:_identify(src/palletrone_cmd) by extension 'ros'
[0.182s] DEBUG:colcon.colcon_core.package_identification:Package 'src/palletrone_cmd' with type 'ros.ament_cmake' and name 'palletrone_cmd'
[0.182s] Level 1:colcon.colcon_core.package_identification:_identify(src/palletrone_controller) by extensions ['ignore', 'ignore_ament_install']
[0.182s] Level 1:colcon.colcon_core.package_identification:_identify(src/palletrone_controller) by extension 'ignore'
[0.183s] Level 1:colcon.colcon_core.package_identification:_identify(src/palletrone_controller) by extension 'ignore_ament_install'
[0.183s] Level 1:colcon.colcon_core.package_identification:_identify(src/palletrone_controller) by extensions ['colcon_pkg']
[0.183s] Level 1:colcon.colcon_core.package_identification:_identify(src/palletrone_controller) by extension 'colcon_pkg'
[0.183s] Level 1:colcon.colcon_core.package_identification:_identify(src/palletrone_controller) by extensions ['colcon_meta']
[0.183s] Level 1:colcon.colcon_core.package_identification:_identify(src/palletrone_controller) by extension 'colcon_meta'
[0.183s] Level 1:colcon.colcon_core.package_identification:_identify(src/palletrone_controller) by extensions ['ros']
[0.183s] Level 1:colcon.colcon_core.package_identification:_identify(src/palletrone_controller) by extension 'ros'
[0.183s] DEBUG:colcon.colcon_core.package_identification:Package 'src/palletrone_controller' with type 'ros.ament_cmake' and name 'palletrone_controller'
[0.183s] Level 1:colcon.colcon_core.package_identification:_identify(src/palletrone_interfaces) by extensions ['ignore', 'ignore_ament_install']
[0.183s] Level 1:colcon.colcon_core.package_identification:_identify(src/palletrone_interfaces) by extension 'ignore'
[0.183s] Level 1:colcon.colcon_core.package_identification:_identify(src/palletrone_interfaces) by extension 'ignore_ament_install'
[0.183s] Level 1:colcon.colcon_core.package_identification:_identify(src/palletrone_interfaces) by extensions ['colcon_pkg']
[0.183s] Level 1:colcon.colcon_core.package_identification:_identify(src/palletrone_interfaces) by extension 'colcon_pkg'
[0.183s] Level 1:colcon.colcon_core.package_identification:_identify(src/palletrone_interfaces) by extensions ['colcon_meta']
[0.183s] Level 1:colcon.colcon_core.package_identification:_identify(src/palletrone_interfaces) by extension 'colcon_meta'
[0.183s] Level 1:colcon.colcon_core.package_identification:_identify(src/palletrone_interfaces) by extensions ['ros']
[0.183s] Level 1:colcon.colcon_core.package_identification:_identify(src/palletrone_interfaces) by extension 'ros'
[0.184s] DEBUG:colcon.colcon_core.package_identification:Package 'src/palletrone_interfaces' with type 'ros.ament_cmake' and name 'palletrone_interfaces'
[0.184s] Level 1:colcon.colcon_core.package_identification:_identify(src/plant) by extensions ['ignore', 'ignore_ament_install']
[0.184s] Level 1:colcon.colcon_core.package_identification:_identify(src/plant) by extension 'ignore'
[0.184s] Level 1:colcon.colcon_core.package_identification:_identify(src/plant) by extension 'ignore_ament_install'
[0.184s] Level 1:colcon.colcon_core.package_identification:_identify(src/plant) by extensions ['colcon_pkg']
[0.184s] Level 1:colcon.colcon_core.package_identification:_identify(src/plant) by extension 'colcon_pkg'
[0.184s] Level 1:colcon.colcon_core.package_identification:_identify(src/plant) by extensions ['colcon_meta']
[0.184s] Level 1:colcon.colcon_core.package_identification:_identify(src/plant) by extension 'colcon_meta'
[0.184s] Level 1:colcon.colcon_core.package_identification:_identify(src/plant) by extensions ['ros']
[0.184s] Level 1:colcon.colcon_core.package_identification:_identify(src/plant) by extension 'ros'
[0.184s] DEBUG:colcon.colcon_core.package_identification:Package 'src/plant' with type 'ros.ament_python' and name 'plant'
[0.184s] Level 1:colcon.colcon_core.package_discovery:discover_packages(recursive) using defaults
[0.184s] Level 1:colcon.colcon_core.package_discovery:discover_packages(ignore) discover
[0.184s] Level 1:colcon.colcon_core.package_discovery:discover_packages(ignore) using defaults
[0.185s] Level 1:colcon.colcon_core.package_discovery:discover_packages(path) discover
[0.185s] Level 1:colcon.colcon_core.package_discovery:discover_packages(path) using defaults
[0.204s] Level 1:colcon.colcon_core.package_discovery:discover_packages(prefix_path) check parameters
[0.204s] Level 1:colcon.colcon_core.package_discovery:discover_packages(prefix_path) discover
[0.205s] DEBUG:colcon.colcon_installed_package_information.package_discovery:Found 4 installed packages in /home/sshyuk/palletrone_ws/install
[0.205s] DEBUG:colcon.colcon_installed_package_information.package_discovery:Found 6 installed packages in /home/sshyuk/ros2_ws/install
[0.206s] DEBUG:colcon.colcon_installed_package_information.package_discovery:Found 296 installed packages in /opt/ros/humble
[0.207s] Level 1:colcon.colcon_core.package_discovery:discover_packages(prefix_path) using defaults
[0.230s] Level 5:colcon.colcon_core.verb:set package 'palletrone_interfaces' build argument 'cmake_args' from command line to 'None'
[0.230s] Level 5:colcon.colcon_core.verb:set package 'palletrone_interfaces' build argument 'cmake_target' from command line to 'None'
[0.230s] Level 5:colcon.colcon_core.verb:set package 'palletrone_interfaces' build argument 'cmake_target_skip_unavailable' from command line to 'False'
[0.230s] Level 5:colcon.colcon_core.verb:set package 'palletrone_interfaces' build argument 'cmake_clean_cache' from command line to 'False'
[0.230s] Level 5:colcon.colcon_core.verb:set package 'palletrone_interfaces' build argument 'cmake_clean_first' from command line to 'False'
[0.230s] Level 5:colcon.colcon_core.verb:set package 'palletrone_interfaces' build argument 'cmake_force_configure' from command line to 'False'
[0.230s] Level 5:colcon.colcon_core.verb:set package 'palletrone_interfaces' build argument 'ament_cmake_args' from command line to 'None'
[0.230s] Level 5:colcon.colcon_core.verb:set package 'palletrone_interfaces' build argument 'catkin_cmake_args' from command line to 'None'
[0.230s] Level 5:colcon.colcon_core.verb:set package 'palletrone_interfaces' build argument 'catkin_skip_building_tests' from command line to 'False'
[0.230s] DEBUG:colcon.colcon_core.verb:Building package 'palletrone_interfaces' with the following arguments: {'ament_cmake_args': None, 'build_base': '/home/sshyuk/palletrone_ws/build/palletrone_interfaces', 'catkin_cmake_args': None, 'catkin_skip_building_tests': False, 'cmake_args': None, 'cmake_clean_cache': False, 'cmake_clean_first': False, 'cmake_force_configure': False, 'cmake_target': None, 'cmake_target_skip_unavailable': False, 'install_base': '/home/sshyuk/palletrone_ws/install/palletrone_interfaces', 'merge_install': False, 'path': '/home/sshyuk/palletrone_ws/src/palletrone_interfaces', 'symlink_install': False, 'test_result_base': None}
[0.230s] Level 5:colcon.colcon_core.verb:set package 'palletrone_cmd' build argument 'cmake_args' from command line to 'None'
[0.230s] Level 5:colcon.colcon_core.verb:set package 'palletrone_cmd' build argument 'cmake_target' from command line to 'None'
[0.230s] Level 5:colcon.colcon_core.verb:set package 'palletrone_cmd' build argument 'cmake_target_skip_unavailable' from command line to 'False'
[0.230s] Level 5:colcon.colcon_core.verb:set package 'palletrone_cmd' build argument 'cmake_clean_cache' from command line to 'False'
[0.230s] Level 5:colcon.colcon_core.verb:set package 'palletrone_cmd' build argument 'cmake_clean_first' from command line to 'False'
[0.230s] Level 5:colcon.colcon_core.verb:set package 'palletrone_cmd' build argument 'cmake_force_configure' from command line to 'False'
[0.230s] Level 5:colcon.colcon_core.verb:set package 'palletrone_cmd' build argument 'ament_cmake_args' from command line to 'None'
[0.230s] Level 5:colcon.colcon_core.verb:set package 'palletrone_cmd' build argument 'catkin_cmake_args' from command line to 'None'
[0.230s] Level 5:colcon.colcon_core.verb:set package 'palletrone_cmd' build argument 'catkin_skip_building_tests' from command line to 'False'
[0.230s] DEBUG:colcon.colcon_core.verb:Building package 'palletrone_cmd' with the following arguments: {'ament_cmake_args': None, 'build_base': '/home/sshyuk/palletrone_ws/build/palletrone_cmd', 'catkin_cmake_args': None, 'catkin_skip_building_tests': False, 'cmake_args': None, 'cmake_clean_cache': False, 'cmake_clean_first': False, 'cmake_force_configure': False, 'cmake_target': None, 'cmake_target_skip_unavailable': False, 'install_base': '/home/sshyuk/palletrone_ws/install/palletrone_cmd', 'merge_install': False, 'path': '/home/sshyuk/palletrone_ws/src/palletrone_cmd', 'symlink_install': False, 'test_result_base': None}
[0.231s] Level 5:colcon.colcon_core.verb:set package 'palletrone_controller' build argument 'cmake_args' from command line to 'None'
[0.231s] Level 5:colcon.colcon_core.verb:set package 'palletrone_controller' build argument 'cmake_target' from command line to 'None'
[0.231s] Level 5:colcon.colcon_core.verb:set package 'palletrone_controller' build argument 'cmake_target_skip_unavailable' from command line to 'False'
[0.231s] Level 5:colcon.colcon_core.verb:set package 'palletrone_controller' build argument 'cmake_clean_cache' from command line to 'False'
[0.231s] Level 5:colcon.colcon_core.verb:set package 'palletrone_controller' build argument 'cmake_clean_first' from command line to 'False'
[0.231s] Level 5:colcon.colcon_core.verb:set package 'palletrone_controller' build argument 'cmake_force_configure' from command line to 'False'
[0.231s] Level 5:colcon.colcon_core.verb:set package 'palletrone_controller' build argument 'ament_cmake_args' from command line to 'None'
[0.231s] Level 5:colcon.colcon_core.verb:set package 'palletrone_controller' build argument 'catkin_cmake_args' from command line to 'None'
[0.231s] Level 5:colcon.colcon_core.verb:set package 'palletrone_controller' build argument 'catkin_skip_building_tests' from command line to 'False'
[0.231s] DEBUG:colcon.colcon_core.verb:Building package 'palletrone_controller' with the following arguments: {'ament_cmake_args': None, 'build_base': '/home/sshyuk/palletrone_ws/build/palletrone_controller', 'catkin_cmake_args': None, 'catkin_skip_building_tests': False, 'cmake_args': None, 'cmake_clean_cache': False, 'cmake_clean_first': False, 'cmake_force_configure': False, 'cmake_target': None, 'cmake_target_skip_unavailable': False, 'install_base': '/home/sshyuk/palletrone_ws/install/palletrone_controller', 'merge_install': False, 'path': '/home/sshyuk/palletrone_ws/src/palletrone_controller', 'symlink_install': False, 'test_result_base': None}
[0.231s] Level 5:colcon.colcon_core.verb:set package 'plant' build argument 'cmake_args' from command line to 'None'
[0.231s] Level 5:colcon.colcon_core.verb:set package 'plant' build argument 'cmake_target' from command line to 'None'
[0.231s] Level 5:colcon.colcon_core.verb:set package 'plant' build argument 'cmake_target_skip_unavailable' from command line to 'False'
[0.231s] Level 5:colcon.colcon_core.verb:set package 'plant' build argument 'cmake_clean_cache' from command line to 'False'
[0.231s] Level 5:colcon.colcon_core.verb:set package 'plant' build argument 'cmake_clean_first' from command line to 'False'
[0.231s] Level 5:colcon.colcon_core.verb:set package 'plant' build argument 'cmake_force_configure' from command line to 'False'
[0.231s] Level 5:colcon.colcon_core.verb:set package 'plant' build argument 'ament_cmake_args' from command line to 'None'
[0.231s] Level 5:colcon.colcon_core.verb:set package 'plant' build argument 'catkin_cmake_args' from command line to 'None'
[0.231s] Level 5:colcon.colcon_core.verb:set package 'plant' build argument 'catkin_skip_building_tests' from command line to 'False'
[0.231s] DEBUG:colcon.colcon_core.verb:Building package 'plant' with the following arguments: {'ament_cmake_args': None, 'build_base': '/home/sshyuk/palletrone_ws/build/plant', 'catkin_cmake_args': None, 'catkin_skip_building_tests': False, 'cmake_args': None, 'cmake_clean_cache': False, 'cmake_clean_first': False, 'cmake_force_configure': False, 'cmake_target': None, 'cmake_target_skip_unavailable': False, 'install_base': '/home/sshyuk/palletrone_ws/install/plant', 'merge_install': False, 'path': '/home/sshyuk/palletrone_ws/src/plant', 'symlink_install': False, 'test_result_base': None}
[0.231s] INFO:colcon.colcon_core.executor:Executing jobs using 'parallel' executor
[0.232s] DEBUG:colcon.colcon_parallel_executor.executor.parallel:run_until_complete
[0.232s] INFO:colcon.colcon_ros.task.ament_cmake.build:Building ROS package in '/home/sshyuk/palletrone_ws/src/palletrone_interfaces' with build type 'ament_cmake'
[0.232s] INFO:colcon.colcon_cmake.task.cmake.build:Building CMake package in '/home/sshyuk/palletrone_ws/src/palletrone_interfaces'
[0.233s] INFO:colcon.colcon_core.plugin_system:Skipping extension 'colcon_core.shell.bat': Not used on non-Windows systems
[0.234s] INFO:colcon.colcon_core.shell:Skip shell extension 'powershell' for command environment: Not usable outside of PowerShell
[0.234s] DEBUG:colcon.colcon_core.shell:Skip shell extension 'dsv' for command environment
[0.244s] DEBUG:colcon.colcon_core.event_handler.log_command:Invoking command in '/home/sshyuk/palletrone_ws/build/palletrone_interfaces': CMAKE_PREFIX_PATH=${CMAKE_PREFIX_PATH}:/home/sshyuk/palletrone_ws/install/plant:/home/sshyuk/ros2_ws/install/keyboard:/home/sshyuk/ros2_ws/install/inchworm:/home/sshyuk/ros2_ws/install/gimbal_utils:/opt/ros/humble /usr/bin/cmake --build /home/sshyuk/palletrone_ws/build/palletrone_interfaces -- -j20 -l20
[0.511s] DEBUG:colcon.colcon_core.event_handler.log_command:Invoked command in '/home/sshyuk/palletrone_ws/build/palletrone_interfaces' returned '0': CMAKE_PREFIX_PATH=${CMAKE_PREFIX_PATH}:/home/sshyuk/palletrone_ws/install/plant:/home/sshyuk/ros2_ws/install/keyboard:/home/sshyuk/ros2_ws/install/inchworm:/home/sshyuk/ros2_ws/install/gimbal_utils:/opt/ros/humble /usr/bin/cmake --build /home/sshyuk/palletrone_ws/build/palletrone_interfaces -- -j20 -l20
[0.523s] DEBUG:colcon.colcon_core.event_handler.log_command:Invoking command in '/home/sshyuk/palletrone_ws/build/palletrone_interfaces': CMAKE_PREFIX_PATH=${CMAKE_PREFIX_PATH}:/home/sshyuk/palletrone_ws/install/plant:/home/sshyuk/ros2_ws/install/keyboard:/home/sshyuk/ros2_ws/install/inchworm:/home/sshyuk/ros2_ws/install/gimbal_utils:/opt/ros/humble /usr/bin/cmake --install /home/sshyuk/palletrone_ws/build/palletrone_interfaces
[0.577s] Level 1:colcon.colcon_core.environment:create_environment_scripts_only(palletrone_interfaces)
[0.577s] DEBUG:colcon.colcon_core.event_handler.log_command:Invoked command in '/home/sshyuk/palletrone_ws/build/palletrone_interfaces' returned '0': CMAKE_PREFIX_PATH=${CMAKE_PREFIX_PATH}:/home/sshyuk/palletrone_ws/install/plant:/home/sshyuk/ros2_ws/install/keyboard:/home/sshyuk/ros2_ws/install/inchworm:/home/sshyuk/ros2_ws/install/gimbal_utils:/opt/ros/humble /usr/bin/cmake --install /home/sshyuk/palletrone_ws/build/palletrone_interfaces
[0.580s] Level 1:colcon.colcon_core.environment:checking '/home/sshyuk/palletrone_ws/install/palletrone_interfaces' for CMake module files
[0.581s] Level 1:colcon.colcon_core.environment:checking '/home/sshyuk/palletrone_ws/install/palletrone_interfaces' for CMake config files
[0.582s] Level 1:colcon.colcon_core.shell:create_environment_hook('palletrone_interfaces', 'cmake_prefix_path')
[0.582s] INFO:colcon.colcon_core.shell:Creating environment hook '/home/sshyuk/palletrone_ws/install/palletrone_interfaces/share/palletrone_interfaces/hook/cmake_prefix_path.ps1'
[0.583s] INFO:colcon.colcon_core.shell:Creating environment descriptor '/home/sshyuk/palletrone_ws/install/palletrone_interfaces/share/palletrone_interfaces/hook/cmake_prefix_path.dsv'
[0.583s] INFO:colcon.colcon_core.shell:Creating environment hook '/home/sshyuk/palletrone_ws/install/palletrone_interfaces/share/palletrone_interfaces/hook/cmake_prefix_path.sh'
[0.585s] Level 1:colcon.colcon_core.environment:checking '/home/sshyuk/palletrone_ws/install/palletrone_interfaces/lib'
[0.585s] Level 1:colcon.colcon_core.shell:create_environment_hook('palletrone_interfaces', 'ld_library_path_lib')
[0.585s] INFO:colcon.colcon_core.shell:Creating environment hook '/home/sshyuk/palletrone_ws/install/palletrone_interfaces/share/palletrone_interfaces/hook/ld_library_path_lib.ps1'
[0.586s] INFO:colcon.colcon_core.shell:Creating environment descriptor '/home/sshyuk/palletrone_ws/install/palletrone_interfaces/share/palletrone_interfaces/hook/ld_library_path_lib.dsv'
[0.586s] INFO:colcon.colcon_core.shell:Creating environment hook '/home/sshyuk/palletrone_ws/install/palletrone_interfaces/share/palletrone_interfaces/hook/ld_library_path_lib.sh'
[0.587s] Level 1:colcon.colcon_core.environment:checking '/home/sshyuk/palletrone_ws/install/palletrone_interfaces/bin'
[0.587s] Level 1:colcon.colcon_core.environment:checking '/home/sshyuk/palletrone_ws/install/palletrone_interfaces/lib/pkgconfig/palletrone_interfaces.pc'
[0.587s] Level 1:colcon.colcon_core.environment:checking '/home/sshyuk/palletrone_ws/install/palletrone_interfaces/lib/python3.10/site-packages'
[0.587s] Level 1:colcon.colcon_core.environment:checking '/home/sshyuk/palletrone_ws/install/palletrone_interfaces/bin'
[0.588s] INFO:colcon.colcon_core.shell:Creating package script '/home/sshyuk/palletrone_ws/install/palletrone_interfaces/share/palletrone_interfaces/package.ps1'
[0.588s] INFO:colcon.colcon_core.shell:Creating package descriptor '/home/sshyuk/palletrone_ws/install/palletrone_interfaces/share/palletrone_interfaces/package.dsv'
[0.589s] INFO:colcon.colcon_core.shell:Creating package script '/home/sshyuk/palletrone_ws/install/palletrone_interfaces/share/palletrone_interfaces/package.sh'
[0.590s] INFO:colcon.colcon_core.shell:Creating package script '/home/sshyuk/palletrone_ws/install/palletrone_interfaces/share/palletrone_interfaces/package.bash'
[0.591s] INFO:colcon.colcon_core.shell:Creating package script '/home/sshyuk/palletrone_ws/install/palletrone_interfaces/share/palletrone_interfaces/package.zsh'
[0.591s] Level 1:colcon.colcon_core.environment:create_file_with_runtime_dependencies(/home/sshyuk/palletrone_ws/install/palletrone_interfaces/share/colcon-core/packages/palletrone_interfaces)
[0.592s] Level 1:colcon.colcon_core.environment:create_environment_scripts_only(palletrone_interfaces)
[0.592s] Level 1:colcon.colcon_core.environment:checking '/home/sshyuk/palletrone_ws/install/palletrone_interfaces' for CMake module files
[0.593s] Level 1:colcon.colcon_core.environment:checking '/home/sshyuk/palletrone_ws/install/palletrone_interfaces' for CMake config files
[0.593s] Level 1:colcon.colcon_core.shell:create_environment_hook('palletrone_interfaces', 'cmake_prefix_path')
[0.594s] INFO:colcon.colcon_core.shell:Creating environment hook '/home/sshyuk/palletrone_ws/install/palletrone_interfaces/share/palletrone_interfaces/hook/cmake_prefix_path.ps1'
[0.594s] INFO:colcon.colcon_core.shell:Creating environment descriptor '/home/sshyuk/palletrone_ws/install/palletrone_interfaces/share/palletrone_interfaces/hook/cmake_prefix_path.dsv'
[0.595s] INFO:colcon.colcon_core.shell:Creating environment hook '/home/sshyuk/palletrone_ws/install/palletrone_interfaces/share/palletrone_interfaces/hook/cmake_prefix_path.sh'
[0.595s] Level 1:colcon.colcon_core.environment:checking '/home/sshyuk/palletrone_ws/install/palletrone_interfaces/lib'
[0.595s] Level 1:colcon.colcon_core.shell:create_environment_hook('palletrone_interfaces', 'ld_library_path_lib')
[0.595s] INFO:colcon.colcon_core.shell:Creating environment hook '/home/sshyuk/palletrone_ws/install/palletrone_interfaces/share/palletrone_interfaces/hook/ld_library_path_lib.ps1'
[0.596s] INFO:colcon.colcon_core.shell:Creating environment descriptor '/home/sshyuk/palletrone_ws/install/palletrone_interfaces/share/palletrone_interfaces/hook/ld_library_path_lib.dsv'
[0.596s] INFO:colcon.colcon_core.shell:Creating environment hook '/home/sshyuk/palletrone_ws/install/palletrone_interfaces/share/palletrone_interfaces/hook/ld_library_path_lib.sh'
[0.596s] Level 1:colcon.colcon_core.environment:checking '/home/sshyuk/palletrone_ws/install/palletrone_interfaces/bin'
[0.597s] Level 1:colcon.colcon_core.environment:checking '/home/sshyuk/palletrone_ws/install/palletrone_interfaces/lib/pkgconfig/palletrone_interfaces.pc'
[0.597s] Level 1:colcon.colcon_core.environment:checking '/home/sshyuk/palletrone_ws/install/palletrone_interfaces/lib/python3.10/site-packages'
[0.597s] Level 1:colcon.colcon_core.environment:checking '/home/sshyuk/palletrone_ws/install/palletrone_interfaces/bin'
[0.597s] INFO:colcon.colcon_core.shell:Creating package script '/home/sshyuk/palletrone_ws/install/palletrone_interfaces/share/palletrone_interfaces/package.ps1'
[0.598s] INFO:colcon.colcon_core.shell:Creating package descriptor '/home/sshyuk/palletrone_ws/install/palletrone_interfaces/share/palletrone_interfaces/package.dsv'
[0.598s] INFO:colcon.colcon_core.shell:Creating package script '/home/sshyuk/palletrone_ws/install/palletrone_interfaces/share/palletrone_interfaces/package.sh'
[0.599s] INFO:colcon.colcon_core.shell:Creating package script '/home/sshyuk/palletrone_ws/install/palletrone_interfaces/share/palletrone_interfaces/package.bash'
[0.599s] INFO:colcon.colcon_core.shell:Creating package script '/home/sshyuk/palletrone_ws/install/palletrone_interfaces/share/palletrone_interfaces/package.zsh'
[0.600s] Level 1:colcon.colcon_core.environment:create_file_with_runtime_dependencies(/home/sshyuk/palletrone_ws/install/palletrone_interfaces/share/colcon-core/packages/palletrone_interfaces)
[0.600s] INFO:colcon.colcon_ros.task.ament_cmake.build:Building ROS package in '/home/sshyuk/palletrone_ws/src/palletrone_cmd' with build type 'ament_cmake'
[0.600s] INFO:colcon.colcon_cmake.task.cmake.build:Building CMake package in '/home/sshyuk/palletrone_ws/src/palletrone_cmd'
[0.600s] INFO:colcon.colcon_core.shell:Skip shell extension 'powershell' for command environment: Not usable outside of PowerShell
[0.600s] DEBUG:colcon.colcon_core.shell:Skip shell extension 'dsv' for command environment
[0.605s] INFO:colcon.colcon_ros.task.ament_cmake.build:Building ROS package in '/home/sshyuk/palletrone_ws/src/palletrone_controller' with build type 'ament_cmake'
[0.605s] INFO:colcon.colcon_cmake.task.cmake.build:Building CMake package in '/home/sshyuk/palletrone_ws/src/palletrone_controller'
[0.605s] INFO:colcon.colcon_core.shell:Skip shell extension 'powershell' for command environment: Not usable outside of PowerShell
[0.605s] DEBUG:colcon.colcon_core.shell:Skip shell extension 'dsv' for command environment
[0.608s] INFO:colcon.colcon_ros.task.ament_python.build:Building ROS package in '/home/sshyuk/palletrone_ws/src/plant' with build type 'ament_python'
[0.608s] Level 1:colcon.colcon_core.shell:create_environment_hook('plant', 'ament_prefix_path')
[0.608s] INFO:colcon.colcon_core.shell:Creating environment hook '/home/sshyuk/palletrone_ws/install/plant/share/plant/hook/ament_prefix_path.ps1'
[0.609s] INFO:colcon.colcon_core.shell:Creating environment descriptor '/home/sshyuk/palletrone_ws/install/plant/share/plant/hook/ament_prefix_path.dsv'
[0.609s] INFO:colcon.colcon_core.shell:Creating environment hook '/home/sshyuk/palletrone_ws/install/plant/share/plant/hook/ament_prefix_path.sh'
[0.610s] INFO:colcon.colcon_core.shell:Skip shell extension 'powershell' for command environment: Not usable outside of PowerShell
[0.610s] DEBUG:colcon.colcon_core.shell:Skip shell extension 'dsv' for command environment
[0.618s] DEBUG:colcon.colcon_core.event_handler.log_command:Invoking command in '/home/sshyuk/palletrone_ws/build/palletrone_cmd': CMAKE_PREFIX_PATH=/home/sshyuk/palletrone_ws/install/palletrone_interfaces:/home/sshyuk/palletrone_ws/install/palletrone_controller:/home/sshyuk/palletrone_ws/install/palletrone_cmd:/home/sshyuk/ros2_ws/install/motion_capture_tracking:/home/sshyuk/ros2_ws/install/motion_capture_tracking_interfaces:/home/sshyuk/ros2_ws/install/crawling_robot_controller:/home/sshyuk/palletrone_ws/install/plant:/home/sshyuk/ros2_ws/install/keyboard:/home/sshyuk/ros2_ws/install/inchworm:/home/sshyuk/ros2_ws/install/gimbal_utils:/opt/ros/humble /usr/bin/cmake --build /home/sshyuk/palletrone_ws/build/palletrone_cmd -- -j20 -l20
[0.622s] DEBUG:colcon.colcon_core.event_handler.log_command:Invoking command in '/home/sshyuk/palletrone_ws/build/palletrone_controller': CMAKE_PREFIX_PATH=/home/sshyuk/palletrone_ws/install/palletrone_interfaces:/home/sshyuk/palletrone_ws/install/palletrone_controller:/home/sshyuk/palletrone_ws/install/palletrone_cmd:/home/sshyuk/ros2_ws/install/motion_capture_tracking:/home/sshyuk/ros2_ws/install/motion_capture_tracking_interfaces:/home/sshyuk/ros2_ws/install/crawling_robot_controller:/home/sshyuk/palletrone_ws/install/plant:/home/sshyuk/ros2_ws/install/keyboard:/home/sshyuk/ros2_ws/install/inchworm:/home/sshyuk/ros2_ws/install/gimbal_utils:/opt/ros/humble /usr/bin/cmake --build /home/sshyuk/palletrone_ws/build/palletrone_controller -- -j20 -l20
[0.778s] INFO:colcon.colcon_core.task.python.build:Building Python package in '/home/sshyuk/palletrone_ws/src/plant'
[0.778s] INFO:colcon.colcon_core.shell:Skip shell extension 'powershell' for command environment: Not usable outside of PowerShell
[0.778s] DEBUG:colcon.colcon_core.shell:Skip shell extension 'dsv' for command environment
[0.783s] DEBUG:colcon.colcon_core.event_handler.log_command:Invoked command in '/home/sshyuk/palletrone_ws/build/palletrone_cmd' returned '0': CMAKE_PREFIX_PATH=/home/sshyuk/palletrone_ws/install/palletrone_interfaces:/home/sshyuk/palletrone_ws/install/palletrone_controller:/home/sshyuk/palletrone_ws/install/palletrone_cmd:/home/sshyuk/ros2_ws/install/motion_capture_tracking:/home/sshyuk/ros2_ws/install/motion_capture_tracking_interfaces:/home/sshyuk/ros2_ws/install/crawling_robot_controller:/home/sshyuk/palletrone_ws/install/plant:/home/sshyuk/ros2_ws/install/keyboard:/home/sshyuk/ros2_ws/install/inchworm:/home/sshyuk/ros2_ws/install/gimbal_utils:/opt/ros/humble /usr/bin/cmake --build /home/sshyuk/palletrone_ws/build/palletrone_cmd -- -j20 -l20
[0.783s] DEBUG:colcon.colcon_core.event_handler.log_command:Invoking command in '/home/sshyuk/palletrone_ws/build/palletrone_cmd': CMAKE_PREFIX_PATH=/home/sshyuk/palletrone_ws/install/palletrone_interfaces:/home/sshyuk/palletrone_ws/install/palletrone_controller:/home/sshyuk/palletrone_ws/install/palletrone_cmd:/home/sshyuk/ros2_ws/install/motion_capture_tracking:/home/sshyuk/ros2_ws/install/motion_capture_tracking_interfaces:/home/sshyuk/ros2_ws/install/crawling_robot_controller:/home/sshyuk/palletrone_ws/install/plant:/home/sshyuk/ros2_ws/install/keyboard:/home/sshyuk/ros2_ws/install/inchworm:/home/sshyuk/ros2_ws/install/gimbal_utils:/opt/ros/humble /usr/bin/cmake --install /home/sshyuk/palletrone_ws/build/palletrone_cmd
[0.784s] DEBUG:colcon.colcon_core.event_handler.log_command:Invoked command in '/home/sshyuk/palletrone_ws/build/palletrone_controller' returned '0': CMAKE_PREFIX_PATH=/home/sshyuk/palletrone_ws/install/palletrone_interfaces:/home/sshyuk/palletrone_ws/install/palletrone_controller:/home/sshyuk/palletrone_ws/install/palletrone_cmd:/home/sshyuk/ros2_ws/install/motion_capture_tracking:/home/sshyuk/ros2_ws/install/motion_capture_tracking_interfaces:/home/sshyuk/ros2_ws/install/crawling_robot_controller:/home/sshyuk/palletrone_ws/install/plant:/home/sshyuk/ros2_ws/install/keyboard:/home/sshyuk/ros2_ws/install/inchworm:/home/sshyuk/ros2_ws/install/gimbal_utils:/opt/ros/humble /usr/bin/cmake --build /home/sshyuk/palletrone_ws/build/palletrone_controller -- -j20 -l20
[0.785s] DEBUG:colcon.colcon_core.event_handler.log_command:Invoking command in '/home/sshyuk/palletrone_ws/build/palletrone_controller': CMAKE_PREFIX_PATH=/home/sshyuk/palletrone_ws/install/palletrone_interfaces:/home/sshyuk/palletrone_ws/install/palletrone_controller:/home/sshyuk/palletrone_ws/install/palletrone_cmd:/home/sshyuk/ros2_ws/install/motion_capture_tracking:/home/sshyuk/ros2_ws/install/motion_capture_tracking_interfaces:/home/sshyuk/ros2_ws/install/crawling_robot_controller:/home/sshyuk/palletrone_ws/install/plant:/home/sshyuk/ros2_ws/install/keyboard:/home/sshyuk/ros2_ws/install/inchworm:/home/sshyuk/ros2_ws/install/gimbal_utils:/opt/ros/humble /usr/bin/cmake --install /home/sshyuk/palletrone_ws/build/palletrone_controller
[0.795s] Level 1:colcon.colcon_core.environment:create_environment_scripts_only(palletrone_cmd)
[0.795s] Level 1:colcon.colcon_core.environment:checking '/home/sshyuk/palletrone_ws/install/palletrone_cmd' for CMake module files
[0.796s] DEBUG:colcon.colcon_core.event_handler.log_command:Invoked command in '/home/sshyuk/palletrone_ws/build/palletrone_cmd' returned '0': CMAKE_PREFIX_PATH=/home/sshyuk/palletrone_ws/install/palletrone_interfaces:/home/sshyuk/palletrone_ws/install/palletrone_controller:/home/sshyuk/palletrone_ws/install/palletrone_cmd:/home/sshyuk/ros2_ws/install/motion_capture_tracking:/home/sshyuk/ros2_ws/install/motion_capture_tracking_interfaces:/home/sshyuk/ros2_ws/install/crawling_robot_controller:/home/sshyuk/palletrone_ws/install/plant:/home/sshyuk/ros2_ws/install/keyboard:/home/sshyuk/ros2_ws/install/inchworm:/home/sshyuk/ros2_ws/install/gimbal_utils:/opt/ros/humble /usr/bin/cmake --install /home/sshyuk/palletrone_ws/build/palletrone_cmd
[0.796s] Level 1:colcon.colcon_core.environment:checking '/home/sshyuk/palletrone_ws/install/palletrone_cmd' for CMake config files
[0.796s] Level 1:colcon.colcon_core.shell:create_environment_hook('palletrone_cmd', 'cmake_prefix_path')
[0.796s] INFO:colcon.colcon_core.shell:Creating environment hook '/home/sshyuk/palletrone_ws/install/palletrone_cmd/share/palletrone_cmd/hook/cmake_prefix_path.ps1'
[0.797s] INFO:colcon.colcon_core.shell:Creating environment descriptor '/home/sshyuk/palletrone_ws/install/palletrone_cmd/share/palletrone_cmd/hook/cmake_prefix_path.dsv'
[0.797s] INFO:colcon.colcon_core.shell:Creating environment hook '/home/sshyuk/palletrone_ws/install/palletrone_cmd/share/palletrone_cmd/hook/cmake_prefix_path.sh'
[0.797s] Level 1:colcon.colcon_core.environment:checking '/home/sshyuk/palletrone_ws/install/palletrone_cmd/lib'
[0.797s] Level 1:colcon.colcon_core.environment:checking '/home/sshyuk/palletrone_ws/install/palletrone_cmd/bin'
[0.797s] Level 1:colcon.colcon_core.environment:checking '/home/sshyuk/palletrone_ws/install/palletrone_cmd/lib/pkgconfig/palletrone_cmd.pc'
[0.797s] Level 1:colcon.colcon_core.environment:checking '/home/sshyuk/palletrone_ws/install/palletrone_cmd/lib/python3.10/site-packages'
[0.797s] Level 1:colcon.colcon_core.environment:checking '/home/sshyuk/palletrone_ws/install/palletrone_cmd/bin'
[0.798s] INFO:colcon.colcon_core.shell:Creating package script '/home/sshyuk/palletrone_ws/install/palletrone_cmd/share/palletrone_cmd/package.ps1'
[0.798s] INFO:colcon.colcon_core.shell:Creating package descriptor '/home/sshyuk/palletrone_ws/install/palletrone_cmd/share/palletrone_cmd/package.dsv'
[0.798s] INFO:colcon.colcon_core.shell:Creating package script '/home/sshyuk/palletrone_ws/install/palletrone_cmd/share/palletrone_cmd/package.sh'
[0.798s] INFO:colcon.colcon_core.shell:Creating package script '/home/sshyuk/palletrone_ws/install/palletrone_cmd/share/palletrone_cmd/package.bash'
[0.798s] INFO:colcon.colcon_core.shell:Creating package script '/home/sshyuk/palletrone_ws/install/palletrone_cmd/share/palletrone_cmd/package.zsh'
[0.799s] Level 1:colcon.colcon_core.environment:create_file_with_runtime_dependencies(/home/sshyuk/palletrone_ws/install/palletrone_cmd/share/colcon-core/packages/palletrone_cmd)
[0.799s] Level 1:colcon.colcon_core.environment:create_environment_scripts_only(palletrone_cmd)
[0.799s] Level 1:colcon.colcon_core.environment:checking '/home/sshyuk/palletrone_ws/install/palletrone_cmd' for CMake module files
[0.799s] Level 1:colcon.colcon_core.environment:checking '/home/sshyuk/palletrone_ws/install/palletrone_cmd' for CMake config files
[0.799s] Level 1:colcon.colcon_core.shell:create_environment_hook('palletrone_cmd', 'cmake_prefix_path')
[0.800s] INFO:colcon.colcon_core.shell:Creating environment hook '/home/sshyuk/palletrone_ws/install/palletrone_cmd/share/palletrone_cmd/hook/cmake_prefix_path.ps1'
[0.800s] INFO:colcon.colcon_core.shell:Creating environment descriptor '/home/sshyuk/palletrone_ws/install/palletrone_cmd/share/palletrone_cmd/hook/cmake_prefix_path.dsv'
[0.800s] INFO:colcon.colcon_core.shell:Creating environment hook '/home/sshyuk/palletrone_ws/install/palletrone_cmd/share/palletrone_cmd/hook/cmake_prefix_path.sh'
[0.800s] Level 1:colcon.colcon_core.environment:checking '/home/sshyuk/palletrone_ws/install/palletrone_cmd/lib'
[0.800s] Level 1:colcon.colcon_core.environment:checking '/home/sshyuk/palletrone_ws/install/palletrone_cmd/bin'
[0.800s] Level 1:colcon.colcon_core.environment:checking '/home/sshyuk/palletrone_ws/install/palletrone_cmd/lib/pkgconfig/palletrone_cmd.pc'
[0.800s] Level 1:colcon.colcon_core.environment:checking '/home/sshyuk/palletrone_ws/install/palletrone_cmd/lib/python3.10/site-packages'
[0.801s] Level 1:colcon.colcon_core.environment:checking '/home/sshyuk/palletrone_ws/install/palletrone_cmd/bin'
[0.801s] INFO:colcon.colcon_core.shell:Creating package script '/home/sshyuk/palletrone_ws/install/palletrone_cmd/share/palletrone_cmd/package.ps1'
[0.801s] INFO:colcon.colcon_core.shell:Creating package descriptor '/home/sshyuk/palletrone_ws/install/palletrone_cmd/share/palletrone_cmd/package.dsv'
[0.801s] INFO:colcon.colcon_core.shell:Creating package script '/home/sshyuk/palletrone_ws/install/palletrone_cmd/share/palletrone_cmd/package.sh'
[0.801s] INFO:colcon.colcon_core.shell:Creating package script '/home/sshyuk/palletrone_ws/install/palletrone_cmd/share/palletrone_cmd/package.bash'
[0.802s] INFO:colcon.colcon_core.shell:Creating package script '/home/sshyuk/palletrone_ws/install/palletrone_cmd/share/palletrone_cmd/package.zsh'
[0.802s] Level 1:colcon.colcon_core.environment:create_file_with_runtime_dependencies(/home/sshyuk/palletrone_ws/install/palletrone_cmd/share/colcon-core/packages/palletrone_cmd)
[0.802s] Level 1:colcon.colcon_core.environment:create_environment_scripts_only(palletrone_controller)
[0.802s] Level 1:colcon.colcon_core.environment:checking '/home/sshyuk/palletrone_ws/install/palletrone_controller' for CMake module files
[0.803s] DEBUG:colcon.colcon_core.event_handler.log_command:Invoked command in '/home/sshyuk/palletrone_ws/build/palletrone_controller' returned '0': CMAKE_PREFIX_PATH=/home/sshyuk/palletrone_ws/install/palletrone_interfaces:/home/sshyuk/palletrone_ws/install/palletrone_controller:/home/sshyuk/palletrone_ws/install/palletrone_cmd:/home/sshyuk/ros2_ws/install/motion_capture_tracking:/home/sshyuk/ros2_ws/install/motion_capture_tracking_interfaces:/home/sshyuk/ros2_ws/install/crawling_robot_controller:/home/sshyuk/palletrone_ws/install/plant:/home/sshyuk/ros2_ws/install/keyboard:/home/sshyuk/ros2_ws/install/inchworm:/home/sshyuk/ros2_ws/install/gimbal_utils:/opt/ros/humble /usr/bin/cmake --install /home/sshyuk/palletrone_ws/build/palletrone_controller
[0.803s] Level 1:colcon.colcon_core.environment:checking '/home/sshyuk/palletrone_ws/install/palletrone_controller' for CMake config files
[0.803s] Level 1:colcon.colcon_core.shell:create_environment_hook('palletrone_controller', 'cmake_prefix_path')
[0.803s] INFO:colcon.colcon_core.shell:Creating environment hook '/home/sshyuk/palletrone_ws/install/palletrone_controller/share/palletrone_controller/hook/cmake_prefix_path.ps1'
[0.804s] INFO:colcon.colcon_core.shell:Creating environment descriptor '/home/sshyuk/palletrone_ws/install/palletrone_controller/share/palletrone_controller/hook/cmake_prefix_path.dsv'
[0.804s] INFO:colcon.colcon_core.shell:Creating environment hook '/home/sshyuk/palletrone_ws/install/palletrone_controller/share/palletrone_controller/hook/cmake_prefix_path.sh'
[0.804s] Level 1:colcon.colcon_core.environment:checking '/home/sshyuk/palletrone_ws/install/palletrone_controller/lib'
[0.804s] Level 1:colcon.colcon_core.environment:checking '/home/sshyuk/palletrone_ws/install/palletrone_controller/bin'
[0.804s] Level 1:colcon.colcon_core.environment:checking '/home/sshyuk/palletrone_ws/install/palletrone_controller/lib/pkgconfig/palletrone_controller.pc'
[0.804s] Level 1:colcon.colcon_core.environment:checking '/home/sshyuk/palletrone_ws/install/palletrone_controller/lib/python3.10/site-packages'
[0.805s] Level 1:colcon.colcon_core.environment:checking '/home/sshyuk/palletrone_ws/install/palletrone_controller/bin'
[0.805s] INFO:colcon.colcon_core.shell:Creating package script '/home/sshyuk/palletrone_ws/install/palletrone_controller/share/palletrone_controller/package.ps1'
[0.805s] INFO:colcon.colcon_core.shell:Creating package descriptor '/home/sshyuk/palletrone_ws/install/palletrone_controller/share/palletrone_controller/package.dsv'
[0.805s] INFO:colcon.colcon_core.shell:Creating package script '/home/sshyuk/palletrone_ws/install/palletrone_controller/share/palletrone_controller/package.sh'
[0.806s] INFO:colcon.colcon_core.shell:Creating package script '/home/sshyuk/palletrone_ws/install/palletrone_controller/share/palletrone_controller/package.bash'
[0.806s] INFO:colcon.colcon_core.shell:Creating package script '/home/sshyuk/palletrone_ws/install/palletrone_controller/share/palletrone_controller/package.zsh'
[0.806s] Level 1:colcon.colcon_core.environment:create_file_with_runtime_dependencies(/home/sshyuk/palletrone_ws/install/palletrone_controller/share/colcon-core/packages/palletrone_controller)
[0.806s] Level 1:colcon.colcon_core.environment:create_environment_scripts_only(palletrone_controller)
[0.806s] Level 1:colcon.colcon_core.environment:checking '/home/sshyuk/palletrone_ws/install/palletrone_controller' for CMake module files
[0.807s] Level 1:colcon.colcon_core.environment:checking '/home/sshyuk/palletrone_ws/install/palletrone_controller' for CMake config files
[0.807s] Level 1:colcon.colcon_core.shell:create_environment_hook('palletrone_controller', 'cmake_prefix_path')
[0.807s] INFO:colcon.colcon_core.shell:Creating environment hook '/home/sshyuk/palletrone_ws/install/palletrone_controller/share/palletrone_controller/hook/cmake_prefix_path.ps1'
[0.807s] INFO:colcon.colcon_core.shell:Creating environment descriptor '/home/sshyuk/palletrone_ws/install/palletrone_controller/share/palletrone_controller/hook/cmake_prefix_path.dsv'
[0.807s] INFO:colcon.colcon_core.shell:Creating environment hook '/home/sshyuk/palletrone_ws/install/palletrone_controller/share/palletrone_controller/hook/cmake_prefix_path.sh'
[0.808s] Level 1:colcon.colcon_core.environment:checking '/home/sshyuk/palletrone_ws/install/palletrone_controller/lib'
[0.808s] Level 1:colcon.colcon_core.environment:checking '/home/sshyuk/palletrone_ws/install/palletrone_controller/bin'
[0.808s] Level 1:colcon.colcon_core.environment:checking '/home/sshyuk/palletrone_ws/install/palletrone_controller/lib/pkgconfig/palletrone_controller.pc'
[0.808s] Level 1:colcon.colcon_core.environment:checking '/home/sshyuk/palletrone_ws/install/palletrone_controller/lib/python3.10/site-packages'
[0.808s] Level 1:colcon.colcon_core.environment:checking '/home/sshyuk/palletrone_ws/install/palletrone_controller/bin'
[0.808s] INFO:colcon.colcon_core.shell:Creating package script '/home/sshyuk/palletrone_ws/install/palletrone_controller/share/palletrone_controller/package.ps1'
[0.808s] INFO:colcon.colcon_core.shell:Creating package descriptor '/home/sshyuk/palletrone_ws/install/palletrone_controller/share/palletrone_controller/package.dsv'
[0.809s] INFO:colcon.colcon_core.shell:Creating package script '/home/sshyuk/palletrone_ws/install/palletrone_controller/share/palletrone_controller/package.sh'
[0.809s] INFO:colcon.colcon_core.shell:Creating package script '/home/sshyuk/palletrone_ws/install/palletrone_controller/share/palletrone_controller/package.bash'
[0.809s] INFO:colcon.colcon_core.shell:Creating package script '/home/sshyuk/palletrone_ws/install/palletrone_controller/share/palletrone_controller/package.zsh'
[0.809s] Level 1:colcon.colcon_core.environment:create_file_with_runtime_dependencies(/home/sshyuk/palletrone_ws/install/palletrone_controller/share/colcon-core/packages/palletrone_controller)
[0.992s] DEBUG:colcon.colcon_core.event_handler.log_command:Invoking command in '/home/sshyuk/palletrone_ws/src/plant': CMAKE_PREFIX_PATH=/home/sshyuk/palletrone_ws/install/palletrone_interfaces:/home/sshyuk/palletrone_ws/install/palletrone_controller:/home/sshyuk/palletrone_ws/install/palletrone_cmd:/home/sshyuk/ros2_ws/install/motion_capture_tracking:/home/sshyuk/ros2_ws/install/motion_capture_tracking_interfaces:/home/sshyuk/ros2_ws/install/crawling_robot_controller PYTHONPATH=/home/sshyuk/palletrone_ws/build/plant/prefix_override:/usr/lib/python3/dist-packages/colcon_core/task/python/colcon_distutils_commands:/home/sshyuk/palletrone_ws/install/plant/lib/python3.10/site-packages:${PYTHONPATH} /usr/bin/python3 -W ignore:setup.py install is deprecated -W ignore:easy_install command is deprecated setup.py egg_info --egg-base ../../build/plant build --build-base /home/sshyuk/palletrone_ws/build/plant/build install --record /home/sshyuk/palletrone_ws/build/plant/install.log --single-version-externally-managed install_data
[1.172s] Level 1:colcon.colcon_core.environment:checking '/home/sshyuk/palletrone_ws/install/plant' for CMake module files
[1.172s] DEBUG:colcon.colcon_core.event_handler.log_command:Invoked command in '/home/sshyuk/palletrone_ws/src/plant' returned '0': CMAKE_PREFIX_PATH=/home/sshyuk/palletrone_ws/install/palletrone_interfaces:/home/sshyuk/palletrone_ws/install/palletrone_controller:/home/sshyuk/palletrone_ws/install/palletrone_cmd:/home/sshyuk/ros2_ws/install/motion_capture_tracking:/home/sshyuk/ros2_ws/install/motion_capture_tracking_interfaces:/home/sshyuk/ros2_ws/install/crawling_robot_controller PYTHONPATH=/home/sshyuk/palletrone_ws/build/plant/prefix_override:/usr/lib/python3/dist-packages/colcon_core/task/python/colcon_distutils_commands:/home/sshyuk/palletrone_ws/install/plant/lib/python3.10/site-packages:${PYTHONPATH} /usr/bin/python3 -W ignore:setup.py install is deprecated -W ignore:easy_install command is deprecated setup.py egg_info --egg-base ../../build/plant build --build-base /home/sshyuk/palletrone_ws/build/plant/build install --record /home/sshyuk/palletrone_ws/build/plant/install.log --single-version-externally-managed install_data
[1.172s] Level 1:colcon.colcon_core.environment:checking '/home/sshyuk/palletrone_ws/install/plant' for CMake config files
[1.173s] Level 1:colcon.colcon_core.environment:checking '/home/sshyuk/palletrone_ws/install/plant/lib'
[1.173s] Level 1:colcon.colcon_core.environment:checking '/home/sshyuk/palletrone_ws/install/plant/bin'
[1.173s] Level 1:colcon.colcon_core.environment:checking '/home/sshyuk/palletrone_ws/install/plant/lib/pkgconfig/plant.pc'
[1.173s] Level 1:colcon.colcon_core.environment:checking '/home/sshyuk/palletrone_ws/install/plant/lib/python3.10/site-packages'
[1.173s] Level 1:colcon.colcon_core.shell:create_environment_hook('plant', 'pythonpath')
[1.173s] INFO:colcon.colcon_core.shell:Creating environment hook '/home/sshyuk/palletrone_ws/install/plant/share/plant/hook/pythonpath.ps1'
[1.173s] INFO:colcon.colcon_core.shell:Creating environment descriptor '/home/sshyuk/palletrone_ws/install/plant/share/plant/hook/pythonpath.dsv'
[1.173s] INFO:colcon.colcon_core.shell:Creating environment hook '/home/sshyuk/palletrone_ws/install/plant/share/plant/hook/pythonpath.sh'
[1.174s] Level 1:colcon.colcon_core.environment:checking '/home/sshyuk/palletrone_ws/install/plant/bin'
[1.174s] Level 1:colcon.colcon_core.environment:create_environment_scripts_only(plant)
[1.174s] INFO:colcon.colcon_core.shell:Creating package script '/home/sshyuk/palletrone_ws/install/plant/share/plant/package.ps1'
[1.174s] INFO:colcon.colcon_core.shell:Creating package descriptor '/home/sshyuk/palletrone_ws/install/plant/share/plant/package.dsv'
[1.175s] INFO:colcon.colcon_core.shell:Creating package script '/home/sshyuk/palletrone_ws/install/plant/share/plant/package.sh'
[1.175s] INFO:colcon.colcon_core.shell:Creating package script '/home/sshyuk/palletrone_ws/install/plant/share/plant/package.bash'
[1.175s] INFO:colcon.colcon_core.shell:Creating package script '/home/sshyuk/palletrone_ws/install/plant/share/plant/package.zsh'
[1.175s] Level 1:colcon.colcon_core.environment:create_file_with_runtime_dependencies(/home/sshyuk/palletrone_ws/install/plant/share/colcon-core/packages/plant)
[1.175s] DEBUG:colcon.colcon_parallel_executor.executor.parallel:closing loop
[1.176s] DEBUG:colcon.colcon_parallel_executor.executor.parallel:loop closed
[1.176s] DEBUG:colcon.colcon_parallel_executor.executor.parallel:run_until_complete finished with '0'
[1.176s] DEBUG:colcon.colcon_core.event_reactor:joining thread
[1.179s] INFO:colcon.colcon_core.plugin_system:Skipping extension 'colcon_notification.desktop_notification.terminal_notifier': Not used on non-Darwin systems
[1.179s] INFO:colcon.colcon_core.plugin_system:Skipping extension 'colcon_notification.desktop_notification.win32': Not used on non-Windows systems
[1.179s] INFO:colcon.colcon_notification.desktop_notification:Sending desktop notification using 'notify2'
[1.190s] DEBUG:colcon.colcon_core.event_reactor:joined thread
[1.190s] INFO:colcon.colcon_core.shell:Creating prefix script '/home/sshyuk/palletrone_ws/install/local_setup.ps1'
[1.190s] INFO:colcon.colcon_core.shell:Creating prefix util module '/home/sshyuk/palletrone_ws/install/_local_setup_util_ps1.py'
[1.191s] INFO:colcon.colcon_core.shell:Creating prefix chain script '/home/sshyuk/palletrone_ws/install/setup.ps1'
[1.192s] INFO:colcon.colcon_core.shell:Creating prefix script '/home/sshyuk/palletrone_ws/install/local_setup.sh'
[1.192s] INFO:colcon.colcon_core.shell:Creating prefix util module '/home/sshyuk/palletrone_ws/install/_local_setup_util_sh.py'
[1.193s] INFO:colcon.colcon_core.shell:Creating prefix chain script '/home/sshyuk/palletrone_ws/install/setup.sh'
[1.194s] INFO:colcon.colcon_core.shell:Creating prefix script '/home/sshyuk/palletrone_ws/install/local_setup.bash'
[1.194s] INFO:colcon.colcon_core.shell:Creating prefix chain script '/home/sshyuk/palletrone_ws/install/setup.bash'
[1.195s] INFO:colcon.colcon_core.shell:Creating prefix script '/home/sshyuk/palletrone_ws/install/local_setup.zsh'
[1.195s] INFO:colcon.colcon_core.shell:Creating prefix chain script '/home/sshyuk/palletrone_ws/install/setup.zsh'
