[0.008s] Invoking command in '/home/sshyuk/palletrone_ws/build/palletrone_interfaces': CMAKE_PREFIX_PATH=${CMAKE_PREFIX_PATH}:/home/sshyuk/ros2_ws/install/keyboard:/home/sshyuk/ros2_ws/install/inchworm:/home/sshyuk/ros2_ws/install/gimbal_utils:/opt/ros/humble /usr/bin/cmake /home/sshyuk/palletrone_ws/src/palletrone_interfaces -DCMAKE_INSTALL_PREFIX=/home/sshyuk/palletrone_ws/install/palletrone_interfaces
[0.166s] -- The C compiler identification is GNU 11.4.0
[0.282s] -- The CXX compiler identification is GNU 11.4.0
[0.291s] -- Detecting C compiler ABI info
[0.377s] -- Detecting C compiler ABI info - done
[0.386s] -- Check for working C compiler: /usr/bin/cc - skipped
[0.387s] -- Detecting C compile features
[0.388s] -- Detecting C compile features - done
[0.392s] -- Detecting CXX compiler ABI info
[0.479s] -- Detecting CXX compiler ABI info - done
[0.484s] -- Check for working CXX compiler: /usr/bin/c++ - skipped
[0.484s] -- Detecting CXX compile features
[0.484s] -- Detecting CXX compile features - done
[0.488s] -- Found ament_cmake: 1.3.11 (/opt/ros/humble/share/ament_cmake/cmake)
[0.635s] -- Found Python3: /usr/bin/python3 (found version "3.10.12") found components: Interpreter 
[0.710s] -- Found rosidl_default_generators: 1.2.0 (/opt/ros/humble/share/rosidl_default_generators/cmake)
[0.716s] -- Using all available rosidl_typesupport_c: rosidl_typesupport_fastrtps_c;rosidl_typesupport_introspection_c
[0.729s] -- Found rosidl_adapter: 3.1.6 (/opt/ros/humble/share/rosidl_adapter/cmake)
[0.764s] -- Using all available rosidl_typesupport_cpp: rosidl_typesupport_fastrtps_cpp;rosidl_typesupport_introspection_cpp
[0.789s] -- Found std_msgs: 4.2.4 (/opt/ros/humble/share/std_msgs/cmake)
[1.031s] -- Found ament_cmake_ros: 0.10.0 (/opt/ros/humble/share/ament_cmake_ros/cmake)
[1.190s] -- Using all available rosidl_typesupport_c: rosidl_typesupport_fastrtps_c;rosidl_typesupport_introspection_c
[1.392s] -- Using all available rosidl_typesupport_cpp: rosidl_typesupport_fastrtps_cpp;rosidl_typesupport_introspection_cpp
[1.420s] -- Found PythonInterp: /usr/bin/python3 (found suitable version "3.10.12", minimum required is "3.6") 
[1.422s] -- Found python_cmake_module: 0.10.0 (/opt/ros/humble/share/python_cmake_module/cmake)
[1.453s] -- Found PythonLibs: /usr/lib/x86_64-linux-gnu/libpython3.10.so (found suitable version "3.10.12", minimum required is "3.5") 
[1.453s] -- Using PYTHON_EXECUTABLE: /usr/bin/python3
[1.453s] -- Using PYTHON_INCLUDE_DIRS: /usr/include/python3.10
[1.453s] -- Using PYTHON_LIBRARIES: /usr/lib/x86_64-linux-gnu/libpython3.10.so
[1.474s] -- Found PythonExtra: .so  
[1.523s] -- Configuring done
[1.545s] -- Generating done
[1.552s] -- Build files have been written to: /home/sshyuk/palletrone_ws/build/palletrone_interfaces
[1.556s] Invoked command in '/home/sshyuk/palletrone_ws/build/palletrone_interfaces' returned '0': CMAKE_PREFIX_PATH=${CMAKE_PREFIX_PATH}:/home/sshyuk/ros2_ws/install/keyboard:/home/sshyuk/ros2_ws/install/inchworm:/home/sshyuk/ros2_ws/install/gimbal_utils:/opt/ros/humble /usr/bin/cmake /home/sshyuk/palletrone_ws/src/palletrone_interfaces -DCMAKE_INSTALL_PREFIX=/home/sshyuk/palletrone_ws/install/palletrone_interfaces
[1.559s] Invoking command in '/home/sshyuk/palletrone_ws/build/palletrone_interfaces': CMAKE_PREFIX_PATH=${CMAKE_PREFIX_PATH}:/home/sshyuk/ros2_ws/install/keyboard:/home/sshyuk/ros2_ws/install/inchworm:/home/sshyuk/ros2_ws/install/gimbal_utils:/opt/ros/humble /usr/bin/cmake --build /home/sshyuk/palletrone_ws/build/palletrone_interfaces -- -j20 -l20
[1.598s] [  1%] [34m[1mGenerating C code for ROS interfaces[0m
[1.608s] [  3%] [34m[1mGenerating C++ code for ROS interfaces[0m
[1.616s] [  3%] Built target ament_cmake_python_copy_palletrone_interfaces
[1.772s] running egg_info
[1.772s] creating palletrone_interfaces.egg-info
[1.772s] writing palletrone_interfaces.egg-info/PKG-INFO
[1.772s] writing dependency_links to palletrone_interfaces.egg-info/dependency_links.txt
[1.772s] writing top-level names to palletrone_interfaces.egg-info/top_level.txt
[1.773s] writing manifest file 'palletrone_interfaces.egg-info/SOURCES.txt'
[1.774s] reading manifest file 'palletrone_interfaces.egg-info/SOURCES.txt'
[1.774s] writing manifest file 'palletrone_interfaces.egg-info/SOURCES.txt'
[1.793s] [  3%] Built target ament_cmake_python_build_palletrone_interfaces_egg
[1.925s] [  3%] Built target palletrone_interfaces__cpp
[1.930s] [  4%] [32mBuilding C object CMakeFiles/palletrone_interfaces__rosidl_generator_c.dir/rosidl_generator_c/palletrone_interfaces/msg/detail/palletrone_state__functions.c.o[0m
[1.931s] [  6%] [32mBuilding C object CMakeFiles/palletrone_interfaces__rosidl_generator_c.dir/rosidl_generator_c/palletrone_interfaces/msg/detail/wrench__functions.c.o[0m
[1.932s] [  9%] [34m[1mGenerating C++ type support for eProsima Fast-RTPS[0m
[1.932s] [  9%] [34m[1mGenerating C++ introspection for ROS interfaces[0m
[1.932s] [ 11%] [32mBuilding C object CMakeFiles/palletrone_interfaces__rosidl_generator_c.dir/rosidl_generator_c/palletrone_interfaces/msg/detail/cmd__functions.c.o[0m
[1.933s] [ 12%] [32mBuilding C object CMakeFiles/palletrone_interfaces__rosidl_generator_c.dir/rosidl_generator_c/palletrone_interfaces/msg/detail/input__functions.c.o[0m
[1.934s] [ 14%] [32mBuilding C object CMakeFiles/palletrone_interfaces__rosidl_generator_c.dir/rosidl_generator_c/palletrone_interfaces/msg/detail/arm_cmd__functions.c.o[0m
[1.935s] [ 15%] [34m[1mGenerating C++ type support dispatch for ROS interfaces[0m
[1.995s] [ 17%] [32m[1mLinking C shared library libpalletrone_interfaces__rosidl_generator_c.so[0m
[2.032s] [ 17%] Built target palletrone_interfaces__rosidl_generator_c
[2.043s] [ 22%] [34m[1mGenerating C introspection for ROS interfaces[0m
[2.043s] [ 22%] [34m[1mGenerating C type support dispatch for ROS interfaces[0m
[2.043s] [ 22%] [34m[1mGenerating C type support for eProsima Fast-RTPS[0m
[2.186s] [ 23%] [32mBuilding CXX object CMakeFiles/palletrone_interfaces__rosidl_typesupport_cpp.dir/rosidl_typesupport_cpp/palletrone_interfaces/msg/palletrone_state__type_support.cpp.o[0m
[2.186s] [ 25%] [32mBuilding CXX object CMakeFiles/palletrone_interfaces__rosidl_typesupport_cpp.dir/rosidl_typesupport_cpp/palletrone_interfaces/msg/wrench__type_support.cpp.o[0m
[2.187s] [ 26%] [32mBuilding CXX object CMakeFiles/palletrone_interfaces__rosidl_typesupport_cpp.dir/rosidl_typesupport_cpp/palletrone_interfaces/msg/input__type_support.cpp.o[0m
[2.187s] [ 28%] [32mBuilding CXX object CMakeFiles/palletrone_interfaces__rosidl_typesupport_cpp.dir/rosidl_typesupport_cpp/palletrone_interfaces/msg/cmd__type_support.cpp.o[0m
[2.188s] [ 30%] [32mBuilding CXX object CMakeFiles/palletrone_interfaces__rosidl_typesupport_cpp.dir/rosidl_typesupport_cpp/palletrone_interfaces/msg/arm_cmd__type_support.cpp.o[0m
[2.230s] [ 31%] [32mBuilding CXX object CMakeFiles/palletrone_interfaces__rosidl_typesupport_introspection_cpp.dir/rosidl_typesupport_introspection_cpp/palletrone_interfaces/msg/detail/cmd__type_support.cpp.o[0m
[2.240s] [ 33%] [32mBuilding CXX object CMakeFiles/palletrone_interfaces__rosidl_typesupport_introspection_cpp.dir/rosidl_typesupport_introspection_cpp/palletrone_interfaces/msg/detail/palletrone_state__type_support.cpp.o[0m
[2.242s] [ 34%] [32mBuilding CXX object CMakeFiles/palletrone_interfaces__rosidl_typesupport_introspection_cpp.dir/rosidl_typesupport_introspection_cpp/palletrone_interfaces/msg/detail/input__type_support.cpp.o[0m
[2.242s] [ 36%] [32mBuilding CXX object CMakeFiles/palletrone_interfaces__rosidl_typesupport_introspection_cpp.dir/rosidl_typesupport_introspection_cpp/palletrone_interfaces/msg/detail/wrench__type_support.cpp.o[0m
[2.243s] [ 38%] [32mBuilding CXX object CMakeFiles/palletrone_interfaces__rosidl_typesupport_introspection_cpp.dir/rosidl_typesupport_introspection_cpp/palletrone_interfaces/msg/detail/arm_cmd__type_support.cpp.o[0m
[2.413s] [ 39%] [32mBuilding CXX object CMakeFiles/palletrone_interfaces__rosidl_typesupport_fastrtps_cpp.dir/rosidl_typesupport_fastrtps_cpp/palletrone_interfaces/msg/detail/dds_fastrtps/wrench__type_support.cpp.o[0m
[2.421s] [ 41%] [32mBuilding CXX object CMakeFiles/palletrone_interfaces__rosidl_typesupport_fastrtps_cpp.dir/rosidl_typesupport_fastrtps_cpp/palletrone_interfaces/msg/detail/dds_fastrtps/input__type_support.cpp.o[0m
[2.428s] [ 42%] [32mBuilding CXX object CMakeFiles/palletrone_interfaces__rosidl_typesupport_fastrtps_cpp.dir/rosidl_typesupport_fastrtps_cpp/palletrone_interfaces/msg/detail/dds_fastrtps/cmd__type_support.cpp.o[0m
[2.429s] [ 44%] [32mBuilding CXX object CMakeFiles/palletrone_interfaces__rosidl_typesupport_fastrtps_cpp.dir/rosidl_typesupport_fastrtps_cpp/palletrone_interfaces/msg/detail/dds_fastrtps/palletrone_state__type_support.cpp.o[0m
[2.429s] [ 46%] [32mBuilding CXX object CMakeFiles/palletrone_interfaces__rosidl_typesupport_fastrtps_cpp.dir/rosidl_typesupport_fastrtps_cpp/palletrone_interfaces/msg/detail/dds_fastrtps/arm_cmd__type_support.cpp.o[0m
[3.052s] [ 47%] [32mBuilding CXX object CMakeFiles/palletrone_interfaces__rosidl_typesupport_c.dir/rosidl_typesupport_c/palletrone_interfaces/msg/input__type_support.cpp.o[0m
[3.052s] [ 49%] [32mBuilding CXX object CMakeFiles/palletrone_interfaces__rosidl_typesupport_c.dir/rosidl_typesupport_c/palletrone_interfaces/msg/cmd__type_support.cpp.o[0m
[3.053s] [ 50%] [32mBuilding CXX object CMakeFiles/palletrone_interfaces__rosidl_typesupport_c.dir/rosidl_typesupport_c/palletrone_interfaces/msg/palletrone_state__type_support.cpp.o[0m
[3.078s] [ 52%] [32mBuilding CXX object CMakeFiles/palletrone_interfaces__rosidl_typesupport_c.dir/rosidl_typesupport_c/palletrone_interfaces/msg/wrench__type_support.cpp.o[0m
[3.082s] [ 53%] [32mBuilding CXX object CMakeFiles/palletrone_interfaces__rosidl_typesupport_c.dir/rosidl_typesupport_c/palletrone_interfaces/msg/arm_cmd__type_support.cpp.o[0m
[3.107s] [ 55%] [32m[1mLinking CXX shared library libpalletrone_interfaces__rosidl_typesupport_c.so[0m
[3.130s] [ 58%] [32mBuilding C object CMakeFiles/palletrone_interfaces__rosidl_typesupport_introspection_c.dir/rosidl_typesupport_introspection_c/palletrone_interfaces/msg/detail/input__type_support.c.o[0m
[3.130s] [ 58%] [32mBuilding C object CMakeFiles/palletrone_interfaces__rosidl_typesupport_introspection_c.dir/rosidl_typesupport_introspection_c/palletrone_interfaces/msg/detail/palletrone_state__type_support.c.o[0m
[3.130s] [ 60%] [32mBuilding C object CMakeFiles/palletrone_interfaces__rosidl_typesupport_introspection_c.dir/rosidl_typesupport_introspection_c/palletrone_interfaces/msg/detail/cmd__type_support.c.o[0m
[3.147s] [ 61%] [32mBuilding C object CMakeFiles/palletrone_interfaces__rosidl_typesupport_introspection_c.dir/rosidl_typesupport_introspection_c/palletrone_interfaces/msg/detail/wrench__type_support.c.o[0m
[3.150s] [ 61%] Built target palletrone_interfaces__rosidl_typesupport_c
[3.163s] [ 63%] [32mBuilding C object CMakeFiles/palletrone_interfaces__rosidl_typesupport_introspection_c.dir/rosidl_typesupport_introspection_c/palletrone_interfaces/msg/detail/arm_cmd__type_support.c.o[0m
[3.183s] [ 69%] [32mBuilding CXX object CMakeFiles/palletrone_interfaces__rosidl_typesupport_fastrtps_c.dir/rosidl_typesupport_fastrtps_c/palletrone_interfaces/msg/detail/cmd__type_support_c.cpp.o[0m
[3.183s] [ 69%] [32mBuilding CXX object CMakeFiles/palletrone_interfaces__rosidl_typesupport_fastrtps_c.dir/rosidl_typesupport_fastrtps_c/palletrone_interfaces/msg/detail/palletrone_state__type_support_c.cpp.o[0m
[3.183s] [ 69%] [32mBuilding CXX object CMakeFiles/palletrone_interfaces__rosidl_typesupport_fastrtps_c.dir/rosidl_typesupport_fastrtps_c/palletrone_interfaces/msg/detail/input__type_support_c.cpp.o[0m
[3.183s] [ 69%] [32mBuilding CXX object CMakeFiles/palletrone_interfaces__rosidl_typesupport_fastrtps_c.dir/rosidl_typesupport_fastrtps_c/palletrone_interfaces/msg/detail/wrench__type_support_c.cpp.o[0m
[3.183s] [ 71%] [32mBuilding CXX object CMakeFiles/palletrone_interfaces__rosidl_typesupport_fastrtps_c.dir/rosidl_typesupport_fastrtps_c/palletrone_interfaces/msg/detail/arm_cmd__type_support_c.cpp.o[0m
[3.202s] [ 73%] [32m[1mLinking C shared library libpalletrone_interfaces__rosidl_typesupport_introspection_c.so[0m
[3.223s] [ 74%] [32m[1mLinking CXX shared library libpalletrone_interfaces__rosidl_typesupport_cpp.so[0m
[3.238s] [ 74%] Built target palletrone_interfaces__rosidl_typesupport_introspection_c
[3.314s] [ 74%] Built target palletrone_interfaces__rosidl_typesupport_cpp
[3.495s] [ 76%] [32m[1mLinking CXX shared library libpalletrone_interfaces__rosidl_typesupport_fastrtps_cpp.so[0m
[3.497s] [ 77%] [32m[1mLinking CXX shared library libpalletrone_interfaces__rosidl_typesupport_introspection_cpp.so[0m
[3.508s] [ 79%] [32m[1mLinking CXX shared library libpalletrone_interfaces__rosidl_typesupport_fastrtps_c.so[0m
[3.557s] [ 79%] Built target palletrone_interfaces__rosidl_typesupport_introspection_cpp
[3.558s] [ 79%] Built target palletrone_interfaces__rosidl_typesupport_fastrtps_cpp
[3.566s] [ 79%] Built target palletrone_interfaces__rosidl_typesupport_fastrtps_c
[3.584s] [ 79%] Built target palletrone_interfaces
[3.609s] [ 80%] [34m[1mGenerating Python code for ROS interfaces[0m
[4.082s] [ 80%] Built target palletrone_interfaces__py
[4.107s] [ 82%] [32mBuilding C object CMakeFiles/palletrone_interfaces__rosidl_generator_py.dir/rosidl_generator_py/palletrone_interfaces/msg/_palletrone_state_s.c.o[0m
[4.109s] [ 85%] [32mBuilding C object CMakeFiles/palletrone_interfaces__rosidl_generator_py.dir/rosidl_generator_py/palletrone_interfaces/msg/_wrench_s.c.o[0m
[4.109s] [ 85%] [32mBuilding C object CMakeFiles/palletrone_interfaces__rosidl_generator_py.dir/rosidl_generator_py/palletrone_interfaces/msg/_arm_cmd_s.c.o[0m
[4.110s] [ 87%] [32mBuilding C object CMakeFiles/palletrone_interfaces__rosidl_generator_py.dir/rosidl_generator_py/palletrone_interfaces/msg/_input_s.c.o[0m
[4.110s] [ 88%] [32mBuilding C object CMakeFiles/palletrone_interfaces__rosidl_generator_py.dir/rosidl_generator_py/palletrone_interfaces/msg/_cmd_s.c.o[0m
[4.206s] [ 90%] [32m[1mLinking C shared library rosidl_generator_py/palletrone_interfaces/libpalletrone_interfaces__rosidl_generator_py.so[0m
[4.245s] [ 90%] Built target palletrone_interfaces__rosidl_generator_py
[4.265s] [ 92%] [32mBuilding C object CMakeFiles/palletrone_interfaces__rosidl_typesupport_fastrtps_c__pyext.dir/rosidl_generator_py/palletrone_interfaces/_palletrone_interfaces_s.ep.rosidl_typesupport_fastrtps_c.c.o[0m
[4.266s] [ 93%] [32mBuilding C object CMakeFiles/palletrone_interfaces__rosidl_typesupport_introspection_c__pyext.dir/rosidl_generator_py/palletrone_interfaces/_palletrone_interfaces_s.ep.rosidl_typesupport_introspection_c.c.o[0m
[4.266s] [ 95%] [32mBuilding C object CMakeFiles/palletrone_interfaces__rosidl_typesupport_c__pyext.dir/rosidl_generator_py/palletrone_interfaces/_palletrone_interfaces_s.ep.rosidl_typesupport_c.c.o[0m
[4.337s] [ 98%] [32m[1mLinking C shared library rosidl_generator_py/palletrone_interfaces/palletrone_interfaces_s__rosidl_typesupport_c.cpython-310-x86_64-linux-gnu.so[0m
[4.337s] [ 98%] [32m[1mLinking C shared library rosidl_generator_py/palletrone_interfaces/palletrone_interfaces_s__rosidl_typesupport_fastrtps_c.cpython-310-x86_64-linux-gnu.so[0m
[4.338s] [100%] [32m[1mLinking C shared library rosidl_generator_py/palletrone_interfaces/palletrone_interfaces_s__rosidl_typesupport_introspection_c.cpython-310-x86_64-linux-gnu.so[0m
[4.368s] [100%] Built target palletrone_interfaces__rosidl_typesupport_fastrtps_c__pyext
[4.369s] [100%] Built target palletrone_interfaces__rosidl_typesupport_c__pyext
[4.370s] [100%] Built target palletrone_interfaces__rosidl_typesupport_introspection_c__pyext
[4.379s] Invoked command in '/home/sshyuk/palletrone_ws/build/palletrone_interfaces' returned '0': CMAKE_PREFIX_PATH=${CMAKE_PREFIX_PATH}:/home/sshyuk/ros2_ws/install/keyboard:/home/sshyuk/ros2_ws/install/inchworm:/home/sshyuk/ros2_ws/install/gimbal_utils:/opt/ros/humble /usr/bin/cmake --build /home/sshyuk/palletrone_ws/build/palletrone_interfaces -- -j20 -l20
[4.391s] Invoking command in '/home/sshyuk/palletrone_ws/build/palletrone_interfaces': CMAKE_PREFIX_PATH=${CMAKE_PREFIX_PATH}:/home/sshyuk/ros2_ws/install/keyboard:/home/sshyuk/ros2_ws/install/inchworm:/home/sshyuk/ros2_ws/install/gimbal_utils:/opt/ros/humble /usr/bin/cmake --install /home/sshyuk/palletrone_ws/build/palletrone_interfaces
[4.401s] -- Install configuration: ""
[4.401s] -- Installing: /home/sshyuk/palletrone_ws/install/palletrone_interfaces/share/ament_index/resource_index/rosidl_interfaces/palletrone_interfaces
[4.402s] -- Installing: /home/sshyuk/palletrone_ws/install/palletrone_interfaces/include/palletrone_interfaces/palletrone_interfaces
[4.402s] -- Installing: /home/sshyuk/palletrone_ws/install/palletrone_interfaces/include/palletrone_interfaces/palletrone_interfaces/msg
[4.402s] -- Installing: /home/sshyuk/palletrone_ws/install/palletrone_interfaces/include/palletrone_interfaces/palletrone_interfaces/msg/palletrone_state.h
[4.402s] -- Installing: /home/sshyuk/palletrone_ws/install/palletrone_interfaces/include/palletrone_interfaces/palletrone_interfaces/msg/arm_cmd.h
[4.402s] -- Installing: /home/sshyuk/palletrone_ws/install/palletrone_interfaces/include/palletrone_interfaces/palletrone_interfaces/msg/input.h
[4.402s] -- Installing: /home/sshyuk/palletrone_ws/install/palletrone_interfaces/include/palletrone_interfaces/palletrone_interfaces/msg/rosidl_generator_c__visibility_control.h
[4.402s] -- Installing: /home/sshyuk/palletrone_ws/install/palletrone_interfaces/include/palletrone_interfaces/palletrone_interfaces/msg/detail
[4.402s] -- Installing: /home/sshyuk/palletrone_ws/install/palletrone_interfaces/include/palletrone_interfaces/palletrone_interfaces/msg/detail/cmd__struct.h
[4.402s] -- Installing: /home/sshyuk/palletrone_ws/install/palletrone_interfaces/include/palletrone_interfaces/palletrone_interfaces/msg/detail/arm_cmd__struct.h
[4.402s] -- Installing: /home/sshyuk/palletrone_ws/install/palletrone_interfaces/include/palletrone_interfaces/palletrone_interfaces/msg/detail/arm_cmd__type_support.h
[4.402s] -- Installing: /home/sshyuk/palletrone_ws/install/palletrone_interfaces/include/palletrone_interfaces/palletrone_interfaces/msg/detail/input__type_support.h
[4.403s] -- Installing: /home/sshyuk/palletrone_ws/install/palletrone_interfaces/include/palletrone_interfaces/palletrone_interfaces/msg/detail/palletrone_state__struct.h
[4.403s] -- Installing: /home/sshyuk/palletrone_ws/install/palletrone_interfaces/include/palletrone_interfaces/palletrone_interfaces/msg/detail/wrench__functions.h
[4.403s] -- Installing: /home/sshyuk/palletrone_ws/install/palletrone_interfaces/include/palletrone_interfaces/palletrone_interfaces/msg/detail/arm_cmd__functions.h
[4.403s] -- Installing: /home/sshyuk/palletrone_ws/install/palletrone_interfaces/include/palletrone_interfaces/palletrone_interfaces/msg/detail/input__functions.h
[4.403s] -- Installing: /home/sshyuk/palletrone_ws/install/palletrone_interfaces/include/palletrone_interfaces/palletrone_interfaces/msg/detail/input__struct.h
[4.403s] -- Installing: /home/sshyuk/palletrone_ws/install/palletrone_interfaces/include/palletrone_interfaces/palletrone_interfaces/msg/detail/wrench__struct.h
[4.403s] -- Installing: /home/sshyuk/palletrone_ws/install/palletrone_interfaces/include/palletrone_interfaces/palletrone_interfaces/msg/detail/cmd__type_support.h
[4.403s] -- Installing: /home/sshyuk/palletrone_ws/install/palletrone_interfaces/include/palletrone_interfaces/palletrone_interfaces/msg/detail/arm_cmd__functions.c
[4.403s] -- Installing: /home/sshyuk/palletrone_ws/install/palletrone_interfaces/include/palletrone_interfaces/palletrone_interfaces/msg/detail/palletrone_state__functions.h
[4.403s] -- Installing: /home/sshyuk/palletrone_ws/install/palletrone_interfaces/include/palletrone_interfaces/palletrone_interfaces/msg/detail/input__functions.c
[4.403s] -- Installing: /home/sshyuk/palletrone_ws/install/palletrone_interfaces/include/palletrone_interfaces/palletrone_interfaces/msg/detail/cmd__functions.h
[4.403s] -- Installing: /home/sshyuk/palletrone_ws/install/palletrone_interfaces/include/palletrone_interfaces/palletrone_interfaces/msg/detail/palletrone_state__type_support.h
[4.403s] -- Installing: /home/sshyuk/palletrone_ws/install/palletrone_interfaces/include/palletrone_interfaces/palletrone_interfaces/msg/detail/palletrone_state__functions.c
[4.404s] -- Installing: /home/sshyuk/palletrone_ws/install/palletrone_interfaces/include/palletrone_interfaces/palletrone_interfaces/msg/detail/cmd__functions.c
[4.404s] -- Installing: /home/sshyuk/palletrone_ws/install/palletrone_interfaces/include/palletrone_interfaces/palletrone_interfaces/msg/detail/wrench__functions.c
[4.404s] -- Installing: /home/sshyuk/palletrone_ws/install/palletrone_interfaces/include/palletrone_interfaces/palletrone_interfaces/msg/detail/wrench__type_support.h
[4.404s] -- Installing: /home/sshyuk/palletrone_ws/install/palletrone_interfaces/include/palletrone_interfaces/palletrone_interfaces/msg/wrench.h
[4.404s] -- Installing: /home/sshyuk/palletrone_ws/install/palletrone_interfaces/include/palletrone_interfaces/palletrone_interfaces/msg/cmd.h
[4.404s] -- Installing: /home/sshyuk/palletrone_ws/install/palletrone_interfaces/share/palletrone_interfaces/environment/library_path.sh
[4.404s] -- Installing: /home/sshyuk/palletrone_ws/install/palletrone_interfaces/share/palletrone_interfaces/environment/library_path.dsv
[4.404s] -- Installing: /home/sshyuk/palletrone_ws/install/palletrone_interfaces/lib/libpalletrone_interfaces__rosidl_generator_c.so
[4.405s] -- Set runtime path of "/home/sshyuk/palletrone_ws/install/palletrone_interfaces/lib/libpalletrone_interfaces__rosidl_generator_c.so" to ""
[4.405s] -- Up-to-date: /home/sshyuk/palletrone_ws/install/palletrone_interfaces/include/palletrone_interfaces/palletrone_interfaces
[4.405s] -- Up-to-date: /home/sshyuk/palletrone_ws/install/palletrone_interfaces/include/palletrone_interfaces/palletrone_interfaces/msg
[4.405s] -- Up-to-date: /home/sshyuk/palletrone_ws/install/palletrone_interfaces/include/palletrone_interfaces/palletrone_interfaces/msg/detail
[4.405s] -- Installing: /home/sshyuk/palletrone_ws/install/palletrone_interfaces/include/palletrone_interfaces/palletrone_interfaces/msg/detail/input__rosidl_typesupport_fastrtps_c.h
[4.405s] -- Installing: /home/sshyuk/palletrone_ws/install/palletrone_interfaces/include/palletrone_interfaces/palletrone_interfaces/msg/detail/cmd__rosidl_typesupport_fastrtps_c.h
[4.405s] -- Installing: /home/sshyuk/palletrone_ws/install/palletrone_interfaces/include/palletrone_interfaces/palletrone_interfaces/msg/detail/arm_cmd__rosidl_typesupport_fastrtps_c.h
[4.405s] -- Installing: /home/sshyuk/palletrone_ws/install/palletrone_interfaces/include/palletrone_interfaces/palletrone_interfaces/msg/detail/wrench__rosidl_typesupport_fastrtps_c.h
[4.405s] -- Installing: /home/sshyuk/palletrone_ws/install/palletrone_interfaces/include/palletrone_interfaces/palletrone_interfaces/msg/detail/palletrone_state__rosidl_typesupport_fastrtps_c.h
[4.405s] -- Installing: /home/sshyuk/palletrone_ws/install/palletrone_interfaces/include/palletrone_interfaces/palletrone_interfaces/msg/rosidl_typesupport_fastrtps_c__visibility_control.h
[4.405s] -- Installing: /home/sshyuk/palletrone_ws/install/palletrone_interfaces/lib/libpalletrone_interfaces__rosidl_typesupport_fastrtps_c.so
[4.405s] -- Set runtime path of "/home/sshyuk/palletrone_ws/install/palletrone_interfaces/lib/libpalletrone_interfaces__rosidl_typesupport_fastrtps_c.so" to ""
[4.406s] -- Up-to-date: /home/sshyuk/palletrone_ws/install/palletrone_interfaces/include/palletrone_interfaces/palletrone_interfaces
[4.406s] -- Up-to-date: /home/sshyuk/palletrone_ws/install/palletrone_interfaces/include/palletrone_interfaces/palletrone_interfaces/msg
[4.406s] -- Up-to-date: /home/sshyuk/palletrone_ws/install/palletrone_interfaces/include/palletrone_interfaces/palletrone_interfaces/msg/detail
[4.406s] -- Installing: /home/sshyuk/palletrone_ws/install/palletrone_interfaces/include/palletrone_interfaces/palletrone_interfaces/msg/detail/arm_cmd__rosidl_typesupport_introspection_c.h
[4.406s] -- Installing: /home/sshyuk/palletrone_ws/install/palletrone_interfaces/include/palletrone_interfaces/palletrone_interfaces/msg/detail/palletrone_state__type_support.c
[4.406s] -- Installing: /home/sshyuk/palletrone_ws/install/palletrone_interfaces/include/palletrone_interfaces/palletrone_interfaces/msg/detail/wrench__type_support.c
[4.406s] -- Installing: /home/sshyuk/palletrone_ws/install/palletrone_interfaces/include/palletrone_interfaces/palletrone_interfaces/msg/detail/cmd__type_support.c
[4.406s] -- Installing: /home/sshyuk/palletrone_ws/install/palletrone_interfaces/include/palletrone_interfaces/palletrone_interfaces/msg/detail/palletrone_state__rosidl_typesupport_introspection_c.h
[4.406s] -- Installing: /home/sshyuk/palletrone_ws/install/palletrone_interfaces/include/palletrone_interfaces/palletrone_interfaces/msg/detail/wrench__rosidl_typesupport_introspection_c.h
[4.406s] -- Installing: /home/sshyuk/palletrone_ws/install/palletrone_interfaces/include/palletrone_interfaces/palletrone_interfaces/msg/detail/input__type_support.c
[4.406s] -- Installing: /home/sshyuk/palletrone_ws/install/palletrone_interfaces/include/palletrone_interfaces/palletrone_interfaces/msg/detail/input__rosidl_typesupport_introspection_c.h
[4.406s] -- Installing: /home/sshyuk/palletrone_ws/install/palletrone_interfaces/include/palletrone_interfaces/palletrone_interfaces/msg/detail/arm_cmd__type_support.c
[4.406s] -- Installing: /home/sshyuk/palletrone_ws/install/palletrone_interfaces/include/palletrone_interfaces/palletrone_interfaces/msg/detail/cmd__rosidl_typesupport_introspection_c.h
[4.406s] -- Installing: /home/sshyuk/palletrone_ws/install/palletrone_interfaces/include/palletrone_interfaces/palletrone_interfaces/msg/rosidl_typesupport_introspection_c__visibility_control.h
[4.406s] -- Installing: /home/sshyuk/palletrone_ws/install/palletrone_interfaces/lib/libpalletrone_interfaces__rosidl_typesupport_introspection_c.so
[4.406s] -- Set runtime path of "/home/sshyuk/palletrone_ws/install/palletrone_interfaces/lib/libpalletrone_interfaces__rosidl_typesupport_introspection_c.so" to ""
[4.407s] -- Installing: /home/sshyuk/palletrone_ws/install/palletrone_interfaces/lib/libpalletrone_interfaces__rosidl_typesupport_c.so
[4.407s] -- Set runtime path of "/home/sshyuk/palletrone_ws/install/palletrone_interfaces/lib/libpalletrone_interfaces__rosidl_typesupport_c.so" to ""
[4.407s] -- Up-to-date: /home/sshyuk/palletrone_ws/install/palletrone_interfaces/include/palletrone_interfaces/palletrone_interfaces
[4.407s] -- Up-to-date: /home/sshyuk/palletrone_ws/install/palletrone_interfaces/include/palletrone_interfaces/palletrone_interfaces/msg
[4.407s] -- Installing: /home/sshyuk/palletrone_ws/install/palletrone_interfaces/include/palletrone_interfaces/palletrone_interfaces/msg/wrench.hpp
[4.407s] -- Installing: /home/sshyuk/palletrone_ws/install/palletrone_interfaces/include/palletrone_interfaces/palletrone_interfaces/msg/input.hpp
[4.407s] -- Installing: /home/sshyuk/palletrone_ws/install/palletrone_interfaces/include/palletrone_interfaces/palletrone_interfaces/msg/cmd.hpp
[4.407s] -- Up-to-date: /home/sshyuk/palletrone_ws/install/palletrone_interfaces/include/palletrone_interfaces/palletrone_interfaces/msg/detail
[4.407s] -- Installing: /home/sshyuk/palletrone_ws/install/palletrone_interfaces/include/palletrone_interfaces/palletrone_interfaces/msg/detail/input__struct.hpp
[4.407s] -- Installing: /home/sshyuk/palletrone_ws/install/palletrone_interfaces/include/palletrone_interfaces/palletrone_interfaces/msg/detail/cmd__type_support.hpp
[4.407s] -- Installing: /home/sshyuk/palletrone_ws/install/palletrone_interfaces/include/palletrone_interfaces/palletrone_interfaces/msg/detail/input__traits.hpp
[4.407s] -- Installing: /home/sshyuk/palletrone_ws/install/palletrone_interfaces/include/palletrone_interfaces/palletrone_interfaces/msg/detail/cmd__traits.hpp
[4.407s] -- Installing: /home/sshyuk/palletrone_ws/install/palletrone_interfaces/include/palletrone_interfaces/palletrone_interfaces/msg/detail/arm_cmd__traits.hpp
[4.407s] -- Installing: /home/sshyuk/palletrone_ws/install/palletrone_interfaces/include/palletrone_interfaces/palletrone_interfaces/msg/detail/input__builder.hpp
[4.407s] -- Installing: /home/sshyuk/palletrone_ws/install/palletrone_interfaces/include/palletrone_interfaces/palletrone_interfaces/msg/detail/input__type_support.hpp
[4.407s] -- Installing: /home/sshyuk/palletrone_ws/install/palletrone_interfaces/include/palletrone_interfaces/palletrone_interfaces/msg/detail/palletrone_state__builder.hpp
[4.408s] -- Installing: /home/sshyuk/palletrone_ws/install/palletrone_interfaces/include/palletrone_interfaces/palletrone_interfaces/msg/detail/wrench__builder.hpp
[4.408s] -- Installing: /home/sshyuk/palletrone_ws/install/palletrone_interfaces/include/palletrone_interfaces/palletrone_interfaces/msg/detail/wrench__type_support.hpp
[4.408s] -- Installing: /home/sshyuk/palletrone_ws/install/palletrone_interfaces/include/palletrone_interfaces/palletrone_interfaces/msg/detail/wrench__struct.hpp
[4.408s] -- Installing: /home/sshyuk/palletrone_ws/install/palletrone_interfaces/include/palletrone_interfaces/palletrone_interfaces/msg/detail/palletrone_state__traits.hpp
[4.408s] -- Installing: /home/sshyuk/palletrone_ws/install/palletrone_interfaces/include/palletrone_interfaces/palletrone_interfaces/msg/detail/arm_cmd__struct.hpp
[4.408s] -- Installing: /home/sshyuk/palletrone_ws/install/palletrone_interfaces/include/palletrone_interfaces/palletrone_interfaces/msg/detail/cmd__struct.hpp
[4.408s] -- Installing: /home/sshyuk/palletrone_ws/install/palletrone_interfaces/include/palletrone_interfaces/palletrone_interfaces/msg/detail/arm_cmd__builder.hpp
[4.408s] -- Installing: /home/sshyuk/palletrone_ws/install/palletrone_interfaces/include/palletrone_interfaces/palletrone_interfaces/msg/detail/palletrone_state__type_support.hpp
[4.408s] -- Installing: /home/sshyuk/palletrone_ws/install/palletrone_interfaces/include/palletrone_interfaces/palletrone_interfaces/msg/detail/cmd__builder.hpp
[4.408s] -- Installing: /home/sshyuk/palletrone_ws/install/palletrone_interfaces/include/palletrone_interfaces/palletrone_interfaces/msg/detail/palletrone_state__struct.hpp
[4.408s] -- Installing: /home/sshyuk/palletrone_ws/install/palletrone_interfaces/include/palletrone_interfaces/palletrone_interfaces/msg/detail/wrench__traits.hpp
[4.408s] -- Installing: /home/sshyuk/palletrone_ws/install/palletrone_interfaces/include/palletrone_interfaces/palletrone_interfaces/msg/detail/arm_cmd__type_support.hpp
[4.408s] -- Installing: /home/sshyuk/palletrone_ws/install/palletrone_interfaces/include/palletrone_interfaces/palletrone_interfaces/msg/arm_cmd.hpp
[4.408s] -- Installing: /home/sshyuk/palletrone_ws/install/palletrone_interfaces/include/palletrone_interfaces/palletrone_interfaces/msg/palletrone_state.hpp
[4.408s] -- Installing: /home/sshyuk/palletrone_ws/install/palletrone_interfaces/include/palletrone_interfaces/palletrone_interfaces/msg/rosidl_generator_cpp__visibility_control.hpp
[4.408s] -- Up-to-date: /home/sshyuk/palletrone_ws/install/palletrone_interfaces/include/palletrone_interfaces/palletrone_interfaces
[4.408s] -- Up-to-date: /home/sshyuk/palletrone_ws/install/palletrone_interfaces/include/palletrone_interfaces/palletrone_interfaces/msg
[4.408s] -- Up-to-date: /home/sshyuk/palletrone_ws/install/palletrone_interfaces/include/palletrone_interfaces/palletrone_interfaces/msg/detail
[4.408s] -- Installing: /home/sshyuk/palletrone_ws/install/palletrone_interfaces/include/palletrone_interfaces/palletrone_interfaces/msg/detail/arm_cmd__rosidl_typesupport_fastrtps_cpp.hpp
[4.409s] -- Installing: /home/sshyuk/palletrone_ws/install/palletrone_interfaces/include/palletrone_interfaces/palletrone_interfaces/msg/detail/input__rosidl_typesupport_fastrtps_cpp.hpp
[4.409s] -- Installing: /home/sshyuk/palletrone_ws/install/palletrone_interfaces/include/palletrone_interfaces/palletrone_interfaces/msg/detail/dds_fastrtps
[4.409s] -- Installing: /home/sshyuk/palletrone_ws/install/palletrone_interfaces/include/palletrone_interfaces/palletrone_interfaces/msg/detail/palletrone_state__rosidl_typesupport_fastrtps_cpp.hpp
[4.409s] -- Installing: /home/sshyuk/palletrone_ws/install/palletrone_interfaces/include/palletrone_interfaces/palletrone_interfaces/msg/detail/cmd__rosidl_typesupport_fastrtps_cpp.hpp
[4.409s] -- Installing: /home/sshyuk/palletrone_ws/install/palletrone_interfaces/include/palletrone_interfaces/palletrone_interfaces/msg/detail/wrench__rosidl_typesupport_fastrtps_cpp.hpp
[4.409s] -- Installing: /home/sshyuk/palletrone_ws/install/palletrone_interfaces/include/palletrone_interfaces/palletrone_interfaces/msg/rosidl_typesupport_fastrtps_cpp__visibility_control.h
[4.409s] -- Installing: /home/sshyuk/palletrone_ws/install/palletrone_interfaces/lib/libpalletrone_interfaces__rosidl_typesupport_fastrtps_cpp.so
[4.409s] -- Set runtime path of "/home/sshyuk/palletrone_ws/install/palletrone_interfaces/lib/libpalletrone_interfaces__rosidl_typesupport_fastrtps_cpp.so" to ""
[4.409s] -- Up-to-date: /home/sshyuk/palletrone_ws/install/palletrone_interfaces/include/palletrone_interfaces/palletrone_interfaces
[4.409s] -- Up-to-date: /home/sshyuk/palletrone_ws/install/palletrone_interfaces/include/palletrone_interfaces/palletrone_interfaces/msg
[4.409s] -- Up-to-date: /home/sshyuk/palletrone_ws/install/palletrone_interfaces/include/palletrone_interfaces/palletrone_interfaces/msg/detail
[4.409s] -- Installing: /home/sshyuk/palletrone_ws/install/palletrone_interfaces/include/palletrone_interfaces/palletrone_interfaces/msg/detail/cmd__type_support.cpp
[4.409s] -- Installing: /home/sshyuk/palletrone_ws/install/palletrone_interfaces/include/palletrone_interfaces/palletrone_interfaces/msg/detail/input__type_support.cpp
[4.409s] -- Installing: /home/sshyuk/palletrone_ws/install/palletrone_interfaces/include/palletrone_interfaces/palletrone_interfaces/msg/detail/wrench__type_support.cpp
[4.409s] -- Installing: /home/sshyuk/palletrone_ws/install/palletrone_interfaces/include/palletrone_interfaces/palletrone_interfaces/msg/detail/arm_cmd__rosidl_typesupport_introspection_cpp.hpp
[4.409s] -- Installing: /home/sshyuk/palletrone_ws/install/palletrone_interfaces/include/palletrone_interfaces/palletrone_interfaces/msg/detail/cmd__rosidl_typesupport_introspection_cpp.hpp
[4.409s] -- Installing: /home/sshyuk/palletrone_ws/install/palletrone_interfaces/include/palletrone_interfaces/palletrone_interfaces/msg/detail/palletrone_state__rosidl_typesupport_introspection_cpp.hpp
[4.409s] -- Installing: /home/sshyuk/palletrone_ws/install/palletrone_interfaces/include/palletrone_interfaces/palletrone_interfaces/msg/detail/wrench__rosidl_typesupport_introspection_cpp.hpp
[4.410s] -- Installing: /home/sshyuk/palletrone_ws/install/palletrone_interfaces/include/palletrone_interfaces/palletrone_interfaces/msg/detail/palletrone_state__type_support.cpp
[4.410s] -- Installing: /home/sshyuk/palletrone_ws/install/palletrone_interfaces/include/palletrone_interfaces/palletrone_interfaces/msg/detail/input__rosidl_typesupport_introspection_cpp.hpp
[4.410s] -- Installing: /home/sshyuk/palletrone_ws/install/palletrone_interfaces/include/palletrone_interfaces/palletrone_interfaces/msg/detail/arm_cmd__type_support.cpp
[4.410s] -- Installing: /home/sshyuk/palletrone_ws/install/palletrone_interfaces/lib/libpalletrone_interfaces__rosidl_typesupport_introspection_cpp.so
[4.410s] -- Set runtime path of "/home/sshyuk/palletrone_ws/install/palletrone_interfaces/lib/libpalletrone_interfaces__rosidl_typesupport_introspection_cpp.so" to ""
[4.410s] -- Installing: /home/sshyuk/palletrone_ws/install/palletrone_interfaces/lib/libpalletrone_interfaces__rosidl_typesupport_cpp.so
[4.410s] -- Set runtime path of "/home/sshyuk/palletrone_ws/install/palletrone_interfaces/lib/libpalletrone_interfaces__rosidl_typesupport_cpp.so" to ""
[4.410s] -- Installing: /home/sshyuk/palletrone_ws/install/palletrone_interfaces/share/palletrone_interfaces/environment/pythonpath.sh
[4.410s] -- Installing: /home/sshyuk/palletrone_ws/install/palletrone_interfaces/share/palletrone_interfaces/environment/pythonpath.dsv
[4.410s] -- Installing: /home/sshyuk/palletrone_ws/install/palletrone_interfaces/local/lib/python3.10/dist-packages/palletrone_interfaces-0.0.0-py3.10.egg-info
[4.410s] -- Installing: /home/sshyuk/palletrone_ws/install/palletrone_interfaces/local/lib/python3.10/dist-packages/palletrone_interfaces-0.0.0-py3.10.egg-info/dependency_links.txt
[4.410s] -- Installing: /home/sshyuk/palletrone_ws/install/palletrone_interfaces/local/lib/python3.10/dist-packages/palletrone_interfaces-0.0.0-py3.10.egg-info/PKG-INFO
[4.410s] -- Installing: /home/sshyuk/palletrone_ws/install/palletrone_interfaces/local/lib/python3.10/dist-packages/palletrone_interfaces-0.0.0-py3.10.egg-info/SOURCES.txt
[4.410s] -- Installing: /home/sshyuk/palletrone_ws/install/palletrone_interfaces/local/lib/python3.10/dist-packages/palletrone_interfaces-0.0.0-py3.10.egg-info/top_level.txt
[4.410s] -- Installing: /home/sshyuk/palletrone_ws/install/palletrone_interfaces/local/lib/python3.10/dist-packages/palletrone_interfaces
[4.410s] -- Installing: /home/sshyuk/palletrone_ws/install/palletrone_interfaces/local/lib/python3.10/dist-packages/palletrone_interfaces/_palletrone_interfaces_s.ep.rosidl_typesupport_c.c
[4.411s] -- Installing: /home/sshyuk/palletrone_ws/install/palletrone_interfaces/local/lib/python3.10/dist-packages/palletrone_interfaces/libpalletrone_interfaces__rosidl_generator_py.so
[4.411s] -- Installing: /home/sshyuk/palletrone_ws/install/palletrone_interfaces/local/lib/python3.10/dist-packages/palletrone_interfaces/__init__.py
[4.411s] -- Installing: /home/sshyuk/palletrone_ws/install/palletrone_interfaces/local/lib/python3.10/dist-packages/palletrone_interfaces/palletrone_interfaces_s__rosidl_typesupport_fastrtps_c.cpython-310-x86_64-linux-gnu.so
[4.411s] -- Installing: /home/sshyuk/palletrone_ws/install/palletrone_interfaces/local/lib/python3.10/dist-packages/palletrone_interfaces/msg
[4.411s] -- Installing: /home/sshyuk/palletrone_ws/install/palletrone_interfaces/local/lib/python3.10/dist-packages/palletrone_interfaces/msg/_input_s.c
[4.411s] -- Installing: /home/sshyuk/palletrone_ws/install/palletrone_interfaces/local/lib/python3.10/dist-packages/palletrone_interfaces/msg/_arm_cmd.py
[4.411s] -- Installing: /home/sshyuk/palletrone_ws/install/palletrone_interfaces/local/lib/python3.10/dist-packages/palletrone_interfaces/msg/_palletrone_state_s.c
[4.411s] -- Installing: /home/sshyuk/palletrone_ws/install/palletrone_interfaces/local/lib/python3.10/dist-packages/palletrone_interfaces/msg/_wrench.py
[4.411s] -- Installing: /home/sshyuk/palletrone_ws/install/palletrone_interfaces/local/lib/python3.10/dist-packages/palletrone_interfaces/msg/__init__.py
[4.411s] -- Installing: /home/sshyuk/palletrone_ws/install/palletrone_interfaces/local/lib/python3.10/dist-packages/palletrone_interfaces/msg/_arm_cmd_s.c
[4.411s] -- Installing: /home/sshyuk/palletrone_ws/install/palletrone_interfaces/local/lib/python3.10/dist-packages/palletrone_interfaces/msg/_input.py
[4.411s] -- Installing: /home/sshyuk/palletrone_ws/install/palletrone_interfaces/local/lib/python3.10/dist-packages/palletrone_interfaces/msg/_palletrone_state.py
[4.411s] -- Installing: /home/sshyuk/palletrone_ws/install/palletrone_interfaces/local/lib/python3.10/dist-packages/palletrone_interfaces/msg/_cmd_s.c
[4.411s] -- Installing: /home/sshyuk/palletrone_ws/install/palletrone_interfaces/local/lib/python3.10/dist-packages/palletrone_interfaces/msg/_wrench_s.c
[4.411s] -- Installing: /home/sshyuk/palletrone_ws/install/palletrone_interfaces/local/lib/python3.10/dist-packages/palletrone_interfaces/msg/_cmd.py
[4.411s] -- Installing: /home/sshyuk/palletrone_ws/install/palletrone_interfaces/local/lib/python3.10/dist-packages/palletrone_interfaces/_palletrone_interfaces_s.ep.rosidl_typesupport_introspection_c.c
[4.411s] -- Installing: /home/sshyuk/palletrone_ws/install/palletrone_interfaces/local/lib/python3.10/dist-packages/palletrone_interfaces/_palletrone_interfaces_s.ep.rosidl_typesupport_fastrtps_c.c
[4.411s] -- Installing: /home/sshyuk/palletrone_ws/install/palletrone_interfaces/local/lib/python3.10/dist-packages/palletrone_interfaces/palletrone_interfaces_s__rosidl_typesupport_c.cpython-310-x86_64-linux-gnu.so
[4.411s] -- Installing: /home/sshyuk/palletrone_ws/install/palletrone_interfaces/local/lib/python3.10/dist-packages/palletrone_interfaces/palletrone_interfaces_s__rosidl_typesupport_introspection_c.cpython-310-x86_64-linux-gnu.so
[4.440s] Listing '/home/sshyuk/palletrone_ws/install/palletrone_interfaces/local/lib/python3.10/dist-packages/palletrone_interfaces'...
[4.440s] Compiling '/home/sshyuk/palletrone_ws/install/palletrone_interfaces/local/lib/python3.10/dist-packages/palletrone_interfaces/__init__.py'...
[4.440s] Listing '/home/sshyuk/palletrone_ws/install/palletrone_interfaces/local/lib/python3.10/dist-packages/palletrone_interfaces/msg'...
[4.440s] Compiling '/home/sshyuk/palletrone_ws/install/palletrone_interfaces/local/lib/python3.10/dist-packages/palletrone_interfaces/msg/__init__.py'...
[4.440s] Compiling '/home/sshyuk/palletrone_ws/install/palletrone_interfaces/local/lib/python3.10/dist-packages/palletrone_interfaces/msg/_arm_cmd.py'...
[4.440s] Compiling '/home/sshyuk/palletrone_ws/install/palletrone_interfaces/local/lib/python3.10/dist-packages/palletrone_interfaces/msg/_cmd.py'...
[4.440s] Compiling '/home/sshyuk/palletrone_ws/install/palletrone_interfaces/local/lib/python3.10/dist-packages/palletrone_interfaces/msg/_input.py'...
[4.440s] Compiling '/home/sshyuk/palletrone_ws/install/palletrone_interfaces/local/lib/python3.10/dist-packages/palletrone_interfaces/msg/_palletrone_state.py'...
[4.440s] Compiling '/home/sshyuk/palletrone_ws/install/palletrone_interfaces/local/lib/python3.10/dist-packages/palletrone_interfaces/msg/_wrench.py'...
[4.443s] -- Installing: /home/sshyuk/palletrone_ws/install/palletrone_interfaces/local/lib/python3.10/dist-packages/palletrone_interfaces/palletrone_interfaces_s__rosidl_typesupport_fastrtps_c.cpython-310-x86_64-linux-gnu.so
[4.443s] -- Set runtime path of "/home/sshyuk/palletrone_ws/install/palletrone_interfaces/local/lib/python3.10/dist-packages/palletrone_interfaces/palletrone_interfaces_s__rosidl_typesupport_fastrtps_c.cpython-310-x86_64-linux-gnu.so" to ""
[4.443s] -- Installing: /home/sshyuk/palletrone_ws/install/palletrone_interfaces/local/lib/python3.10/dist-packages/palletrone_interfaces/palletrone_interfaces_s__rosidl_typesupport_introspection_c.cpython-310-x86_64-linux-gnu.so
[4.443s] -- Set runtime path of "/home/sshyuk/palletrone_ws/install/palletrone_interfaces/local/lib/python3.10/dist-packages/palletrone_interfaces/palletrone_interfaces_s__rosidl_typesupport_introspection_c.cpython-310-x86_64-linux-gnu.so" to ""
[4.443s] -- Installing: /home/sshyuk/palletrone_ws/install/palletrone_interfaces/local/lib/python3.10/dist-packages/palletrone_interfaces/palletrone_interfaces_s__rosidl_typesupport_c.cpython-310-x86_64-linux-gnu.so
[4.443s] -- Set runtime path of "/home/sshyuk/palletrone_ws/install/palletrone_interfaces/local/lib/python3.10/dist-packages/palletrone_interfaces/palletrone_interfaces_s__rosidl_typesupport_c.cpython-310-x86_64-linux-gnu.so" to ""
[4.443s] -- Installing: /home/sshyuk/palletrone_ws/install/palletrone_interfaces/lib/libpalletrone_interfaces__rosidl_generator_py.so
[4.443s] -- Set runtime path of "/home/sshyuk/palletrone_ws/install/palletrone_interfaces/lib/libpalletrone_interfaces__rosidl_generator_py.so" to ""
[4.443s] -- Installing: /home/sshyuk/palletrone_ws/install/palletrone_interfaces/share/palletrone_interfaces/msg/Input.idl
[4.443s] -- Installing: /home/sshyuk/palletrone_ws/install/palletrone_interfaces/share/palletrone_interfaces/msg/PalletroneState.idl
[4.443s] -- Installing: /home/sshyuk/palletrone_ws/install/palletrone_interfaces/share/palletrone_interfaces/msg/Cmd.idl
[4.443s] -- Installing: /home/sshyuk/palletrone_ws/install/palletrone_interfaces/share/palletrone_interfaces/msg/Wrench.idl
[4.443s] -- Installing: /home/sshyuk/palletrone_ws/install/palletrone_interfaces/share/palletrone_interfaces/msg/ArmCmd.idl
[4.443s] -- Installing: /home/sshyuk/palletrone_ws/install/palletrone_interfaces/share/palletrone_interfaces/msg/Input.msg
[4.443s] -- Installing: /home/sshyuk/palletrone_ws/install/palletrone_interfaces/share/palletrone_interfaces/msg/PalletroneState.msg
[4.444s] -- Installing: /home/sshyuk/palletrone_ws/install/palletrone_interfaces/share/palletrone_interfaces/msg/Cmd.msg
[4.444s] -- Installing: /home/sshyuk/palletrone_ws/install/palletrone_interfaces/share/palletrone_interfaces/msg/Wrench.msg
[4.444s] -- Installing: /home/sshyuk/palletrone_ws/install/palletrone_interfaces/share/palletrone_interfaces/msg/ArmCmd.msg
[4.444s] -- Installing: /home/sshyuk/palletrone_ws/install/palletrone_interfaces/share/ament_index/resource_index/package_run_dependencies/palletrone_interfaces
[4.444s] -- Installing: /home/sshyuk/palletrone_ws/install/palletrone_interfaces/share/ament_index/resource_index/parent_prefix_path/palletrone_interfaces
[4.444s] -- Installing: /home/sshyuk/palletrone_ws/install/palletrone_interfaces/share/palletrone_interfaces/environment/ament_prefix_path.sh
[4.444s] -- Installing: /home/sshyuk/palletrone_ws/install/palletrone_interfaces/share/palletrone_interfaces/environment/ament_prefix_path.dsv
[4.444s] -- Installing: /home/sshyuk/palletrone_ws/install/palletrone_interfaces/share/palletrone_interfaces/environment/path.sh
[4.444s] -- Installing: /home/sshyuk/palletrone_ws/install/palletrone_interfaces/share/palletrone_interfaces/environment/path.dsv
[4.444s] -- Installing: /home/sshyuk/palletrone_ws/install/palletrone_interfaces/share/palletrone_interfaces/local_setup.bash
[4.444s] -- Installing: /home/sshyuk/palletrone_ws/install/palletrone_interfaces/share/palletrone_interfaces/local_setup.sh
[4.444s] -- Installing: /home/sshyuk/palletrone_ws/install/palletrone_interfaces/share/palletrone_interfaces/local_setup.zsh
[4.444s] -- Installing: /home/sshyuk/palletrone_ws/install/palletrone_interfaces/share/palletrone_interfaces/local_setup.dsv
[4.444s] -- Installing: /home/sshyuk/palletrone_ws/install/palletrone_interfaces/share/palletrone_interfaces/package.dsv
[4.444s] -- Installing: /home/sshyuk/palletrone_ws/install/palletrone_interfaces/share/ament_index/resource_index/packages/palletrone_interfaces
[4.444s] -- Installing: /home/sshyuk/palletrone_ws/install/palletrone_interfaces/share/palletrone_interfaces/cmake/export_palletrone_interfaces__rosidl_generator_cExport.cmake
[4.444s] -- Installing: /home/sshyuk/palletrone_ws/install/palletrone_interfaces/share/palletrone_interfaces/cmake/export_palletrone_interfaces__rosidl_generator_cExport-noconfig.cmake
[4.444s] -- Installing: /home/sshyuk/palletrone_ws/install/palletrone_interfaces/share/palletrone_interfaces/cmake/export_palletrone_interfaces__rosidl_typesupport_fastrtps_cExport.cmake
[4.444s] -- Installing: /home/sshyuk/palletrone_ws/install/palletrone_interfaces/share/palletrone_interfaces/cmake/export_palletrone_interfaces__rosidl_typesupport_fastrtps_cExport-noconfig.cmake
[4.445s] -- Installing: /home/sshyuk/palletrone_ws/install/palletrone_interfaces/share/palletrone_interfaces/cmake/palletrone_interfaces__rosidl_typesupport_introspection_cExport.cmake
[4.445s] -- Installing: /home/sshyuk/palletrone_ws/install/palletrone_interfaces/share/palletrone_interfaces/cmake/palletrone_interfaces__rosidl_typesupport_introspection_cExport-noconfig.cmake
[4.445s] -- Installing: /home/sshyuk/palletrone_ws/install/palletrone_interfaces/share/palletrone_interfaces/cmake/palletrone_interfaces__rosidl_typesupport_cExport.cmake
[4.445s] -- Installing: /home/sshyuk/palletrone_ws/install/palletrone_interfaces/share/palletrone_interfaces/cmake/palletrone_interfaces__rosidl_typesupport_cExport-noconfig.cmake
[4.445s] -- Installing: /home/sshyuk/palletrone_ws/install/palletrone_interfaces/share/palletrone_interfaces/cmake/export_palletrone_interfaces__rosidl_generator_cppExport.cmake
[4.445s] -- Installing: /home/sshyuk/palletrone_ws/install/palletrone_interfaces/share/palletrone_interfaces/cmake/export_palletrone_interfaces__rosidl_typesupport_fastrtps_cppExport.cmake
[4.445s] -- Installing: /home/sshyuk/palletrone_ws/install/palletrone_interfaces/share/palletrone_interfaces/cmake/export_palletrone_interfaces__rosidl_typesupport_fastrtps_cppExport-noconfig.cmake
[4.445s] -- Installing: /home/sshyuk/palletrone_ws/install/palletrone_interfaces/share/palletrone_interfaces/cmake/palletrone_interfaces__rosidl_typesupport_introspection_cppExport.cmake
[4.445s] -- Installing: /home/sshyuk/palletrone_ws/install/palletrone_interfaces/share/palletrone_interfaces/cmake/palletrone_interfaces__rosidl_typesupport_introspection_cppExport-noconfig.cmake
[4.445s] -- Installing: /home/sshyuk/palletrone_ws/install/palletrone_interfaces/share/palletrone_interfaces/cmake/palletrone_interfaces__rosidl_typesupport_cppExport.cmake
[4.445s] -- Installing: /home/sshyuk/palletrone_ws/install/palletrone_interfaces/share/palletrone_interfaces/cmake/palletrone_interfaces__rosidl_typesupport_cppExport-noconfig.cmake
[4.445s] -- Installing: /home/sshyuk/palletrone_ws/install/palletrone_interfaces/share/palletrone_interfaces/cmake/export_palletrone_interfaces__rosidl_generator_pyExport.cmake
[4.445s] -- Installing: /home/sshyuk/palletrone_ws/install/palletrone_interfaces/share/palletrone_interfaces/cmake/export_palletrone_interfaces__rosidl_generator_pyExport-noconfig.cmake
[4.445s] -- Installing: /home/sshyuk/palletrone_ws/install/palletrone_interfaces/share/palletrone_interfaces/cmake/rosidl_cmake-extras.cmake
[4.446s] -- Installing: /home/sshyuk/palletrone_ws/install/palletrone_interfaces/share/palletrone_interfaces/cmake/ament_cmake_export_dependencies-extras.cmake
[4.446s] -- Installing: /home/sshyuk/palletrone_ws/install/palletrone_interfaces/share/palletrone_interfaces/cmake/ament_cmake_export_include_directories-extras.cmake
[4.446s] -- Installing: /home/sshyuk/palletrone_ws/install/palletrone_interfaces/share/palletrone_interfaces/cmake/ament_cmake_export_libraries-extras.cmake
[4.446s] -- Installing: /home/sshyuk/palletrone_ws/install/palletrone_interfaces/share/palletrone_interfaces/cmake/ament_cmake_export_targets-extras.cmake
[4.446s] -- Installing: /home/sshyuk/palletrone_ws/install/palletrone_interfaces/share/palletrone_interfaces/cmake/rosidl_cmake_export_typesupport_targets-extras.cmake
[4.446s] -- Installing: /home/sshyuk/palletrone_ws/install/palletrone_interfaces/share/palletrone_interfaces/cmake/rosidl_cmake_export_typesupport_libraries-extras.cmake
[4.446s] -- Installing: /home/sshyuk/palletrone_ws/install/palletrone_interfaces/share/palletrone_interfaces/cmake/palletrone_interfacesConfig.cmake
[4.446s] -- Installing: /home/sshyuk/palletrone_ws/install/palletrone_interfaces/share/palletrone_interfaces/cmake/palletrone_interfacesConfig-version.cmake
[4.446s] -- Installing: /home/sshyuk/palletrone_ws/install/palletrone_interfaces/share/palletrone_interfaces/package.xml
[4.448s] Invoked command in '/home/sshyuk/palletrone_ws/build/palletrone_interfaces' returned '0': CMAKE_PREFIX_PATH=${CMAKE_PREFIX_PATH}:/home/sshyuk/ros2_ws/install/keyboard:/home/sshyuk/ros2_ws/install/inchworm:/home/sshyuk/ros2_ws/install/gimbal_utils:/opt/ros/humble /usr/bin/cmake --install /home/sshyuk/palletrone_ws/build/palletrone_interfaces
