-- The C compiler identification is GNU 11.4.0
-- The CXX compiler identification is GNU 11.4.0
-- Detecting C compiler ABI info
-- Detecting C compiler ABI info - done
-- Check for working C compiler: /usr/bin/cc - skipped
-- Detecting C compile features
-- Detecting C compile features - done
-- Detecting CXX compiler ABI info
-- Detecting CXX compiler ABI info - done
-- Check for working CXX compiler: /usr/bin/c++ - skipped
-- Detecting CXX compile features
-- Detecting CXX compile features - done
-- Found ament_cmake: 1.3.11 (/opt/ros/humble/share/ament_cmake/cmake)
-- Found Python3: /usr/bin/python3 (found version "3.10.12") found components: Interpreter 
-- Found rclcpp: 16.0.11 (/opt/ros/humble/share/rclcpp/cmake)
-- Found rosidl_generator_c: 3.1.6 (/opt/ros/humble/share/rosidl_generator_c/cmake)
-- Found rosidl_adapter: 3.1.6 (/opt/ros/humble/share/rosidl_adapter/cmake)
-- Found rosidl_generator_cpp: 3.1.6 (/opt/ros/humble/share/rosidl_generator_cpp/cmake)
-- Using all available rosidl_typesupport_c: rosidl_typesupport_fastrtps_c;rosidl_typesupport_introspection_c
-- Using all available rosidl_typesupport_cpp: rosidl_typesupport_fastrtps_cpp;rosidl_typesupport_introspection_cpp
-- Found rmw_implementation_cmake: 6.1.2 (/opt/ros/humble/share/rmw_implementation_cmake/cmake)
-- Found rmw_fastrtps_cpp: 6.2.7 (/opt/ros/humble/share/rmw_fastrtps_cpp/cmake)
-- Found OpenSSL: /usr/lib/x86_64-linux-gnu/libcrypto.so (found version "3.0.2")  
-- Found FastRTPS: /opt/ros/humble/include  
-- Using RMW implementation 'rmw_fastrtps_cpp' as default
-- Looking for pthread.h
-- Looking for pthread.h - found
-- Performing Test CMAKE_HAVE_LIBC_PTHREAD
-- Performing Test CMAKE_HAVE_LIBC_PTHREAD - Success
-- Found Threads: TRUE  
-- Found palletrone_interfaces: 0.0.0 (/home/sshyuk/palletrone_ws/install/palletrone_interfaces/share/palletrone_interfaces/cmake)
-- Found eigen3_cmake_module: 0.1.1 (/opt/ros/humble/share/eigen3_cmake_module/cmake)
-- Found Eigen3: TRUE (found version "3.4.0") 
-- Configuring done
-- Generating done
-- Build files have been written to: /home/sshyuk/palletrone_ws/build/palletrone_controller
[ 25%] [32mBuilding CXX object CMakeFiles/wrench_controller.dir/src/wrench_controller.cpp.o[0m
[ 50%] [32mBuilding CXX object CMakeFiles/allocator_controller.dir/src/allocator_controller.cpp.o[0m
[ 75%] [32m[1mLinking CXX executable wrench_controller[0m
[ 75%] Built target wrench_controller
[100%] [32m[1mLinking CXX executable allocator_controller[0m
[100%] Built target allocator_controller
-- Install configuration: ""
-- Installing: /home/sshyuk/palletrone_ws/install/palletrone_controller/lib/palletrone_controller/wrench_controller
-- Set runtime path of "/home/sshyuk/palletrone_ws/install/palletrone_controller/lib/palletrone_controller/wrench_controller" to ""
-- Installing: /home/sshyuk/palletrone_ws/install/palletrone_controller/lib/palletrone_controller/allocator_controller
-- Set runtime path of "/home/sshyuk/palletrone_ws/install/palletrone_controller/lib/palletrone_controller/allocator_controller" to ""
-- Installing: /home/sshyuk/palletrone_ws/install/palletrone_controller/share/ament_index/resource_index/package_run_dependencies/palletrone_controller
-- Installing: /home/sshyuk/palletrone_ws/install/palletrone_controller/share/ament_index/resource_index/parent_prefix_path/palletrone_controller
-- Installing: /home/sshyuk/palletrone_ws/install/palletrone_controller/share/palletrone_controller/environment/ament_prefix_path.sh
-- Installing: /home/sshyuk/palletrone_ws/install/palletrone_controller/share/palletrone_controller/environment/ament_prefix_path.dsv
-- Installing: /home/sshyuk/palletrone_ws/install/palletrone_controller/share/palletrone_controller/environment/path.sh
-- Installing: /home/sshyuk/palletrone_ws/install/palletrone_controller/share/palletrone_controller/environment/path.dsv
-- Installing: /home/sshyuk/palletrone_ws/install/palletrone_controller/share/palletrone_controller/local_setup.bash
-- Installing: /home/sshyuk/palletrone_ws/install/palletrone_controller/share/palletrone_controller/local_setup.sh
-- Installing: /home/sshyuk/palletrone_ws/install/palletrone_controller/share/palletrone_controller/local_setup.zsh
-- Installing: /home/sshyuk/palletrone_ws/install/palletrone_controller/share/palletrone_controller/local_setup.dsv
-- Installing: /home/sshyuk/palletrone_ws/install/palletrone_controller/share/palletrone_controller/package.dsv
-- Installing: /home/sshyuk/palletrone_ws/install/palletrone_controller/share/ament_index/resource_index/packages/palletrone_controller
-- Installing: /home/sshyuk/palletrone_ws/install/palletrone_controller/share/palletrone_controller/cmake/palletrone_controllerConfig.cmake
-- Installing: /home/sshyuk/palletrone_ws/install/palletrone_controller/share/palletrone_controller/cmake/palletrone_controllerConfig-version.cmake
-- Installing: /home/sshyuk/palletrone_ws/install/palletrone_controller/share/palletrone_controller/package.xml
