[0.009s] Invoking command in '/home/sshyuk/palletrone_ws/build/palletrone_controller': AMENT_PREFIX_PATH=/home/sshyuk/palletrone_ws/install/palletrone_interfaces:${AMENT_PREFIX_PATH} CMAKE_PREFIX_PATH=/home/sshyuk/palletrone_ws/install/palletrone_interfaces:/home/sshyuk/ros2_ws/install/motion_capture_tracking:/home/sshyuk/ros2_ws/install/motion_capture_tracking_interfaces:/home/sshyuk/ros2_ws/install/crawling_robot_controller:/home/sshyuk/ros2_ws/install/keyboard:/home/sshyuk/ros2_ws/install/inchworm:/home/sshyuk/ros2_ws/install/gimbal_utils:/opt/ros/humble LD_LIBRARY_PATH=/home/sshyuk/palletrone_ws/install/palletrone_interfaces/lib:${LD_LIBRARY_PATH} PYTHONPATH=/home/sshyuk/palletrone_ws/install/palletrone_interfaces/local/lib/python3.10/dist-packages:${PYTHONPATH} /usr/bin/cmake /home/sshyuk/palletrone_ws/src/palletrone_controller -DCMAKE_INSTALL_PREFIX=/home/sshyuk/palletrone_ws/install/palletrone_controller
[0.053s] -- The C compiler identification is GNU 11.4.0
[0.094s] -- The CXX compiler identification is GNU 11.4.0
[0.099s] -- Detecting C compiler ABI info
[0.160s] -- Detecting C compiler ABI info - done
[0.167s] -- Check for working C compiler: /usr/bin/cc - skipped
[0.167s] -- Detecting C compile features
[0.168s] -- Detecting C compile features - done
[0.170s] -- Detecting CXX compiler ABI info
[0.229s] -- Detecting CXX compiler ABI info - done
[0.235s] -- Check for working CXX compiler: /usr/bin/c++ - skipped
[0.236s] -- Detecting CXX compile features
[0.236s] -- Detecting CXX compile features - done
[0.238s] -- Found ament_cmake: 1.3.11 (/opt/ros/humble/share/ament_cmake/cmake)
[0.351s] -- Found Python3: /usr/bin/python3 (found version "3.10.12") found components: Interpreter 
[0.415s] -- Found rclcpp: 16.0.11 (/opt/ros/humble/share/rclcpp/cmake)
[0.443s] -- Found rosidl_generator_c: 3.1.6 (/opt/ros/humble/share/rosidl_generator_c/cmake)
[0.446s] -- Found rosidl_adapter: 3.1.6 (/opt/ros/humble/share/rosidl_adapter/cmake)
[0.452s] -- Found rosidl_generator_cpp: 3.1.6 (/opt/ros/humble/share/rosidl_generator_cpp/cmake)
[0.460s] -- Using all available rosidl_typesupport_c: rosidl_typesupport_fastrtps_c;rosidl_typesupport_introspection_c
[0.471s] -- Using all available rosidl_typesupport_cpp: rosidl_typesupport_fastrtps_cpp;rosidl_typesupport_introspection_cpp
[0.504s] -- Found rmw_implementation_cmake: 6.1.2 (/opt/ros/humble/share/rmw_implementation_cmake/cmake)
[0.507s] -- Found rmw_fastrtps_cpp: 6.2.7 (/opt/ros/humble/share/rmw_fastrtps_cpp/cmake)
[0.578s] -- Found OpenSSL: /usr/lib/x86_64-linux-gnu/libcrypto.so (found version "3.0.2")  
[0.597s] -- Found FastRTPS: /opt/ros/humble/include  
[0.622s] -- Using RMW implementation 'rmw_fastrtps_cpp' as default
[0.630s] -- Looking for pthread.h
[0.703s] -- Looking for pthread.h - found
[0.704s] -- Performing Test CMAKE_HAVE_LIBC_PTHREAD
[0.782s] -- Performing Test CMAKE_HAVE_LIBC_PTHREAD - Success
[0.783s] -- Found Threads: TRUE  
[0.825s] -- Found palletrone_interfaces: 0.0.0 (/home/sshyuk/palletrone_ws/install/palletrone_interfaces/share/palletrone_interfaces/cmake)
[0.834s] -- Found eigen3_cmake_module: 0.1.1 (/opt/ros/humble/share/eigen3_cmake_module/cmake)
[0.839s] -- Found Eigen3: TRUE (found version "3.4.0") 
[0.892s] -- Configuring done
[0.901s] -- Generating done
[0.904s] -- Build files have been written to: /home/sshyuk/palletrone_ws/build/palletrone_controller
[0.912s] Invoked command in '/home/sshyuk/palletrone_ws/build/palletrone_controller' returned '0': AMENT_PREFIX_PATH=/home/sshyuk/palletrone_ws/install/palletrone_interfaces:${AMENT_PREFIX_PATH} CMAKE_PREFIX_PATH=/home/sshyuk/palletrone_ws/install/palletrone_interfaces:/home/sshyuk/ros2_ws/install/motion_capture_tracking:/home/sshyuk/ros2_ws/install/motion_capture_tracking_interfaces:/home/sshyuk/ros2_ws/install/crawling_robot_controller:/home/sshyuk/ros2_ws/install/keyboard:/home/sshyuk/ros2_ws/install/inchworm:/home/sshyuk/ros2_ws/install/gimbal_utils:/opt/ros/humble LD_LIBRARY_PATH=/home/sshyuk/palletrone_ws/install/palletrone_interfaces/lib:${LD_LIBRARY_PATH} PYTHONPATH=/home/sshyuk/palletrone_ws/install/palletrone_interfaces/local/lib/python3.10/dist-packages:${PYTHONPATH} /usr/bin/cmake /home/sshyuk/palletrone_ws/src/palletrone_controller -DCMAKE_INSTALL_PREFIX=/home/sshyuk/palletrone_ws/install/palletrone_controller
[0.912s] Invoking command in '/home/sshyuk/palletrone_ws/build/palletrone_controller': AMENT_PREFIX_PATH=/home/sshyuk/palletrone_ws/install/palletrone_interfaces:${AMENT_PREFIX_PATH} CMAKE_PREFIX_PATH=/home/sshyuk/palletrone_ws/install/palletrone_interfaces:/home/sshyuk/ros2_ws/install/motion_capture_tracking:/home/sshyuk/ros2_ws/install/motion_capture_tracking_interfaces:/home/sshyuk/ros2_ws/install/crawling_robot_controller:/home/sshyuk/ros2_ws/install/keyboard:/home/sshyuk/ros2_ws/install/inchworm:/home/sshyuk/ros2_ws/install/gimbal_utils:/opt/ros/humble LD_LIBRARY_PATH=/home/sshyuk/palletrone_ws/install/palletrone_interfaces/lib:${LD_LIBRARY_PATH} PYTHONPATH=/home/sshyuk/palletrone_ws/install/palletrone_interfaces/local/lib/python3.10/dist-packages:${PYTHONPATH} /usr/bin/cmake --build /home/sshyuk/palletrone_ws/build/palletrone_controller -- -j20 -l20
[0.957s] [ 25%] [32mBuilding CXX object CMakeFiles/wrench_controller.dir/src/wrench_controller.cpp.o[0m
[0.959s] [ 50%] [32mBuilding CXX object CMakeFiles/allocator_controller.dir/src/allocator_controller.cpp.o[0m
[8.714s] [ 75%] [32m[1mLinking CXX executable wrench_controller[0m
[9.063s] [ 75%] Built target wrench_controller
[11.145s] [100%] [32m[1mLinking CXX executable allocator_controller[0m
[11.564s] [100%] Built target allocator_controller
[11.576s] Invoked command in '/home/sshyuk/palletrone_ws/build/palletrone_controller' returned '0': AMENT_PREFIX_PATH=/home/sshyuk/palletrone_ws/install/palletrone_interfaces:${AMENT_PREFIX_PATH} CMAKE_PREFIX_PATH=/home/sshyuk/palletrone_ws/install/palletrone_interfaces:/home/sshyuk/ros2_ws/install/motion_capture_tracking:/home/sshyuk/ros2_ws/install/motion_capture_tracking_interfaces:/home/sshyuk/ros2_ws/install/crawling_robot_controller:/home/sshyuk/ros2_ws/install/keyboard:/home/sshyuk/ros2_ws/install/inchworm:/home/sshyuk/ros2_ws/install/gimbal_utils:/opt/ros/humble LD_LIBRARY_PATH=/home/sshyuk/palletrone_ws/install/palletrone_interfaces/lib:${LD_LIBRARY_PATH} PYTHONPATH=/home/sshyuk/palletrone_ws/install/palletrone_interfaces/local/lib/python3.10/dist-packages:${PYTHONPATH} /usr/bin/cmake --build /home/sshyuk/palletrone_ws/build/palletrone_controller -- -j20 -l20
[11.578s] Invoking command in '/home/sshyuk/palletrone_ws/build/palletrone_controller': AMENT_PREFIX_PATH=/home/sshyuk/palletrone_ws/install/palletrone_interfaces:${AMENT_PREFIX_PATH} CMAKE_PREFIX_PATH=/home/sshyuk/palletrone_ws/install/palletrone_interfaces:/home/sshyuk/ros2_ws/install/motion_capture_tracking:/home/sshyuk/ros2_ws/install/motion_capture_tracking_interfaces:/home/sshyuk/ros2_ws/install/crawling_robot_controller:/home/sshyuk/ros2_ws/install/keyboard:/home/sshyuk/ros2_ws/install/inchworm:/home/sshyuk/ros2_ws/install/gimbal_utils:/opt/ros/humble LD_LIBRARY_PATH=/home/sshyuk/palletrone_ws/install/palletrone_interfaces/lib:${LD_LIBRARY_PATH} PYTHONPATH=/home/sshyuk/palletrone_ws/install/palletrone_interfaces/local/lib/python3.10/dist-packages:${PYTHONPATH} /usr/bin/cmake --install /home/sshyuk/palletrone_ws/build/palletrone_controller
[11.588s] -- Install configuration: ""
[11.589s] -- Installing: /home/sshyuk/palletrone_ws/install/palletrone_controller/lib/palletrone_controller/wrench_controller
[11.594s] -- Set runtime path of "/home/sshyuk/palletrone_ws/install/palletrone_controller/lib/palletrone_controller/wrench_controller" to ""
[11.594s] -- Installing: /home/sshyuk/palletrone_ws/install/palletrone_controller/lib/palletrone_controller/allocator_controller
[11.600s] -- Set runtime path of "/home/sshyuk/palletrone_ws/install/palletrone_controller/lib/palletrone_controller/allocator_controller" to ""
[11.600s] -- Installing: /home/sshyuk/palletrone_ws/install/palletrone_controller/share/ament_index/resource_index/package_run_dependencies/palletrone_controller
[11.600s] -- Installing: /home/sshyuk/palletrone_ws/install/palletrone_controller/share/ament_index/resource_index/parent_prefix_path/palletrone_controller
[11.600s] -- Installing: /home/sshyuk/palletrone_ws/install/palletrone_controller/share/palletrone_controller/environment/ament_prefix_path.sh
[11.600s] -- Installing: /home/sshyuk/palletrone_ws/install/palletrone_controller/share/palletrone_controller/environment/ament_prefix_path.dsv
[11.600s] -- Installing: /home/sshyuk/palletrone_ws/install/palletrone_controller/share/palletrone_controller/environment/path.sh
[11.601s] -- Installing: /home/sshyuk/palletrone_ws/install/palletrone_controller/share/palletrone_controller/environment/path.dsv
[11.601s] -- Installing: /home/sshyuk/palletrone_ws/install/palletrone_controller/share/palletrone_controller/local_setup.bash
[11.601s] -- Installing: /home/sshyuk/palletrone_ws/install/palletrone_controller/share/palletrone_controller/local_setup.sh
[11.601s] -- Installing: /home/sshyuk/palletrone_ws/install/palletrone_controller/share/palletrone_controller/local_setup.zsh
[11.601s] -- Installing: /home/sshyuk/palletrone_ws/install/palletrone_controller/share/palletrone_controller/local_setup.dsv
[11.601s] -- Installing: /home/sshyuk/palletrone_ws/install/palletrone_controller/share/palletrone_controller/package.dsv
[11.601s] -- Installing: /home/sshyuk/palletrone_ws/install/palletrone_controller/share/ament_index/resource_index/packages/palletrone_controller
[11.601s] -- Installing: /home/sshyuk/palletrone_ws/install/palletrone_controller/share/palletrone_controller/cmake/palletrone_controllerConfig.cmake
[11.601s] -- Installing: /home/sshyuk/palletrone_ws/install/palletrone_controller/share/palletrone_controller/cmake/palletrone_controllerConfig-version.cmake
[11.601s] -- Installing: /home/sshyuk/palletrone_ws/install/palletrone_controller/share/palletrone_controller/package.xml
[11.603s] Invoked command in '/home/sshyuk/palletrone_ws/build/palletrone_controller' returned '0': AMENT_PREFIX_PATH=/home/sshyuk/palletrone_ws/install/palletrone_interfaces:${AMENT_PREFIX_PATH} CMAKE_PREFIX_PATH=/home/sshyuk/palletrone_ws/install/palletrone_interfaces:/home/sshyuk/ros2_ws/install/motion_capture_tracking:/home/sshyuk/ros2_ws/install/motion_capture_tracking_interfaces:/home/sshyuk/ros2_ws/install/crawling_robot_controller:/home/sshyuk/ros2_ws/install/keyboard:/home/sshyuk/ros2_ws/install/inchworm:/home/sshyuk/ros2_ws/install/gimbal_utils:/opt/ros/humble LD_LIBRARY_PATH=/home/sshyuk/palletrone_ws/install/palletrone_interfaces/lib:${LD_LIBRARY_PATH} PYTHONPATH=/home/sshyuk/palletrone_ws/install/palletrone_interfaces/local/lib/python3.10/dist-packages:${PYTHONPATH} /usr/bin/cmake --install /home/sshyuk/palletrone_ws/build/palletrone_controller
