[0.014s] Invoking command in '/home/sshyuk/palletrone_ws/build/palletrone_controller': AMENT_PREFIX_PATH=/home/sshyuk/palletrone_ws/install/palletrone_interfaces:${AMENT_PREFIX_PATH} CMAKE_PREFIX_PATH=/home/sshyuk/palletrone_ws/install/palletrone_interfaces:/home/sshyuk/ros2_ws/install/motion_capture_tracking:/home/sshyuk/ros2_ws/install/motion_capture_tracking_interfaces:/home/sshyuk/ros2_ws/install/crawling_robot_controller:/home/sshyuk/ros2_ws/install/keyboard:/home/sshyuk/ros2_ws/install/inchworm:/home/sshyuk/ros2_ws/install/gimbal_utils:/opt/ros/humble LD_LIBRARY_PATH=/home/sshyuk/palletrone_ws/install/palletrone_interfaces/lib:${LD_LIBRARY_PATH} PYTHONPATH=/home/sshyuk/palletrone_ws/install/palletrone_interfaces/local/lib/python3.10/dist-packages:${PYTHONPATH} /usr/bin/cmake --build /home/sshyuk/palletrone_ws/build/palletrone_controller -- -j20 -l20
[0.059s] [ 50%] Built target allocator_controller
[0.061s] [100%] Built target wrench_controller
[0.186s] Invoked command in '/home/sshyuk/palletrone_ws/build/palletrone_controller' returned '0': AMENT_PREFIX_PATH=/home/sshyuk/palletrone_ws/install/palletrone_interfaces:${AMENT_PREFIX_PATH} CMAKE_PREFIX_PATH=/home/sshyuk/palletrone_ws/install/palletrone_interfaces:/home/sshyuk/ros2_ws/install/motion_capture_tracking:/home/sshyuk/ros2_ws/install/motion_capture_tracking_interfaces:/home/sshyuk/ros2_ws/install/crawling_robot_controller:/home/sshyuk/ros2_ws/install/keyboard:/home/sshyuk/ros2_ws/install/inchworm:/home/sshyuk/ros2_ws/install/gimbal_utils:/opt/ros/humble LD_LIBRARY_PATH=/home/sshyuk/palletrone_ws/install/palletrone_interfaces/lib:${LD_LIBRARY_PATH} PYTHONPATH=/home/sshyuk/palletrone_ws/install/palletrone_interfaces/local/lib/python3.10/dist-packages:${PYTHONPATH} /usr/bin/cmake --build /home/sshyuk/palletrone_ws/build/palletrone_controller -- -j20 -l20
[0.187s] Invoking command in '/home/sshyuk/palletrone_ws/build/palletrone_controller': AMENT_PREFIX_PATH=/home/sshyuk/palletrone_ws/install/palletrone_interfaces:${AMENT_PREFIX_PATH} CMAKE_PREFIX_PATH=/home/sshyuk/palletrone_ws/install/palletrone_interfaces:/home/sshyuk/ros2_ws/install/motion_capture_tracking:/home/sshyuk/ros2_ws/install/motion_capture_tracking_interfaces:/home/sshyuk/ros2_ws/install/crawling_robot_controller:/home/sshyuk/ros2_ws/install/keyboard:/home/sshyuk/ros2_ws/install/inchworm:/home/sshyuk/ros2_ws/install/gimbal_utils:/opt/ros/humble LD_LIBRARY_PATH=/home/sshyuk/palletrone_ws/install/palletrone_interfaces/lib:${LD_LIBRARY_PATH} PYTHONPATH=/home/sshyuk/palletrone_ws/install/palletrone_interfaces/local/lib/python3.10/dist-packages:${PYTHONPATH} /usr/bin/cmake --install /home/sshyuk/palletrone_ws/build/palletrone_controller
[0.196s] -- Install configuration: ""
[0.196s] -- Up-to-date: /home/sshyuk/palletrone_ws/install/palletrone_controller/lib/palletrone_controller/wrench_controller
[0.197s] -- Up-to-date: /home/sshyuk/palletrone_ws/install/palletrone_controller/lib/palletrone_controller/allocator_controller
[0.197s] -- Up-to-date: /home/sshyuk/palletrone_ws/install/palletrone_controller/share/ament_index/resource_index/package_run_dependencies/palletrone_controller
[0.197s] -- Up-to-date: /home/sshyuk/palletrone_ws/install/palletrone_controller/share/ament_index/resource_index/parent_prefix_path/palletrone_controller
[0.197s] -- Up-to-date: /home/sshyuk/palletrone_ws/install/palletrone_controller/share/palletrone_controller/environment/ament_prefix_path.sh
[0.197s] -- Up-to-date: /home/sshyuk/palletrone_ws/install/palletrone_controller/share/palletrone_controller/environment/ament_prefix_path.dsv
[0.197s] -- Up-to-date: /home/sshyuk/palletrone_ws/install/palletrone_controller/share/palletrone_controller/environment/path.sh
[0.197s] -- Up-to-date: /home/sshyuk/palletrone_ws/install/palletrone_controller/share/palletrone_controller/environment/path.dsv
[0.197s] -- Up-to-date: /home/sshyuk/palletrone_ws/install/palletrone_controller/share/palletrone_controller/local_setup.bash
[0.197s] -- Up-to-date: /home/sshyuk/palletrone_ws/install/palletrone_controller/share/palletrone_controller/local_setup.sh
[0.197s] -- Up-to-date: /home/sshyuk/palletrone_ws/install/palletrone_controller/share/palletrone_controller/local_setup.zsh
[0.197s] -- Up-to-date: /home/sshyuk/palletrone_ws/install/palletrone_controller/share/palletrone_controller/local_setup.dsv
[0.197s] -- Installing: /home/sshyuk/palletrone_ws/install/palletrone_controller/share/palletrone_controller/package.dsv
[0.197s] -- Up-to-date: /home/sshyuk/palletrone_ws/install/palletrone_controller/share/ament_index/resource_index/packages/palletrone_controller
[0.198s] -- Up-to-date: /home/sshyuk/palletrone_ws/install/palletrone_controller/share/palletrone_controller/cmake/palletrone_controllerConfig.cmake
[0.198s] -- Up-to-date: /home/sshyuk/palletrone_ws/install/palletrone_controller/share/palletrone_controller/cmake/palletrone_controllerConfig-version.cmake
[0.198s] -- Up-to-date: /home/sshyuk/palletrone_ws/install/palletrone_controller/share/palletrone_controller/package.xml
[0.208s] Invoked command in '/home/sshyuk/palletrone_ws/build/palletrone_controller' returned '0': AMENT_PREFIX_PATH=/home/sshyuk/palletrone_ws/install/palletrone_interfaces:${AMENT_PREFIX_PATH} CMAKE_PREFIX_PATH=/home/sshyuk/palletrone_ws/install/palletrone_interfaces:/home/sshyuk/ros2_ws/install/motion_capture_tracking:/home/sshyuk/ros2_ws/install/motion_capture_tracking_interfaces:/home/sshyuk/ros2_ws/install/crawling_robot_controller:/home/sshyuk/ros2_ws/install/keyboard:/home/sshyuk/ros2_ws/install/inchworm:/home/sshyuk/ros2_ws/install/gimbal_utils:/opt/ros/humble LD_LIBRARY_PATH=/home/sshyuk/palletrone_ws/install/palletrone_interfaces/lib:${LD_LIBRARY_PATH} PYTHONPATH=/home/sshyuk/palletrone_ws/install/palletrone_interfaces/local/lib/python3.10/dist-packages:${PYTHONPATH} /usr/bin/cmake --install /home/sshyuk/palletrone_ws/build/palletrone_controller
