[0.009s] Invoking command in '/home/sshyuk/palletrone_ws/build/palletrone_interfaces': CMAKE_PREFIX_PATH=${CMAKE_PREFIX_PATH}:/home/sshyuk/palletrone_ws/install/plant:/home/sshyuk/ros2_ws/install/keyboard:/home/sshyuk/ros2_ws/install/inchworm:/home/sshyuk/ros2_ws/install/gimbal_utils:/opt/ros/humble /usr/bin/cmake --build /home/sshyuk/palletrone_ws/build/palletrone_interfaces -- -j20 -l20
[0.059s] [35m[1mConsolidate compiler generated dependencies of target palletrone_interfaces__rosidl_generator_c[0m
[0.067s] [  1%] Built target palletrone_interfaces__cpp
[0.071s] [ 12%] Built target palletrone_interfaces__rosidl_generator_c
[0.075s] [35m[1mConsolidate compiler generated dependencies of target palletrone_interfaces__rosidl_typesupport_introspection_cpp[0m
[0.079s] [35m[1mConsolidate compiler generated dependencies of target palletrone_interfaces__rosidl_typesupport_fastrtps_cpp[0m
[0.079s] [ 12%] Built target ament_cmake_python_copy_palletrone_interfaces
[0.080s] [35m[1mConsolidate compiler generated dependencies of target palletrone_interfaces__rosidl_typesupport_cpp[0m
[0.083s] [35m[1mConsolidate compiler generated dependencies of target palletrone_interfaces__rosidl_typesupport_c[0m
[0.084s] [35m[1mConsolidate compiler generated dependencies of target palletrone_interfaces__rosidl_typesupport_introspection_c[0m
[0.089s] [35m[1mConsolidate compiler generated dependencies of target palletrone_interfaces__rosidl_typesupport_fastrtps_c[0m
[0.100s] [ 23%] Built target palletrone_interfaces__rosidl_typesupport_introspection_cpp
[0.104s] [ 34%] Built target palletrone_interfaces__rosidl_typesupport_c
[0.105s] [ 46%] Built target palletrone_interfaces__rosidl_typesupport_fastrtps_cpp
[0.106s] [ 57%] Built target palletrone_interfaces__rosidl_typesupport_cpp
[0.108s] [ 68%] Built target palletrone_interfaces__rosidl_typesupport_introspection_c
[0.109s] [ 79%] Built target palletrone_interfaces__rosidl_typesupport_fastrtps_c
[0.126s] [ 79%] Built target palletrone_interfaces
[0.145s] [ 80%] Built target palletrone_interfaces__py
[0.153s] [35m[1mConsolidate compiler generated dependencies of target palletrone_interfaces__rosidl_generator_py[0m
[0.168s] [ 90%] Built target palletrone_interfaces__rosidl_generator_py
[0.178s] [35m[1mConsolidate compiler generated dependencies of target palletrone_interfaces__rosidl_typesupport_c__pyext[0m
[0.178s] [35m[1mConsolidate compiler generated dependencies of target palletrone_interfaces__rosidl_typesupport_fastrtps_c__pyext[0m
[0.178s] [35m[1mConsolidate compiler generated dependencies of target palletrone_interfaces__rosidl_typesupport_introspection_c__pyext[0m
[0.189s] [ 93%] Built target palletrone_interfaces__rosidl_typesupport_fastrtps_c__pyext
[0.189s] [ 96%] Built target palletrone_interfaces__rosidl_typesupport_c__pyext
[0.190s] [100%] Built target palletrone_interfaces__rosidl_typesupport_introspection_c__pyext
[0.249s] running egg_info
[0.250s] writing palletrone_interfaces.egg-info/PKG-INFO
[0.250s] writing dependency_links to palletrone_interfaces.egg-info/dependency_links.txt
[0.250s] writing top-level names to palletrone_interfaces.egg-info/top_level.txt
[0.251s] reading manifest file 'palletrone_interfaces.egg-info/SOURCES.txt'
[0.252s] writing manifest file 'palletrone_interfaces.egg-info/SOURCES.txt'
[0.273s] [100%] Built target ament_cmake_python_build_palletrone_interfaces_egg
[0.282s] Invoked command in '/home/sshyuk/palletrone_ws/build/palletrone_interfaces' returned '0': CMAKE_PREFIX_PATH=${CMAKE_PREFIX_PATH}:/home/sshyuk/palletrone_ws/install/plant:/home/sshyuk/ros2_ws/install/keyboard:/home/sshyuk/ros2_ws/install/inchworm:/home/sshyuk/ros2_ws/install/gimbal_utils:/opt/ros/humble /usr/bin/cmake --build /home/sshyuk/palletrone_ws/build/palletrone_interfaces -- -j20 -l20
[0.295s] Invoking command in '/home/sshyuk/palletrone_ws/build/palletrone_interfaces': CMAKE_PREFIX_PATH=${CMAKE_PREFIX_PATH}:/home/sshyuk/palletrone_ws/install/plant:/home/sshyuk/ros2_ws/install/keyboard:/home/sshyuk/ros2_ws/install/inchworm:/home/sshyuk/ros2_ws/install/gimbal_utils:/opt/ros/humble /usr/bin/cmake --install /home/sshyuk/palletrone_ws/build/palletrone_interfaces
[0.304s] -- Install configuration: ""
[0.304s] -- Up-to-date: /home/sshyuk/palletrone_ws/install/palletrone_interfaces/share/ament_index/resource_index/rosidl_interfaces/palletrone_interfaces
[0.304s] -- Up-to-date: /home/sshyuk/palletrone_ws/install/palletrone_interfaces/include/palletrone_interfaces/palletrone_interfaces
[0.304s] -- Up-to-date: /home/sshyuk/palletrone_ws/install/palletrone_interfaces/include/palletrone_interfaces/palletrone_interfaces/msg
[0.304s] -- Up-to-date: /home/sshyuk/palletrone_ws/install/palletrone_interfaces/include/palletrone_interfaces/palletrone_interfaces/msg/palletrone_state.h
[0.304s] -- Up-to-date: /home/sshyuk/palletrone_ws/install/palletrone_interfaces/include/palletrone_interfaces/palletrone_interfaces/msg/arm_cmd.h
[0.305s] -- Up-to-date: /home/sshyuk/palletrone_ws/install/palletrone_interfaces/include/palletrone_interfaces/palletrone_interfaces/msg/input.h
[0.305s] -- Up-to-date: /home/sshyuk/palletrone_ws/install/palletrone_interfaces/include/palletrone_interfaces/palletrone_interfaces/msg/rosidl_generator_c__visibility_control.h
[0.305s] -- Up-to-date: /home/sshyuk/palletrone_ws/install/palletrone_interfaces/include/palletrone_interfaces/palletrone_interfaces/msg/detail
[0.305s] -- Up-to-date: /home/sshyuk/palletrone_ws/install/palletrone_interfaces/include/palletrone_interfaces/palletrone_interfaces/msg/detail/cmd__struct.h
[0.305s] -- Up-to-date: /home/sshyuk/palletrone_ws/install/palletrone_interfaces/include/palletrone_interfaces/palletrone_interfaces/msg/detail/arm_cmd__struct.h
[0.305s] -- Up-to-date: /home/sshyuk/palletrone_ws/install/palletrone_interfaces/include/palletrone_interfaces/palletrone_interfaces/msg/detail/arm_cmd__type_support.h
[0.305s] -- Up-to-date: /home/sshyuk/palletrone_ws/install/palletrone_interfaces/include/palletrone_interfaces/palletrone_interfaces/msg/detail/input__type_support.h
[0.305s] -- Up-to-date: /home/sshyuk/palletrone_ws/install/palletrone_interfaces/include/palletrone_interfaces/palletrone_interfaces/msg/detail/palletrone_state__struct.h
[0.305s] -- Up-to-date: /home/sshyuk/palletrone_ws/install/palletrone_interfaces/include/palletrone_interfaces/palletrone_interfaces/msg/detail/wrench__functions.h
[0.305s] -- Up-to-date: /home/sshyuk/palletrone_ws/install/palletrone_interfaces/include/palletrone_interfaces/palletrone_interfaces/msg/detail/arm_cmd__functions.h
[0.305s] -- Up-to-date: /home/sshyuk/palletrone_ws/install/palletrone_interfaces/include/palletrone_interfaces/palletrone_interfaces/msg/detail/input__functions.h
[0.305s] -- Up-to-date: /home/sshyuk/palletrone_ws/install/palletrone_interfaces/include/palletrone_interfaces/palletrone_interfaces/msg/detail/input__struct.h
[0.305s] -- Up-to-date: /home/sshyuk/palletrone_ws/install/palletrone_interfaces/include/palletrone_interfaces/palletrone_interfaces/msg/detail/wrench__struct.h
[0.305s] -- Up-to-date: /home/sshyuk/palletrone_ws/install/palletrone_interfaces/include/palletrone_interfaces/palletrone_interfaces/msg/detail/cmd__type_support.h
[0.305s] -- Up-to-date: /home/sshyuk/palletrone_ws/install/palletrone_interfaces/include/palletrone_interfaces/palletrone_interfaces/msg/detail/arm_cmd__functions.c
[0.306s] -- Up-to-date: /home/sshyuk/palletrone_ws/install/palletrone_interfaces/include/palletrone_interfaces/palletrone_interfaces/msg/detail/palletrone_state__functions.h
[0.306s] -- Up-to-date: /home/sshyuk/palletrone_ws/install/palletrone_interfaces/include/palletrone_interfaces/palletrone_interfaces/msg/detail/input__functions.c
[0.306s] -- Up-to-date: /home/sshyuk/palletrone_ws/install/palletrone_interfaces/include/palletrone_interfaces/palletrone_interfaces/msg/detail/cmd__functions.h
[0.306s] -- Up-to-date: /home/sshyuk/palletrone_ws/install/palletrone_interfaces/include/palletrone_interfaces/palletrone_interfaces/msg/detail/palletrone_state__type_support.h
[0.306s] -- Up-to-date: /home/sshyuk/palletrone_ws/install/palletrone_interfaces/include/palletrone_interfaces/palletrone_interfaces/msg/detail/palletrone_state__functions.c
[0.306s] -- Up-to-date: /home/sshyuk/palletrone_ws/install/palletrone_interfaces/include/palletrone_interfaces/palletrone_interfaces/msg/detail/cmd__functions.c
[0.306s] -- Up-to-date: /home/sshyuk/palletrone_ws/install/palletrone_interfaces/include/palletrone_interfaces/palletrone_interfaces/msg/detail/wrench__functions.c
[0.306s] -- Up-to-date: /home/sshyuk/palletrone_ws/install/palletrone_interfaces/include/palletrone_interfaces/palletrone_interfaces/msg/detail/wrench__type_support.h
[0.306s] -- Up-to-date: /home/sshyuk/palletrone_ws/install/palletrone_interfaces/include/palletrone_interfaces/palletrone_interfaces/msg/wrench.h
[0.306s] -- Up-to-date: /home/sshyuk/palletrone_ws/install/palletrone_interfaces/include/palletrone_interfaces/palletrone_interfaces/msg/cmd.h
[0.306s] -- Up-to-date: /home/sshyuk/palletrone_ws/install/palletrone_interfaces/share/palletrone_interfaces/environment/library_path.sh
[0.306s] -- Up-to-date: /home/sshyuk/palletrone_ws/install/palletrone_interfaces/share/palletrone_interfaces/environment/library_path.dsv
[0.306s] -- Up-to-date: /home/sshyuk/palletrone_ws/install/palletrone_interfaces/lib/libpalletrone_interfaces__rosidl_generator_c.so
[0.306s] -- Up-to-date: /home/sshyuk/palletrone_ws/install/palletrone_interfaces/include/palletrone_interfaces/palletrone_interfaces
[0.307s] -- Up-to-date: /home/sshyuk/palletrone_ws/install/palletrone_interfaces/include/palletrone_interfaces/palletrone_interfaces/msg
[0.307s] -- Up-to-date: /home/sshyuk/palletrone_ws/install/palletrone_interfaces/include/palletrone_interfaces/palletrone_interfaces/msg/detail
[0.307s] -- Up-to-date: /home/sshyuk/palletrone_ws/install/palletrone_interfaces/include/palletrone_interfaces/palletrone_interfaces/msg/detail/input__rosidl_typesupport_fastrtps_c.h
[0.307s] -- Up-to-date: /home/sshyuk/palletrone_ws/install/palletrone_interfaces/include/palletrone_interfaces/palletrone_interfaces/msg/detail/cmd__rosidl_typesupport_fastrtps_c.h
[0.307s] -- Up-to-date: /home/sshyuk/palletrone_ws/install/palletrone_interfaces/include/palletrone_interfaces/palletrone_interfaces/msg/detail/arm_cmd__rosidl_typesupport_fastrtps_c.h
[0.307s] -- Up-to-date: /home/sshyuk/palletrone_ws/install/palletrone_interfaces/include/palletrone_interfaces/palletrone_interfaces/msg/detail/wrench__rosidl_typesupport_fastrtps_c.h
[0.307s] -- Up-to-date: /home/sshyuk/palletrone_ws/install/palletrone_interfaces/include/palletrone_interfaces/palletrone_interfaces/msg/detail/palletrone_state__rosidl_typesupport_fastrtps_c.h
[0.307s] -- Up-to-date: /home/sshyuk/palletrone_ws/install/palletrone_interfaces/include/palletrone_interfaces/palletrone_interfaces/msg/rosidl_typesupport_fastrtps_c__visibility_control.h
[0.307s] -- Up-to-date: /home/sshyuk/palletrone_ws/install/palletrone_interfaces/lib/libpalletrone_interfaces__rosidl_typesupport_fastrtps_c.so
[0.307s] -- Up-to-date: /home/sshyuk/palletrone_ws/install/palletrone_interfaces/include/palletrone_interfaces/palletrone_interfaces
[0.307s] -- Up-to-date: /home/sshyuk/palletrone_ws/install/palletrone_interfaces/include/palletrone_interfaces/palletrone_interfaces/msg
[0.307s] -- Up-to-date: /home/sshyuk/palletrone_ws/install/palletrone_interfaces/include/palletrone_interfaces/palletrone_interfaces/msg/detail
[0.307s] -- Up-to-date: /home/sshyuk/palletrone_ws/install/palletrone_interfaces/include/palletrone_interfaces/palletrone_interfaces/msg/detail/arm_cmd__rosidl_typesupport_introspection_c.h
[0.307s] -- Up-to-date: /home/sshyuk/palletrone_ws/install/palletrone_interfaces/include/palletrone_interfaces/palletrone_interfaces/msg/detail/palletrone_state__type_support.c
[0.307s] -- Up-to-date: /home/sshyuk/palletrone_ws/install/palletrone_interfaces/include/palletrone_interfaces/palletrone_interfaces/msg/detail/wrench__type_support.c
[0.308s] -- Up-to-date: /home/sshyuk/palletrone_ws/install/palletrone_interfaces/include/palletrone_interfaces/palletrone_interfaces/msg/detail/cmd__type_support.c
[0.308s] -- Up-to-date: /home/sshyuk/palletrone_ws/install/palletrone_interfaces/include/palletrone_interfaces/palletrone_interfaces/msg/detail/palletrone_state__rosidl_typesupport_introspection_c.h
[0.308s] -- Up-to-date: /home/sshyuk/palletrone_ws/install/palletrone_interfaces/include/palletrone_interfaces/palletrone_interfaces/msg/detail/wrench__rosidl_typesupport_introspection_c.h
[0.308s] -- Up-to-date: /home/sshyuk/palletrone_ws/install/palletrone_interfaces/include/palletrone_interfaces/palletrone_interfaces/msg/detail/input__type_support.c
[0.308s] -- Up-to-date: /home/sshyuk/palletrone_ws/install/palletrone_interfaces/include/palletrone_interfaces/palletrone_interfaces/msg/detail/input__rosidl_typesupport_introspection_c.h
[0.308s] -- Up-to-date: /home/sshyuk/palletrone_ws/install/palletrone_interfaces/include/palletrone_interfaces/palletrone_interfaces/msg/detail/arm_cmd__type_support.c
[0.308s] -- Up-to-date: /home/sshyuk/palletrone_ws/install/palletrone_interfaces/include/palletrone_interfaces/palletrone_interfaces/msg/detail/cmd__rosidl_typesupport_introspection_c.h
[0.308s] -- Up-to-date: /home/sshyuk/palletrone_ws/install/palletrone_interfaces/include/palletrone_interfaces/palletrone_interfaces/msg/rosidl_typesupport_introspection_c__visibility_control.h
[0.308s] -- Up-to-date: /home/sshyuk/palletrone_ws/install/palletrone_interfaces/lib/libpalletrone_interfaces__rosidl_typesupport_introspection_c.so
[0.308s] -- Up-to-date: /home/sshyuk/palletrone_ws/install/palletrone_interfaces/lib/libpalletrone_interfaces__rosidl_typesupport_c.so
[0.308s] -- Up-to-date: /home/sshyuk/palletrone_ws/install/palletrone_interfaces/include/palletrone_interfaces/palletrone_interfaces
[0.308s] -- Up-to-date: /home/sshyuk/palletrone_ws/install/palletrone_interfaces/include/palletrone_interfaces/palletrone_interfaces/msg
[0.308s] -- Up-to-date: /home/sshyuk/palletrone_ws/install/palletrone_interfaces/include/palletrone_interfaces/palletrone_interfaces/msg/wrench.hpp
[0.308s] -- Up-to-date: /home/sshyuk/palletrone_ws/install/palletrone_interfaces/include/palletrone_interfaces/palletrone_interfaces/msg/input.hpp
[0.309s] -- Up-to-date: /home/sshyuk/palletrone_ws/install/palletrone_interfaces/include/palletrone_interfaces/palletrone_interfaces/msg/cmd.hpp
[0.309s] -- Up-to-date: /home/sshyuk/palletrone_ws/install/palletrone_interfaces/include/palletrone_interfaces/palletrone_interfaces/msg/detail
[0.309s] -- Up-to-date: /home/sshyuk/palletrone_ws/install/palletrone_interfaces/include/palletrone_interfaces/palletrone_interfaces/msg/detail/input__struct.hpp
[0.309s] -- Up-to-date: /home/sshyuk/palletrone_ws/install/palletrone_interfaces/include/palletrone_interfaces/palletrone_interfaces/msg/detail/cmd__type_support.hpp
[0.309s] -- Up-to-date: /home/sshyuk/palletrone_ws/install/palletrone_interfaces/include/palletrone_interfaces/palletrone_interfaces/msg/detail/input__traits.hpp
[0.309s] -- Up-to-date: /home/sshyuk/palletrone_ws/install/palletrone_interfaces/include/palletrone_interfaces/palletrone_interfaces/msg/detail/cmd__traits.hpp
[0.309s] -- Up-to-date: /home/sshyuk/palletrone_ws/install/palletrone_interfaces/include/palletrone_interfaces/palletrone_interfaces/msg/detail/arm_cmd__traits.hpp
[0.309s] -- Up-to-date: /home/sshyuk/palletrone_ws/install/palletrone_interfaces/include/palletrone_interfaces/palletrone_interfaces/msg/detail/input__builder.hpp
[0.309s] -- Up-to-date: /home/sshyuk/palletrone_ws/install/palletrone_interfaces/include/palletrone_interfaces/palletrone_interfaces/msg/detail/input__type_support.hpp
[0.309s] -- Up-to-date: /home/sshyuk/palletrone_ws/install/palletrone_interfaces/include/palletrone_interfaces/palletrone_interfaces/msg/detail/palletrone_state__builder.hpp
[0.309s] -- Up-to-date: /home/sshyuk/palletrone_ws/install/palletrone_interfaces/include/palletrone_interfaces/palletrone_interfaces/msg/detail/wrench__builder.hpp
[0.309s] -- Up-to-date: /home/sshyuk/palletrone_ws/install/palletrone_interfaces/include/palletrone_interfaces/palletrone_interfaces/msg/detail/wrench__type_support.hpp
[0.309s] -- Up-to-date: /home/sshyuk/palletrone_ws/install/palletrone_interfaces/include/palletrone_interfaces/palletrone_interfaces/msg/detail/wrench__struct.hpp
[0.309s] -- Up-to-date: /home/sshyuk/palletrone_ws/install/palletrone_interfaces/include/palletrone_interfaces/palletrone_interfaces/msg/detail/palletrone_state__traits.hpp
[0.309s] -- Up-to-date: /home/sshyuk/palletrone_ws/install/palletrone_interfaces/include/palletrone_interfaces/palletrone_interfaces/msg/detail/arm_cmd__struct.hpp
[0.309s] -- Up-to-date: /home/sshyuk/palletrone_ws/install/palletrone_interfaces/include/palletrone_interfaces/palletrone_interfaces/msg/detail/cmd__struct.hpp
[0.309s] -- Up-to-date: /home/sshyuk/palletrone_ws/install/palletrone_interfaces/include/palletrone_interfaces/palletrone_interfaces/msg/detail/arm_cmd__builder.hpp
[0.310s] -- Up-to-date: /home/sshyuk/palletrone_ws/install/palletrone_interfaces/include/palletrone_interfaces/palletrone_interfaces/msg/detail/palletrone_state__type_support.hpp
[0.310s] -- Up-to-date: /home/sshyuk/palletrone_ws/install/palletrone_interfaces/include/palletrone_interfaces/palletrone_interfaces/msg/detail/cmd__builder.hpp
[0.310s] -- Up-to-date: /home/sshyuk/palletrone_ws/install/palletrone_interfaces/include/palletrone_interfaces/palletrone_interfaces/msg/detail/palletrone_state__struct.hpp
[0.310s] -- Up-to-date: /home/sshyuk/palletrone_ws/install/palletrone_interfaces/include/palletrone_interfaces/palletrone_interfaces/msg/detail/wrench__traits.hpp
[0.310s] -- Up-to-date: /home/sshyuk/palletrone_ws/install/palletrone_interfaces/include/palletrone_interfaces/palletrone_interfaces/msg/detail/arm_cmd__type_support.hpp
[0.310s] -- Up-to-date: /home/sshyuk/palletrone_ws/install/palletrone_interfaces/include/palletrone_interfaces/palletrone_interfaces/msg/arm_cmd.hpp
[0.310s] -- Up-to-date: /home/sshyuk/palletrone_ws/install/palletrone_interfaces/include/palletrone_interfaces/palletrone_interfaces/msg/palletrone_state.hpp
[0.310s] -- Up-to-date: /home/sshyuk/palletrone_ws/install/palletrone_interfaces/include/palletrone_interfaces/palletrone_interfaces/msg/rosidl_generator_cpp__visibility_control.hpp
[0.310s] -- Up-to-date: /home/sshyuk/palletrone_ws/install/palletrone_interfaces/include/palletrone_interfaces/palletrone_interfaces
[0.310s] -- Up-to-date: /home/sshyuk/palletrone_ws/install/palletrone_interfaces/include/palletrone_interfaces/palletrone_interfaces/msg
[0.310s] -- Up-to-date: /home/sshyuk/palletrone_ws/install/palletrone_interfaces/include/palletrone_interfaces/palletrone_interfaces/msg/detail
[0.310s] -- Up-to-date: /home/sshyuk/palletrone_ws/install/palletrone_interfaces/include/palletrone_interfaces/palletrone_interfaces/msg/detail/arm_cmd__rosidl_typesupport_fastrtps_cpp.hpp
[0.310s] -- Up-to-date: /home/sshyuk/palletrone_ws/install/palletrone_interfaces/include/palletrone_interfaces/palletrone_interfaces/msg/detail/input__rosidl_typesupport_fastrtps_cpp.hpp
[0.310s] -- Up-to-date: /home/sshyuk/palletrone_ws/install/palletrone_interfaces/include/palletrone_interfaces/palletrone_interfaces/msg/detail/dds_fastrtps
[0.310s] -- Up-to-date: /home/sshyuk/palletrone_ws/install/palletrone_interfaces/include/palletrone_interfaces/palletrone_interfaces/msg/detail/palletrone_state__rosidl_typesupport_fastrtps_cpp.hpp
[0.310s] -- Up-to-date: /home/sshyuk/palletrone_ws/install/palletrone_interfaces/include/palletrone_interfaces/palletrone_interfaces/msg/detail/cmd__rosidl_typesupport_fastrtps_cpp.hpp
[0.310s] -- Up-to-date: /home/sshyuk/palletrone_ws/install/palletrone_interfaces/include/palletrone_interfaces/palletrone_interfaces/msg/detail/wrench__rosidl_typesupport_fastrtps_cpp.hpp
[0.310s] -- Up-to-date: /home/sshyuk/palletrone_ws/install/palletrone_interfaces/include/palletrone_interfaces/palletrone_interfaces/msg/rosidl_typesupport_fastrtps_cpp__visibility_control.h
[0.310s] -- Up-to-date: /home/sshyuk/palletrone_ws/install/palletrone_interfaces/lib/libpalletrone_interfaces__rosidl_typesupport_fastrtps_cpp.so
[0.310s] -- Up-to-date: /home/sshyuk/palletrone_ws/install/palletrone_interfaces/include/palletrone_interfaces/palletrone_interfaces
[0.311s] -- Up-to-date: /home/sshyuk/palletrone_ws/install/palletrone_interfaces/include/palletrone_interfaces/palletrone_interfaces/msg
[0.311s] -- Up-to-date: /home/sshyuk/palletrone_ws/install/palletrone_interfaces/include/palletrone_interfaces/palletrone_interfaces/msg/detail
[0.311s] -- Up-to-date: /home/sshyuk/palletrone_ws/install/palletrone_interfaces/include/palletrone_interfaces/palletrone_interfaces/msg/detail/cmd__type_support.cpp
[0.311s] -- Up-to-date: /home/sshyuk/palletrone_ws/install/palletrone_interfaces/include/palletrone_interfaces/palletrone_interfaces/msg/detail/input__type_support.cpp
[0.311s] -- Up-to-date: /home/sshyuk/palletrone_ws/install/palletrone_interfaces/include/palletrone_interfaces/palletrone_interfaces/msg/detail/wrench__type_support.cpp
[0.311s] -- Up-to-date: /home/sshyuk/palletrone_ws/install/palletrone_interfaces/include/palletrone_interfaces/palletrone_interfaces/msg/detail/arm_cmd__rosidl_typesupport_introspection_cpp.hpp
[0.311s] -- Up-to-date: /home/sshyuk/palletrone_ws/install/palletrone_interfaces/include/palletrone_interfaces/palletrone_interfaces/msg/detail/cmd__rosidl_typesupport_introspection_cpp.hpp
[0.311s] -- Up-to-date: /home/sshyuk/palletrone_ws/install/palletrone_interfaces/include/palletrone_interfaces/palletrone_interfaces/msg/detail/palletrone_state__rosidl_typesupport_introspection_cpp.hpp
[0.311s] -- Up-to-date: /home/sshyuk/palletrone_ws/install/palletrone_interfaces/include/palletrone_interfaces/palletrone_interfaces/msg/detail/wrench__rosidl_typesupport_introspection_cpp.hpp
[0.311s] -- Up-to-date: /home/sshyuk/palletrone_ws/install/palletrone_interfaces/include/palletrone_interfaces/palletrone_interfaces/msg/detail/palletrone_state__type_support.cpp
[0.311s] -- Up-to-date: /home/sshyuk/palletrone_ws/install/palletrone_interfaces/include/palletrone_interfaces/palletrone_interfaces/msg/detail/input__rosidl_typesupport_introspection_cpp.hpp
[0.311s] -- Up-to-date: /home/sshyuk/palletrone_ws/install/palletrone_interfaces/include/palletrone_interfaces/palletrone_interfaces/msg/detail/arm_cmd__type_support.cpp
[0.311s] -- Up-to-date: /home/sshyuk/palletrone_ws/install/palletrone_interfaces/lib/libpalletrone_interfaces__rosidl_typesupport_introspection_cpp.so
[0.311s] -- Up-to-date: /home/sshyuk/palletrone_ws/install/palletrone_interfaces/lib/libpalletrone_interfaces__rosidl_typesupport_cpp.so
[0.311s] -- Up-to-date: /home/sshyuk/palletrone_ws/install/palletrone_interfaces/share/palletrone_interfaces/environment/pythonpath.sh
[0.311s] -- Up-to-date: /home/sshyuk/palletrone_ws/install/palletrone_interfaces/share/palletrone_interfaces/environment/pythonpath.dsv
[0.311s] -- Up-to-date: /home/sshyuk/palletrone_ws/install/palletrone_interfaces/local/lib/python3.10/dist-packages/palletrone_interfaces-0.0.0-py3.10.egg-info
[0.311s] -- Installing: /home/sshyuk/palletrone_ws/install/palletrone_interfaces/local/lib/python3.10/dist-packages/palletrone_interfaces-0.0.0-py3.10.egg-info/dependency_links.txt
[0.311s] -- Installing: /home/sshyuk/palletrone_ws/install/palletrone_interfaces/local/lib/python3.10/dist-packages/palletrone_interfaces-0.0.0-py3.10.egg-info/PKG-INFO
[0.311s] -- Installing: /home/sshyuk/palletrone_ws/install/palletrone_interfaces/local/lib/python3.10/dist-packages/palletrone_interfaces-0.0.0-py3.10.egg-info/SOURCES.txt
[0.311s] -- Installing: /home/sshyuk/palletrone_ws/install/palletrone_interfaces/local/lib/python3.10/dist-packages/palletrone_interfaces-0.0.0-py3.10.egg-info/top_level.txt
[0.311s] -- Up-to-date: /home/sshyuk/palletrone_ws/install/palletrone_interfaces/local/lib/python3.10/dist-packages/palletrone_interfaces
[0.311s] -- Up-to-date: /home/sshyuk/palletrone_ws/install/palletrone_interfaces/local/lib/python3.10/dist-packages/palletrone_interfaces/_palletrone_interfaces_s.ep.rosidl_typesupport_c.c
[0.311s] -- Up-to-date: /home/sshyuk/palletrone_ws/install/palletrone_interfaces/local/lib/python3.10/dist-packages/palletrone_interfaces/libpalletrone_interfaces__rosidl_generator_py.so
[0.312s] -- Up-to-date: /home/sshyuk/palletrone_ws/install/palletrone_interfaces/local/lib/python3.10/dist-packages/palletrone_interfaces/__init__.py
[0.312s] -- Up-to-date: /home/sshyuk/palletrone_ws/install/palletrone_interfaces/local/lib/python3.10/dist-packages/palletrone_interfaces/palletrone_interfaces_s__rosidl_typesupport_fastrtps_c.cpython-310-x86_64-linux-gnu.so
[0.312s] -- Up-to-date: /home/sshyuk/palletrone_ws/install/palletrone_interfaces/local/lib/python3.10/dist-packages/palletrone_interfaces/msg
[0.312s] -- Up-to-date: /home/sshyuk/palletrone_ws/install/palletrone_interfaces/local/lib/python3.10/dist-packages/palletrone_interfaces/msg/_input_s.c
[0.312s] -- Up-to-date: /home/sshyuk/palletrone_ws/install/palletrone_interfaces/local/lib/python3.10/dist-packages/palletrone_interfaces/msg/_arm_cmd.py
[0.312s] -- Up-to-date: /home/sshyuk/palletrone_ws/install/palletrone_interfaces/local/lib/python3.10/dist-packages/palletrone_interfaces/msg/_palletrone_state_s.c
[0.312s] -- Up-to-date: /home/sshyuk/palletrone_ws/install/palletrone_interfaces/local/lib/python3.10/dist-packages/palletrone_interfaces/msg/_wrench.py
[0.312s] -- Up-to-date: /home/sshyuk/palletrone_ws/install/palletrone_interfaces/local/lib/python3.10/dist-packages/palletrone_interfaces/msg/__init__.py
[0.312s] -- Up-to-date: /home/sshyuk/palletrone_ws/install/palletrone_interfaces/local/lib/python3.10/dist-packages/palletrone_interfaces/msg/_arm_cmd_s.c
[0.312s] -- Up-to-date: /home/sshyuk/palletrone_ws/install/palletrone_interfaces/local/lib/python3.10/dist-packages/palletrone_interfaces/msg/_input.py
[0.312s] -- Up-to-date: /home/sshyuk/palletrone_ws/install/palletrone_interfaces/local/lib/python3.10/dist-packages/palletrone_interfaces/msg/_palletrone_state.py
[0.312s] -- Up-to-date: /home/sshyuk/palletrone_ws/install/palletrone_interfaces/local/lib/python3.10/dist-packages/palletrone_interfaces/msg/_cmd_s.c
[0.312s] -- Up-to-date: /home/sshyuk/palletrone_ws/install/palletrone_interfaces/local/lib/python3.10/dist-packages/palletrone_interfaces/msg/_wrench_s.c
[0.312s] -- Up-to-date: /home/sshyuk/palletrone_ws/install/palletrone_interfaces/local/lib/python3.10/dist-packages/palletrone_interfaces/msg/_cmd.py
[0.312s] -- Up-to-date: /home/sshyuk/palletrone_ws/install/palletrone_interfaces/local/lib/python3.10/dist-packages/palletrone_interfaces/_palletrone_interfaces_s.ep.rosidl_typesupport_introspection_c.c
[0.312s] -- Up-to-date: /home/sshyuk/palletrone_ws/install/palletrone_interfaces/local/lib/python3.10/dist-packages/palletrone_interfaces/_palletrone_interfaces_s.ep.rosidl_typesupport_fastrtps_c.c
[0.312s] -- Up-to-date: /home/sshyuk/palletrone_ws/install/palletrone_interfaces/local/lib/python3.10/dist-packages/palletrone_interfaces/palletrone_interfaces_s__rosidl_typesupport_c.cpython-310-x86_64-linux-gnu.so
[0.312s] -- Up-to-date: /home/sshyuk/palletrone_ws/install/palletrone_interfaces/local/lib/python3.10/dist-packages/palletrone_interfaces/palletrone_interfaces_s__rosidl_typesupport_introspection_c.cpython-310-x86_64-linux-gnu.so
[0.339s] Listing '/home/sshyuk/palletrone_ws/install/palletrone_interfaces/local/lib/python3.10/dist-packages/palletrone_interfaces'...
[0.339s] Listing '/home/sshyuk/palletrone_ws/install/palletrone_interfaces/local/lib/python3.10/dist-packages/palletrone_interfaces/msg'...
[0.342s] -- Up-to-date: /home/sshyuk/palletrone_ws/install/palletrone_interfaces/local/lib/python3.10/dist-packages/palletrone_interfaces/palletrone_interfaces_s__rosidl_typesupport_fastrtps_c.cpython-310-x86_64-linux-gnu.so
[0.342s] -- Up-to-date: /home/sshyuk/palletrone_ws/install/palletrone_interfaces/local/lib/python3.10/dist-packages/palletrone_interfaces/palletrone_interfaces_s__rosidl_typesupport_introspection_c.cpython-310-x86_64-linux-gnu.so
[0.342s] -- Up-to-date: /home/sshyuk/palletrone_ws/install/palletrone_interfaces/local/lib/python3.10/dist-packages/palletrone_interfaces/palletrone_interfaces_s__rosidl_typesupport_c.cpython-310-x86_64-linux-gnu.so
[0.342s] -- Up-to-date: /home/sshyuk/palletrone_ws/install/palletrone_interfaces/lib/libpalletrone_interfaces__rosidl_generator_py.so
[0.343s] -- Up-to-date: /home/sshyuk/palletrone_ws/install/palletrone_interfaces/share/palletrone_interfaces/msg/Input.idl
[0.343s] -- Up-to-date: /home/sshyuk/palletrone_ws/install/palletrone_interfaces/share/palletrone_interfaces/msg/PalletroneState.idl
[0.343s] -- Up-to-date: /home/sshyuk/palletrone_ws/install/palletrone_interfaces/share/palletrone_interfaces/msg/Cmd.idl
[0.343s] -- Up-to-date: /home/sshyuk/palletrone_ws/install/palletrone_interfaces/share/palletrone_interfaces/msg/Wrench.idl
[0.343s] -- Up-to-date: /home/sshyuk/palletrone_ws/install/palletrone_interfaces/share/palletrone_interfaces/msg/ArmCmd.idl
[0.343s] -- Up-to-date: /home/sshyuk/palletrone_ws/install/palletrone_interfaces/share/palletrone_interfaces/msg/Input.msg
[0.343s] -- Up-to-date: /home/sshyuk/palletrone_ws/install/palletrone_interfaces/share/palletrone_interfaces/msg/PalletroneState.msg
[0.343s] -- Up-to-date: /home/sshyuk/palletrone_ws/install/palletrone_interfaces/share/palletrone_interfaces/msg/Cmd.msg
[0.343s] -- Up-to-date: /home/sshyuk/palletrone_ws/install/palletrone_interfaces/share/palletrone_interfaces/msg/Wrench.msg
[0.343s] -- Up-to-date: /home/sshyuk/palletrone_ws/install/palletrone_interfaces/share/palletrone_interfaces/msg/ArmCmd.msg
[0.343s] -- Up-to-date: /home/sshyuk/palletrone_ws/install/palletrone_interfaces/share/ament_index/resource_index/package_run_dependencies/palletrone_interfaces
[0.343s] -- Up-to-date: /home/sshyuk/palletrone_ws/install/palletrone_interfaces/share/ament_index/resource_index/parent_prefix_path/palletrone_interfaces
[0.343s] -- Up-to-date: /home/sshyuk/palletrone_ws/install/palletrone_interfaces/share/palletrone_interfaces/environment/ament_prefix_path.sh
[0.343s] -- Up-to-date: /home/sshyuk/palletrone_ws/install/palletrone_interfaces/share/palletrone_interfaces/environment/ament_prefix_path.dsv
[0.343s] -- Up-to-date: /home/sshyuk/palletrone_ws/install/palletrone_interfaces/share/palletrone_interfaces/environment/path.sh
[0.343s] -- Up-to-date: /home/sshyuk/palletrone_ws/install/palletrone_interfaces/share/palletrone_interfaces/environment/path.dsv
[0.343s] -- Up-to-date: /home/sshyuk/palletrone_ws/install/palletrone_interfaces/share/palletrone_interfaces/local_setup.bash
[0.343s] -- Up-to-date: /home/sshyuk/palletrone_ws/install/palletrone_interfaces/share/palletrone_interfaces/local_setup.sh
[0.343s] -- Up-to-date: /home/sshyuk/palletrone_ws/install/palletrone_interfaces/share/palletrone_interfaces/local_setup.zsh
[0.343s] -- Up-to-date: /home/sshyuk/palletrone_ws/install/palletrone_interfaces/share/palletrone_interfaces/local_setup.dsv
[0.343s] -- Installing: /home/sshyuk/palletrone_ws/install/palletrone_interfaces/share/palletrone_interfaces/package.dsv
[0.343s] -- Up-to-date: /home/sshyuk/palletrone_ws/install/palletrone_interfaces/share/ament_index/resource_index/packages/palletrone_interfaces
[0.343s] -- Up-to-date: /home/sshyuk/palletrone_ws/install/palletrone_interfaces/share/palletrone_interfaces/cmake/export_palletrone_interfaces__rosidl_generator_cExport.cmake
[0.343s] -- Up-to-date: /home/sshyuk/palletrone_ws/install/palletrone_interfaces/share/palletrone_interfaces/cmake/export_palletrone_interfaces__rosidl_generator_cExport-noconfig.cmake
[0.343s] -- Up-to-date: /home/sshyuk/palletrone_ws/install/palletrone_interfaces/share/palletrone_interfaces/cmake/export_palletrone_interfaces__rosidl_typesupport_fastrtps_cExport.cmake
[0.343s] -- Up-to-date: /home/sshyuk/palletrone_ws/install/palletrone_interfaces/share/palletrone_interfaces/cmake/export_palletrone_interfaces__rosidl_typesupport_fastrtps_cExport-noconfig.cmake
[0.343s] -- Up-to-date: /home/sshyuk/palletrone_ws/install/palletrone_interfaces/share/palletrone_interfaces/cmake/palletrone_interfaces__rosidl_typesupport_introspection_cExport.cmake
[0.343s] -- Up-to-date: /home/sshyuk/palletrone_ws/install/palletrone_interfaces/share/palletrone_interfaces/cmake/palletrone_interfaces__rosidl_typesupport_introspection_cExport-noconfig.cmake
[0.344s] -- Up-to-date: /home/sshyuk/palletrone_ws/install/palletrone_interfaces/share/palletrone_interfaces/cmake/palletrone_interfaces__rosidl_typesupport_cExport.cmake
[0.344s] -- Up-to-date: /home/sshyuk/palletrone_ws/install/palletrone_interfaces/share/palletrone_interfaces/cmake/palletrone_interfaces__rosidl_typesupport_cExport-noconfig.cmake
[0.344s] -- Up-to-date: /home/sshyuk/palletrone_ws/install/palletrone_interfaces/share/palletrone_interfaces/cmake/export_palletrone_interfaces__rosidl_generator_cppExport.cmake
[0.344s] -- Up-to-date: /home/sshyuk/palletrone_ws/install/palletrone_interfaces/share/palletrone_interfaces/cmake/export_palletrone_interfaces__rosidl_typesupport_fastrtps_cppExport.cmake
[0.344s] -- Up-to-date: /home/sshyuk/palletrone_ws/install/palletrone_interfaces/share/palletrone_interfaces/cmake/export_palletrone_interfaces__rosidl_typesupport_fastrtps_cppExport-noconfig.cmake
[0.344s] -- Up-to-date: /home/sshyuk/palletrone_ws/install/palletrone_interfaces/share/palletrone_interfaces/cmake/palletrone_interfaces__rosidl_typesupport_introspection_cppExport.cmake
[0.344s] -- Up-to-date: /home/sshyuk/palletrone_ws/install/palletrone_interfaces/share/palletrone_interfaces/cmake/palletrone_interfaces__rosidl_typesupport_introspection_cppExport-noconfig.cmake
[0.344s] -- Up-to-date: /home/sshyuk/palletrone_ws/install/palletrone_interfaces/share/palletrone_interfaces/cmake/palletrone_interfaces__rosidl_typesupport_cppExport.cmake
[0.344s] -- Up-to-date: /home/sshyuk/palletrone_ws/install/palletrone_interfaces/share/palletrone_interfaces/cmake/palletrone_interfaces__rosidl_typesupport_cppExport-noconfig.cmake
[0.344s] -- Up-to-date: /home/sshyuk/palletrone_ws/install/palletrone_interfaces/share/palletrone_interfaces/cmake/export_palletrone_interfaces__rosidl_generator_pyExport.cmake
[0.344s] -- Up-to-date: /home/sshyuk/palletrone_ws/install/palletrone_interfaces/share/palletrone_interfaces/cmake/export_palletrone_interfaces__rosidl_generator_pyExport-noconfig.cmake
[0.344s] -- Up-to-date: /home/sshyuk/palletrone_ws/install/palletrone_interfaces/share/palletrone_interfaces/cmake/rosidl_cmake-extras.cmake
[0.344s] -- Up-to-date: /home/sshyuk/palletrone_ws/install/palletrone_interfaces/share/palletrone_interfaces/cmake/ament_cmake_export_dependencies-extras.cmake
[0.344s] -- Up-to-date: /home/sshyuk/palletrone_ws/install/palletrone_interfaces/share/palletrone_interfaces/cmake/ament_cmake_export_include_directories-extras.cmake
[0.344s] -- Up-to-date: /home/sshyuk/palletrone_ws/install/palletrone_interfaces/share/palletrone_interfaces/cmake/ament_cmake_export_libraries-extras.cmake
[0.344s] -- Up-to-date: /home/sshyuk/palletrone_ws/install/palletrone_interfaces/share/palletrone_interfaces/cmake/ament_cmake_export_targets-extras.cmake
[0.344s] -- Up-to-date: /home/sshyuk/palletrone_ws/install/palletrone_interfaces/share/palletrone_interfaces/cmake/rosidl_cmake_export_typesupport_targets-extras.cmake
[0.344s] -- Up-to-date: /home/sshyuk/palletrone_ws/install/palletrone_interfaces/share/palletrone_interfaces/cmake/rosidl_cmake_export_typesupport_libraries-extras.cmake
[0.344s] -- Up-to-date: /home/sshyuk/palletrone_ws/install/palletrone_interfaces/share/palletrone_interfaces/cmake/palletrone_interfacesConfig.cmake
[0.344s] -- Up-to-date: /home/sshyuk/palletrone_ws/install/palletrone_interfaces/share/palletrone_interfaces/cmake/palletrone_interfacesConfig-version.cmake
[0.344s] -- Up-to-date: /home/sshyuk/palletrone_ws/install/palletrone_interfaces/share/palletrone_interfaces/package.xml
[0.346s] Invoked command in '/home/sshyuk/palletrone_ws/build/palletrone_interfaces' returned '0': CMAKE_PREFIX_PATH=${CMAKE_PREFIX_PATH}:/home/sshyuk/palletrone_ws/install/plant:/home/sshyuk/ros2_ws/install/keyboard:/home/sshyuk/ros2_ws/install/inchworm:/home/sshyuk/ros2_ws/install/gimbal_utils:/opt/ros/humble /usr/bin/cmake --install /home/sshyuk/palletrone_ws/build/palletrone_interfaces
