[0.373s] Invoking command in '/home/sshyuk/palletrone_ws/src/plant': CMAKE_PREFIX_PATH=/home/sshyuk/palletrone_ws/install/palletrone_interfaces:/home/sshyuk/palletrone_ws/install/palletrone_controller:/home/sshyuk/palletrone_ws/install/palletrone_cmd:/home/sshyuk/ros2_ws/install/motion_capture_tracking:/home/sshyuk/ros2_ws/install/motion_capture_tracking_interfaces:/home/sshyuk/ros2_ws/install/crawling_robot_controller PYTHONPATH=/home/sshyuk/palletrone_ws/build/plant/prefix_override:/usr/lib/python3/dist-packages/colcon_core/task/python/colcon_distutils_commands:/home/sshyuk/palletrone_ws/install/plant/lib/python3.10/site-packages:${PYTHONPATH} /usr/bin/python3 -W ignore:setup.py install is deprecated -W ignore:easy_install command is deprecated setup.py egg_info --egg-base ../../build/plant build --build-base /home/sshyuk/palletrone_ws/build/plant/build install --record /home/sshyuk/palletrone_ws/build/plant/install.log --single-version-externally-managed install_data
[0.520s] running egg_info
[0.520s] writing ../../build/plant/plant.egg-info/PKG-INFO
[0.520s] writing dependency_links to ../../build/plant/plant.egg-info/dependency_links.txt
[0.521s] writing entry points to ../../build/plant/plant.egg-info/entry_points.txt
[0.521s] writing requirements to ../../build/plant/plant.egg-info/requires.txt
[0.521s] writing top-level names to ../../build/plant/plant.egg-info/top_level.txt
[0.522s] reading manifest file '../../build/plant/plant.egg-info/SOURCES.txt'
[0.522s] writing manifest file '../../build/plant/plant.egg-info/SOURCES.txt'
[0.522s] running build
[0.522s] running build_py
[0.522s] copying plant/plant.py -> /home/sshyuk/palletrone_ws/build/plant/build/lib/plant
[0.523s] running install
[0.523s] running install_lib
[0.523s] copying /home/sshyuk/palletrone_ws/build/plant/build/lib/plant/plant.py -> /home/sshyuk/palletrone_ws/install/plant/lib/python3.10/site-packages/plant
[0.524s] byte-compiling /home/sshyuk/palletrone_ws/install/plant/lib/python3.10/site-packages/plant/plant.py to plant.cpython-310.pyc
[0.525s] running install_data
[0.525s] running install_egg_info
[0.527s] removing '/home/sshyuk/palletrone_ws/install/plant/lib/python3.10/site-packages/plant-0.0.1-py3.10.egg-info' (and everything under it)
[0.527s] Copying ../../build/plant/plant.egg-info to /home/sshyuk/palletrone_ws/install/plant/lib/python3.10/site-packages/plant-0.0.1-py3.10.egg-info
[0.527s] running install_scripts
[0.540s] Installing plant script to /home/sshyuk/palletrone_ws/install/plant/lib/plant
[0.540s] writing list of installed files to '/home/sshyuk/palletrone_ws/build/plant/install.log'
[0.554s] Invoked command in '/home/sshyuk/palletrone_ws/src/plant' returned '0': CMAKE_PREFIX_PATH=/home/sshyuk/palletrone_ws/install/palletrone_interfaces:/home/sshyuk/palletrone_ws/install/palletrone_controller:/home/sshyuk/palletrone_ws/install/palletrone_cmd:/home/sshyuk/ros2_ws/install/motion_capture_tracking:/home/sshyuk/ros2_ws/install/motion_capture_tracking_interfaces:/home/sshyuk/ros2_ws/install/crawling_robot_controller PYTHONPATH=/home/sshyuk/palletrone_ws/build/plant/prefix_override:/usr/lib/python3/dist-packages/colcon_core/task/python/colcon_distutils_commands:/home/sshyuk/palletrone_ws/install/plant/lib/python3.10/site-packages:${PYTHONPATH} /usr/bin/python3 -W ignore:setup.py install is deprecated -W ignore:easy_install command is deprecated setup.py egg_info --egg-base ../../build/plant build --build-base /home/sshyuk/palletrone_ws/build/plant/build install --record /home/sshyuk/palletrone_ws/build/plant/install.log --single-version-externally-managed install_data
