[0.010s] Invoking command in '/home/sshyuk/palletrone_ws/build/palletrone_cmd': CMAKE_PREFIX_PATH=/home/sshyuk/palletrone_ws/install/palletrone_interfaces:/home/sshyuk/palletrone_ws/install/palletrone_controller:/home/sshyuk/palletrone_ws/install/palletrone_cmd:/home/sshyuk/ros2_ws/install/motion_capture_tracking:/home/sshyuk/ros2_ws/install/motion_capture_tracking_interfaces:/home/sshyuk/ros2_ws/install/crawling_robot_controller:/home/sshyuk/palletrone_ws/install/plant:/home/sshyuk/ros2_ws/install/keyboard:/home/sshyuk/ros2_ws/install/inchworm:/home/sshyuk/ros2_ws/install/gimbal_utils:/opt/ros/humble /usr/bin/cmake --build /home/sshyuk/palletrone_ws/build/palletrone_cmd -- -j20 -l20
[0.051s] [100%] Built target position_cmd
[0.173s] Invoked command in '/home/sshyuk/palletrone_ws/build/palletrone_cmd' returned '0': CMAKE_PREFIX_PATH=/home/sshyuk/palletrone_ws/install/palletrone_interfaces:/home/sshyuk/palletrone_ws/install/palletrone_controller:/home/sshyuk/palletrone_ws/install/palletrone_cmd:/home/sshyuk/ros2_ws/install/motion_capture_tracking:/home/sshyuk/ros2_ws/install/motion_capture_tracking_interfaces:/home/sshyuk/ros2_ws/install/crawling_robot_controller:/home/sshyuk/palletrone_ws/install/plant:/home/sshyuk/ros2_ws/install/keyboard:/home/sshyuk/ros2_ws/install/inchworm:/home/sshyuk/ros2_ws/install/gimbal_utils:/opt/ros/humble /usr/bin/cmake --build /home/sshyuk/palletrone_ws/build/palletrone_cmd -- -j20 -l20
[0.174s] Invoking command in '/home/sshyuk/palletrone_ws/build/palletrone_cmd': CMAKE_PREFIX_PATH=/home/sshyuk/palletrone_ws/install/palletrone_interfaces:/home/sshyuk/palletrone_ws/install/palletrone_controller:/home/sshyuk/palletrone_ws/install/palletrone_cmd:/home/sshyuk/ros2_ws/install/motion_capture_tracking:/home/sshyuk/ros2_ws/install/motion_capture_tracking_interfaces:/home/sshyuk/ros2_ws/install/crawling_robot_controller:/home/sshyuk/palletrone_ws/install/plant:/home/sshyuk/ros2_ws/install/keyboard:/home/sshyuk/ros2_ws/install/inchworm:/home/sshyuk/ros2_ws/install/gimbal_utils:/opt/ros/humble /usr/bin/cmake --install /home/sshyuk/palletrone_ws/build/palletrone_cmd
[0.182s] -- Install configuration: ""
[0.182s] -- Up-to-date: /home/sshyuk/palletrone_ws/install/palletrone_cmd/lib/palletrone_cmd/position_cmd
[0.182s] -- Up-to-date: /home/sshyuk/palletrone_ws/install/palletrone_cmd/share/palletrone_cmd/launch
[0.182s] -- Up-to-date: /home/sshyuk/palletrone_ws/install/palletrone_cmd/share/palletrone_cmd/launch/pt_launch.py
[0.182s] -- Up-to-date: /home/sshyuk/palletrone_ws/install/palletrone_cmd/share/ament_index/resource_index/package_run_dependencies/palletrone_cmd
[0.183s] -- Up-to-date: /home/sshyuk/palletrone_ws/install/palletrone_cmd/share/ament_index/resource_index/parent_prefix_path/palletrone_cmd
[0.183s] -- Up-to-date: /home/sshyuk/palletrone_ws/install/palletrone_cmd/share/palletrone_cmd/environment/ament_prefix_path.sh
[0.183s] -- Up-to-date: /home/sshyuk/palletrone_ws/install/palletrone_cmd/share/palletrone_cmd/environment/ament_prefix_path.dsv
[0.183s] -- Up-to-date: /home/sshyuk/palletrone_ws/install/palletrone_cmd/share/palletrone_cmd/environment/path.sh
[0.183s] -- Up-to-date: /home/sshyuk/palletrone_ws/install/palletrone_cmd/share/palletrone_cmd/environment/path.dsv
[0.183s] -- Up-to-date: /home/sshyuk/palletrone_ws/install/palletrone_cmd/share/palletrone_cmd/local_setup.bash
[0.183s] -- Up-to-date: /home/sshyuk/palletrone_ws/install/palletrone_cmd/share/palletrone_cmd/local_setup.sh
[0.183s] -- Up-to-date: /home/sshyuk/palletrone_ws/install/palletrone_cmd/share/palletrone_cmd/local_setup.zsh
[0.183s] -- Up-to-date: /home/sshyuk/palletrone_ws/install/palletrone_cmd/share/palletrone_cmd/local_setup.dsv
[0.184s] -- Installing: /home/sshyuk/palletrone_ws/install/palletrone_cmd/share/palletrone_cmd/package.dsv
[0.184s] -- Up-to-date: /home/sshyuk/palletrone_ws/install/palletrone_cmd/share/ament_index/resource_index/packages/palletrone_cmd
[0.184s] -- Up-to-date: /home/sshyuk/palletrone_ws/install/palletrone_cmd/share/palletrone_cmd/cmake/palletrone_cmdConfig.cmake
[0.184s] -- Up-to-date: /home/sshyuk/palletrone_ws/install/palletrone_cmd/share/palletrone_cmd/cmake/palletrone_cmdConfig-version.cmake
[0.184s] -- Up-to-date: /home/sshyuk/palletrone_ws/install/palletrone_cmd/share/palletrone_cmd/package.xml
[0.193s] Invoked command in '/home/sshyuk/palletrone_ws/build/palletrone_cmd' returned '0': CMAKE_PREFIX_PATH=/home/sshyuk/palletrone_ws/install/palletrone_interfaces:/home/sshyuk/palletrone_ws/install/palletrone_controller:/home/sshyuk/palletrone_ws/install/palletrone_cmd:/home/sshyuk/ros2_ws/install/motion_capture_tracking:/home/sshyuk/ros2_ws/install/motion_capture_tracking_interfaces:/home/sshyuk/ros2_ws/install/crawling_robot_controller:/home/sshyuk/palletrone_ws/install/plant:/home/sshyuk/ros2_ws/install/keyboard:/home/sshyuk/ros2_ws/install/inchworm:/home/sshyuk/ros2_ws/install/gimbal_utils:/opt/ros/humble /usr/bin/cmake --install /home/sshyuk/palletrone_ws/build/palletrone_cmd
