[100%] Built target position_cmd
-- Install configuration: ""
-- Up-to-date: /home/sshyuk/palletrone_ws/install/palletrone_cmd/lib/palletrone_cmd/position_cmd
-- Up-to-date: /home/sshyuk/palletrone_ws/install/palletrone_cmd/share/palletrone_cmd/launch
-- Up-to-date: /home/sshyuk/palletrone_ws/install/palletrone_cmd/share/palletrone_cmd/launch/pt_launch.py
-- Up-to-date: /home/sshyuk/palletrone_ws/install/palletrone_cmd/share/ament_index/resource_index/package_run_dependencies/palletrone_cmd
-- Up-to-date: /home/sshyuk/palletrone_ws/install/palletrone_cmd/share/ament_index/resource_index/parent_prefix_path/palletrone_cmd
-- Up-to-date: /home/sshyuk/palletrone_ws/install/palletrone_cmd/share/palletrone_cmd/environment/ament_prefix_path.sh
-- Up-to-date: /home/sshyuk/palletrone_ws/install/palletrone_cmd/share/palletrone_cmd/environment/ament_prefix_path.dsv
-- Up-to-date: /home/sshyuk/palletrone_ws/install/palletrone_cmd/share/palletrone_cmd/environment/path.sh
-- Up-to-date: /home/sshyuk/palletrone_ws/install/palletrone_cmd/share/palletrone_cmd/environment/path.dsv
-- Up-to-date: /home/sshyuk/palletrone_ws/install/palletrone_cmd/share/palletrone_cmd/local_setup.bash
-- Up-to-date: /home/sshyuk/palletrone_ws/install/palletrone_cmd/share/palletrone_cmd/local_setup.sh
-- Up-to-date: /home/sshyuk/palletrone_ws/install/palletrone_cmd/share/palletrone_cmd/local_setup.zsh
-- Up-to-date: /home/sshyuk/palletrone_ws/install/palletrone_cmd/share/palletrone_cmd/local_setup.dsv
-- Installing: /home/sshyuk/palletrone_ws/install/palletrone_cmd/share/palletrone_cmd/package.dsv
-- Up-to-date: /home/sshyuk/palletrone_ws/install/palletrone_cmd/share/ament_index/resource_index/packages/palletrone_cmd
-- Up-to-date: /home/sshyuk/palletrone_ws/install/palletrone_cmd/share/palletrone_cmd/cmake/palletrone_cmdConfig.cmake
-- Up-to-date: /home/sshyuk/palletrone_ws/install/palletrone_cmd/share/palletrone_cmd/cmake/palletrone_cmdConfig-version.cmake
-- Up-to-date: /home/sshyuk/palletrone_ws/install/palletrone_cmd/share/palletrone_cmd/package.xml
