[ 11%] Built target palletrone_interfaces__rosidl_generator_c
[ 12%] Built target palletrone_interfaces__cpp
[ 12%] Built target ament_cmake_python_copy_palletrone_interfaces
[ 23%] Built target palletrone_interfaces__rosidl_typesupport_introspection_cpp
[ 34%] Built target palletrone_interfaces__rosidl_typesupport_c
[ 46%] Built target palletrone_interfaces__rosidl_typesupport_introspection_c
[ 57%] Built target palletrone_interfaces__rosidl_typesupport_fastrtps_c
[ 68%] Built target palletrone_interfaces__rosidl_typesupport_fastrtps_cpp
[ 79%] Built target palletrone_interfaces__rosidl_typesupport_cpp
[ 79%] Built target palletrone_interfaces
[ 80%] Built target palletrone_interfaces__py
[ 90%] Built target palletrone_interfaces__rosidl_generator_py
[ 93%] Built target palletrone_interfaces__rosidl_typesupport_c__pyext
[ 96%] Built target palletrone_interfaces__rosidl_typesupport_fastrtps_c__pyext
[100%] Built target palletrone_interfaces__rosidl_typesupport_introspection_c__pyext
running egg_info
writing palletrone_interfaces.egg-info/PKG-INFO
writing dependency_links to palletrone_interfaces.egg-info/dependency_links.txt
writing top-level names to palletrone_interfaces.egg-info/top_level.txt
reading manifest file 'palletrone_interfaces.egg-info/SOURCES.txt'
writing manifest file 'palletrone_interfaces.egg-info/SOURCES.txt'
[100%] Built target ament_cmake_python_build_palletrone_interfaces_egg
-- Install configuration: ""
-- Up-to-date: /home/sshyuk/palletrone_ws/install/palletrone_interfaces/share/ament_index/resource_index/rosidl_interfaces/palletrone_interfaces
-- Up-to-date: /home/sshyuk/palletrone_ws/install/palletrone_interfaces/include/palletrone_interfaces/palletrone_interfaces
-- Up-to-date: /home/sshyuk/palletrone_ws/install/palletrone_interfaces/include/palletrone_interfaces/palletrone_interfaces/msg
-- Up-to-date: /home/sshyuk/palletrone_ws/install/palletrone_interfaces/include/palletrone_interfaces/palletrone_interfaces/msg/palletrone_state.h
-- Up-to-date: /home/sshyuk/palletrone_ws/install/palletrone_interfaces/include/palletrone_interfaces/palletrone_interfaces/msg/arm_cmd.h
-- Up-to-date: /home/sshyuk/palletrone_ws/install/palletrone_interfaces/include/palletrone_interfaces/palletrone_interfaces/msg/input.h
-- Up-to-date: /home/sshyuk/palletrone_ws/install/palletrone_interfaces/include/palletrone_interfaces/palletrone_interfaces/msg/rosidl_generator_c__visibility_control.h
-- Up-to-date: /home/sshyuk/palletrone_ws/install/palletrone_interfaces/include/palletrone_interfaces/palletrone_interfaces/msg/detail
-- Up-to-date: /home/sshyuk/palletrone_ws/install/palletrone_interfaces/include/palletrone_interfaces/palletrone_interfaces/msg/detail/cmd__struct.h
-- Up-to-date: /home/sshyuk/palletrone_ws/install/palletrone_interfaces/include/palletrone_interfaces/palletrone_interfaces/msg/detail/arm_cmd__struct.h
-- Up-to-date: /home/sshyuk/palletrone_ws/install/palletrone_interfaces/include/palletrone_interfaces/palletrone_interfaces/msg/detail/arm_cmd__type_support.h
-- Up-to-date: /home/sshyuk/palletrone_ws/install/palletrone_interfaces/include/palletrone_interfaces/palletrone_interfaces/msg/detail/input__type_support.h
-- Up-to-date: /home/sshyuk/palletrone_ws/install/palletrone_interfaces/include/palletrone_interfaces/palletrone_interfaces/msg/detail/palletrone_state__struct.h
-- Up-to-date: /home/sshyuk/palletrone_ws/install/palletrone_interfaces/include/palletrone_interfaces/palletrone_interfaces/msg/detail/wrench__functions.h
-- Up-to-date: /home/sshyuk/palletrone_ws/install/palletrone_interfaces/include/palletrone_interfaces/palletrone_interfaces/msg/detail/arm_cmd__functions.h
-- Up-to-date: /home/sshyuk/palletrone_ws/install/palletrone_interfaces/include/palletrone_interfaces/palletrone_interfaces/msg/detail/input__functions.h
-- Up-to-date: /home/sshyuk/palletrone_ws/install/palletrone_interfaces/include/palletrone_interfaces/palletrone_interfaces/msg/detail/input__struct.h
-- Up-to-date: /home/sshyuk/palletrone_ws/install/palletrone_interfaces/include/palletrone_interfaces/palletrone_interfaces/msg/detail/wrench__struct.h
-- Up-to-date: /home/sshyuk/palletrone_ws/install/palletrone_interfaces/include/palletrone_interfaces/palletrone_interfaces/msg/detail/cmd__type_support.h
-- Up-to-date: /home/sshyuk/palletrone_ws/install/palletrone_interfaces/include/palletrone_interfaces/palletrone_interfaces/msg/detail/arm_cmd__functions.c
-- Up-to-date: /home/sshyuk/palletrone_ws/install/palletrone_interfaces/include/palletrone_interfaces/palletrone_interfaces/msg/detail/palletrone_state__functions.h
-- Up-to-date: /home/sshyuk/palletrone_ws/install/palletrone_interfaces/include/palletrone_interfaces/palletrone_interfaces/msg/detail/input__functions.c
-- Up-to-date: /home/sshyuk/palletrone_ws/install/palletrone_interfaces/include/palletrone_interfaces/palletrone_interfaces/msg/detail/cmd__functions.h
-- Up-to-date: /home/sshyuk/palletrone_ws/install/palletrone_interfaces/include/palletrone_interfaces/palletrone_interfaces/msg/detail/palletrone_state__type_support.h
-- Up-to-date: /home/sshyuk/palletrone_ws/install/palletrone_interfaces/include/palletrone_interfaces/palletrone_interfaces/msg/detail/palletrone_state__functions.c
-- Up-to-date: /home/sshyuk/palletrone_ws/install/palletrone_interfaces/include/palletrone_interfaces/palletrone_interfaces/msg/detail/cmd__functions.c
-- Up-to-date: /home/sshyuk/palletrone_ws/install/palletrone_interfaces/include/palletrone_interfaces/palletrone_interfaces/msg/detail/wrench__functions.c
-- Up-to-date: /home/sshyuk/palletrone_ws/install/palletrone_interfaces/include/palletrone_interfaces/palletrone_interfaces/msg/detail/wrench__type_support.h
-- Up-to-date: /home/sshyuk/palletrone_ws/install/palletrone_interfaces/include/palletrone_interfaces/palletrone_interfaces/msg/wrench.h
-- Up-to-date: /home/sshyuk/palletrone_ws/install/palletrone_interfaces/include/palletrone_interfaces/palletrone_interfaces/msg/cmd.h
-- Up-to-date: /home/sshyuk/palletrone_ws/install/palletrone_interfaces/share/palletrone_interfaces/environment/library_path.sh
-- Up-to-date: /home/sshyuk/palletrone_ws/install/palletrone_interfaces/share/palletrone_interfaces/environment/library_path.dsv
-- Up-to-date: /home/sshyuk/palletrone_ws/install/palletrone_interfaces/lib/libpalletrone_interfaces__rosidl_generator_c.so
-- Up-to-date: /home/sshyuk/palletrone_ws/install/palletrone_interfaces/include/palletrone_interfaces/palletrone_interfaces
-- Up-to-date: /home/sshyuk/palletrone_ws/install/palletrone_interfaces/include/palletrone_interfaces/palletrone_interfaces/msg
-- Up-to-date: /home/sshyuk/palletrone_ws/install/palletrone_interfaces/include/palletrone_interfaces/palletrone_interfaces/msg/detail
-- Up-to-date: /home/sshyuk/palletrone_ws/install/palletrone_interfaces/include/palletrone_interfaces/palletrone_interfaces/msg/detail/input__rosidl_typesupport_fastrtps_c.h
-- Up-to-date: /home/sshyuk/palletrone_ws/install/palletrone_interfaces/include/palletrone_interfaces/palletrone_interfaces/msg/detail/cmd__rosidl_typesupport_fastrtps_c.h
-- Up-to-date: /home/sshyuk/palletrone_ws/install/palletrone_interfaces/include/palletrone_interfaces/palletrone_interfaces/msg/detail/arm_cmd__rosidl_typesupport_fastrtps_c.h
-- Up-to-date: /home/sshyuk/palletrone_ws/install/palletrone_interfaces/include/palletrone_interfaces/palletrone_interfaces/msg/detail/wrench__rosidl_typesupport_fastrtps_c.h
-- Up-to-date: /home/sshyuk/palletrone_ws/install/palletrone_interfaces/include/palletrone_interfaces/palletrone_interfaces/msg/detail/palletrone_state__rosidl_typesupport_fastrtps_c.h
-- Up-to-date: /home/sshyuk/palletrone_ws/install/palletrone_interfaces/include/palletrone_interfaces/palletrone_interfaces/msg/rosidl_typesupport_fastrtps_c__visibility_control.h
-- Up-to-date: /home/sshyuk/palletrone_ws/install/palletrone_interfaces/lib/libpalletrone_interfaces__rosidl_typesupport_fastrtps_c.so
-- Up-to-date: /home/sshyuk/palletrone_ws/install/palletrone_interfaces/include/palletrone_interfaces/palletrone_interfaces
-- Up-to-date: /home/sshyuk/palletrone_ws/install/palletrone_interfaces/include/palletrone_interfaces/palletrone_interfaces/msg
-- Up-to-date: /home/sshyuk/palletrone_ws/install/palletrone_interfaces/include/palletrone_interfaces/palletrone_interfaces/msg/detail
-- Up-to-date: /home/sshyuk/palletrone_ws/install/palletrone_interfaces/include/palletrone_interfaces/palletrone_interfaces/msg/detail/arm_cmd__rosidl_typesupport_introspection_c.h
-- Up-to-date: /home/sshyuk/palletrone_ws/install/palletrone_interfaces/include/palletrone_interfaces/palletrone_interfaces/msg/detail/palletrone_state__type_support.c
-- Up-to-date: /home/sshyuk/palletrone_ws/install/palletrone_interfaces/include/palletrone_interfaces/palletrone_interfaces/msg/detail/wrench__type_support.c
-- Up-to-date: /home/sshyuk/palletrone_ws/install/palletrone_interfaces/include/palletrone_interfaces/palletrone_interfaces/msg/detail/cmd__type_support.c
-- Up-to-date: /home/sshyuk/palletrone_ws/install/palletrone_interfaces/include/palletrone_interfaces/palletrone_interfaces/msg/detail/palletrone_state__rosidl_typesupport_introspection_c.h
-- Up-to-date: /home/sshyuk/palletrone_ws/install/palletrone_interfaces/include/palletrone_interfaces/palletrone_interfaces/msg/detail/wrench__rosidl_typesupport_introspection_c.h
-- Up-to-date: /home/sshyuk/palletrone_ws/install/palletrone_interfaces/include/palletrone_interfaces/palletrone_interfaces/msg/detail/input__type_support.c
-- Up-to-date: /home/sshyuk/palletrone_ws/install/palletrone_interfaces/include/palletrone_interfaces/palletrone_interfaces/msg/detail/input__rosidl_typesupport_introspection_c.h
-- Up-to-date: /home/sshyuk/palletrone_ws/install/palletrone_interfaces/include/palletrone_interfaces/palletrone_interfaces/msg/detail/arm_cmd__type_support.c
-- Up-to-date: /home/sshyuk/palletrone_ws/install/palletrone_interfaces/include/palletrone_interfaces/palletrone_interfaces/msg/detail/cmd__rosidl_typesupport_introspection_c.h
-- Up-to-date: /home/sshyuk/palletrone_ws/install/palletrone_interfaces/include/palletrone_interfaces/palletrone_interfaces/msg/rosidl_typesupport_introspection_c__visibility_control.h
-- Up-to-date: /home/sshyuk/palletrone_ws/install/palletrone_interfaces/lib/libpalletrone_interfaces__rosidl_typesupport_introspection_c.so
-- Up-to-date: /home/sshyuk/palletrone_ws/install/palletrone_interfaces/lib/libpalletrone_interfaces__rosidl_typesupport_c.so
-- Up-to-date: /home/sshyuk/palletrone_ws/install/palletrone_interfaces/include/palletrone_interfaces/palletrone_interfaces
-- Up-to-date: /home/sshyuk/palletrone_ws/install/palletrone_interfaces/include/palletrone_interfaces/palletrone_interfaces/msg
-- Up-to-date: /home/sshyuk/palletrone_ws/install/palletrone_interfaces/include/palletrone_interfaces/palletrone_interfaces/msg/wrench.hpp
-- Up-to-date: /home/sshyuk/palletrone_ws/install/palletrone_interfaces/include/palletrone_interfaces/palletrone_interfaces/msg/input.hpp
-- Up-to-date: /home/sshyuk/palletrone_ws/install/palletrone_interfaces/include/palletrone_interfaces/palletrone_interfaces/msg/cmd.hpp
-- Up-to-date: /home/sshyuk/palletrone_ws/install/palletrone_interfaces/include/palletrone_interfaces/palletrone_interfaces/msg/detail
-- Up-to-date: /home/sshyuk/palletrone_ws/install/palletrone_interfaces/include/palletrone_interfaces/palletrone_interfaces/msg/detail/input__struct.hpp
-- Up-to-date: /home/sshyuk/palletrone_ws/install/palletrone_interfaces/include/palletrone_interfaces/palletrone_interfaces/msg/detail/cmd__type_support.hpp
-- Up-to-date: /home/sshyuk/palletrone_ws/install/palletrone_interfaces/include/palletrone_interfaces/palletrone_interfaces/msg/detail/input__traits.hpp
-- Up-to-date: /home/sshyuk/palletrone_ws/install/palletrone_interfaces/include/palletrone_interfaces/palletrone_interfaces/msg/detail/cmd__traits.hpp
-- Up-to-date: /home/sshyuk/palletrone_ws/install/palletrone_interfaces/include/palletrone_interfaces/palletrone_interfaces/msg/detail/arm_cmd__traits.hpp
-- Up-to-date: /home/sshyuk/palletrone_ws/install/palletrone_interfaces/include/palletrone_interfaces/palletrone_interfaces/msg/detail/input__builder.hpp
-- Up-to-date: /home/sshyuk/palletrone_ws/install/palletrone_interfaces/include/palletrone_interfaces/palletrone_interfaces/msg/detail/input__type_support.hpp
-- Up-to-date: /home/sshyuk/palletrone_ws/install/palletrone_interfaces/include/palletrone_interfaces/palletrone_interfaces/msg/detail/palletrone_state__builder.hpp
-- Up-to-date: /home/sshyuk/palletrone_ws/install/palletrone_interfaces/include/palletrone_interfaces/palletrone_interfaces/msg/detail/wrench__builder.hpp
-- Up-to-date: /home/sshyuk/palletrone_ws/install/palletrone_interfaces/include/palletrone_interfaces/palletrone_interfaces/msg/detail/wrench__type_support.hpp
-- Up-to-date: /home/sshyuk/palletrone_ws/install/palletrone_interfaces/include/palletrone_interfaces/palletrone_interfaces/msg/detail/wrench__struct.hpp
-- Up-to-date: /home/sshyuk/palletrone_ws/install/palletrone_interfaces/include/palletrone_interfaces/palletrone_interfaces/msg/detail/palletrone_state__traits.hpp
-- Up-to-date: /home/sshyuk/palletrone_ws/install/palletrone_interfaces/include/palletrone_interfaces/palletrone_interfaces/msg/detail/arm_cmd__struct.hpp
-- Up-to-date: /home/sshyuk/palletrone_ws/install/palletrone_interfaces/include/palletrone_interfaces/palletrone_interfaces/msg/detail/cmd__struct.hpp
-- Up-to-date: /home/sshyuk/palletrone_ws/install/palletrone_interfaces/include/palletrone_interfaces/palletrone_interfaces/msg/detail/arm_cmd__builder.hpp
-- Up-to-date: /home/sshyuk/palletrone_ws/install/palletrone_interfaces/include/palletrone_interfaces/palletrone_interfaces/msg/detail/palletrone_state__type_support.hpp
-- Up-to-date: /home/sshyuk/palletrone_ws/install/palletrone_interfaces/include/palletrone_interfaces/palletrone_interfaces/msg/detail/cmd__builder.hpp
-- Up-to-date: /home/sshyuk/palletrone_ws/install/palletrone_interfaces/include/palletrone_interfaces/palletrone_interfaces/msg/detail/palletrone_state__struct.hpp
-- Up-to-date: /home/sshyuk/palletrone_ws/install/palletrone_interfaces/include/palletrone_interfaces/palletrone_interfaces/msg/detail/wrench__traits.hpp
-- Up-to-date: /home/sshyuk/palletrone_ws/install/palletrone_interfaces/include/palletrone_interfaces/palletrone_interfaces/msg/detail/arm_cmd__type_support.hpp
-- Up-to-date: /home/sshyuk/palletrone_ws/install/palletrone_interfaces/include/palletrone_interfaces/palletrone_interfaces/msg/arm_cmd.hpp
-- Up-to-date: /home/sshyuk/palletrone_ws/install/palletrone_interfaces/include/palletrone_interfaces/palletrone_interfaces/msg/palletrone_state.hpp
-- Up-to-date: /home/sshyuk/palletrone_ws/install/palletrone_interfaces/include/palletrone_interfaces/palletrone_interfaces/msg/rosidl_generator_cpp__visibility_control.hpp
-- Up-to-date: /home/sshyuk/palletrone_ws/install/palletrone_interfaces/include/palletrone_interfaces/palletrone_interfaces
-- Up-to-date: /home/sshyuk/palletrone_ws/install/palletrone_interfaces/include/palletrone_interfaces/palletrone_interfaces/msg
-- Up-to-date: /home/sshyuk/palletrone_ws/install/palletrone_interfaces/include/palletrone_interfaces/palletrone_interfaces/msg/detail
-- Up-to-date: /home/sshyuk/palletrone_ws/install/palletrone_interfaces/include/palletrone_interfaces/palletrone_interfaces/msg/detail/arm_cmd__rosidl_typesupport_fastrtps_cpp.hpp
-- Up-to-date: /home/sshyuk/palletrone_ws/install/palletrone_interfaces/include/palletrone_interfaces/palletrone_interfaces/msg/detail/input__rosidl_typesupport_fastrtps_cpp.hpp
-- Up-to-date: /home/sshyuk/palletrone_ws/install/palletrone_interfaces/include/palletrone_interfaces/palletrone_interfaces/msg/detail/dds_fastrtps
-- Up-to-date: /home/sshyuk/palletrone_ws/install/palletrone_interfaces/include/palletrone_interfaces/palletrone_interfaces/msg/detail/palletrone_state__rosidl_typesupport_fastrtps_cpp.hpp
-- Up-to-date: /home/sshyuk/palletrone_ws/install/palletrone_interfaces/include/palletrone_interfaces/palletrone_interfaces/msg/detail/cmd__rosidl_typesupport_fastrtps_cpp.hpp
-- Up-to-date: /home/sshyuk/palletrone_ws/install/palletrone_interfaces/include/palletrone_interfaces/palletrone_interfaces/msg/detail/wrench__rosidl_typesupport_fastrtps_cpp.hpp
-- Up-to-date: /home/sshyuk/palletrone_ws/install/palletrone_interfaces/include/palletrone_interfaces/palletrone_interfaces/msg/rosidl_typesupport_fastrtps_cpp__visibility_control.h
-- Up-to-date: /home/sshyuk/palletrone_ws/install/palletrone_interfaces/lib/libpalletrone_interfaces__rosidl_typesupport_fastrtps_cpp.so
-- Up-to-date: /home/sshyuk/palletrone_ws/install/palletrone_interfaces/include/palletrone_interfaces/palletrone_interfaces
-- Up-to-date: /home/sshyuk/palletrone_ws/install/palletrone_interfaces/include/palletrone_interfaces/palletrone_interfaces/msg
-- Up-to-date: /home/sshyuk/palletrone_ws/install/palletrone_interfaces/include/palletrone_interfaces/palletrone_interfaces/msg/detail
-- Up-to-date: /home/sshyuk/palletrone_ws/install/palletrone_interfaces/include/palletrone_interfaces/palletrone_interfaces/msg/detail/cmd__type_support.cpp
-- Up-to-date: /home/sshyuk/palletrone_ws/install/palletrone_interfaces/include/palletrone_interfaces/palletrone_interfaces/msg/detail/input__type_support.cpp
-- Up-to-date: /home/sshyuk/palletrone_ws/install/palletrone_interfaces/include/palletrone_interfaces/palletrone_interfaces/msg/detail/wrench__type_support.cpp
-- Up-to-date: /home/sshyuk/palletrone_ws/install/palletrone_interfaces/include/palletrone_interfaces/palletrone_interfaces/msg/detail/arm_cmd__rosidl_typesupport_introspection_cpp.hpp
-- Up-to-date: /home/sshyuk/palletrone_ws/install/palletrone_interfaces/include/palletrone_interfaces/palletrone_interfaces/msg/detail/cmd__rosidl_typesupport_introspection_cpp.hpp
-- Up-to-date: /home/sshyuk/palletrone_ws/install/palletrone_interfaces/include/palletrone_interfaces/palletrone_interfaces/msg/detail/palletrone_state__rosidl_typesupport_introspection_cpp.hpp
-- Up-to-date: /home/sshyuk/palletrone_ws/install/palletrone_interfaces/include/palletrone_interfaces/palletrone_interfaces/msg/detail/wrench__rosidl_typesupport_introspection_cpp.hpp
-- Up-to-date: /home/sshyuk/palletrone_ws/install/palletrone_interfaces/include/palletrone_interfaces/palletrone_interfaces/msg/detail/palletrone_state__type_support.cpp
-- Up-to-date: /home/sshyuk/palletrone_ws/install/palletrone_interfaces/include/palletrone_interfaces/palletrone_interfaces/msg/detail/input__rosidl_typesupport_introspection_cpp.hpp
-- Up-to-date: /home/sshyuk/palletrone_ws/install/palletrone_interfaces/include/palletrone_interfaces/palletrone_interfaces/msg/detail/arm_cmd__type_support.cpp
-- Up-to-date: /home/sshyuk/palletrone_ws/install/palletrone_interfaces/lib/libpalletrone_interfaces__rosidl_typesupport_introspection_cpp.so
-- Up-to-date: /home/sshyuk/palletrone_ws/install/palletrone_interfaces/lib/libpalletrone_interfaces__rosidl_typesupport_cpp.so
-- Up-to-date: /home/sshyuk/palletrone_ws/install/palletrone_interfaces/share/palletrone_interfaces/environment/pythonpath.sh
-- Up-to-date: /home/sshyuk/palletrone_ws/install/palletrone_interfaces/share/palletrone_interfaces/environment/pythonpath.dsv
-- Up-to-date: /home/sshyuk/palletrone_ws/install/palletrone_interfaces/local/lib/python3.10/dist-packages/palletrone_interfaces-0.0.0-py3.10.egg-info
-- Installing: /home/sshyuk/palletrone_ws/install/palletrone_interfaces/local/lib/python3.10/dist-packages/palletrone_interfaces-0.0.0-py3.10.egg-info/dependency_links.txt
-- Installing: /home/sshyuk/palletrone_ws/install/palletrone_interfaces/local/lib/python3.10/dist-packages/palletrone_interfaces-0.0.0-py3.10.egg-info/PKG-INFO
-- Installing: /home/sshyuk/palletrone_ws/install/palletrone_interfaces/local/lib/python3.10/dist-packages/palletrone_interfaces-0.0.0-py3.10.egg-info/SOURCES.txt
-- Installing: /home/sshyuk/palletrone_ws/install/palletrone_interfaces/local/lib/python3.10/dist-packages/palletrone_interfaces-0.0.0-py3.10.egg-info/top_level.txt
-- Up-to-date: /home/sshyuk/palletrone_ws/install/palletrone_interfaces/local/lib/python3.10/dist-packages/palletrone_interfaces
-- Up-to-date: /home/sshyuk/palletrone_ws/install/palletrone_interfaces/local/lib/python3.10/dist-packages/palletrone_interfaces/_palletrone_interfaces_s.ep.rosidl_typesupport_c.c
-- Up-to-date: /home/sshyuk/palletrone_ws/install/palletrone_interfaces/local/lib/python3.10/dist-packages/palletrone_interfaces/libpalletrone_interfaces__rosidl_generator_py.so
-- Up-to-date: /home/sshyuk/palletrone_ws/install/palletrone_interfaces/local/lib/python3.10/dist-packages/palletrone_interfaces/__init__.py
-- Up-to-date: /home/sshyuk/palletrone_ws/install/palletrone_interfaces/local/lib/python3.10/dist-packages/palletrone_interfaces/palletrone_interfaces_s__rosidl_typesupport_fastrtps_c.cpython-310-x86_64-linux-gnu.so
-- Up-to-date: /home/sshyuk/palletrone_ws/install/palletrone_interfaces/local/lib/python3.10/dist-packages/palletrone_interfaces/msg
-- Up-to-date: /home/sshyuk/palletrone_ws/install/palletrone_interfaces/local/lib/python3.10/dist-packages/palletrone_interfaces/msg/_input_s.c
-- Up-to-date: /home/sshyuk/palletrone_ws/install/palletrone_interfaces/local/lib/python3.10/dist-packages/palletrone_interfaces/msg/_arm_cmd.py
-- Up-to-date: /home/sshyuk/palletrone_ws/install/palletrone_interfaces/local/lib/python3.10/dist-packages/palletrone_interfaces/msg/_palletrone_state_s.c
-- Up-to-date: /home/sshyuk/palletrone_ws/install/palletrone_interfaces/local/lib/python3.10/dist-packages/palletrone_interfaces/msg/_wrench.py
-- Up-to-date: /home/sshyuk/palletrone_ws/install/palletrone_interfaces/local/lib/python3.10/dist-packages/palletrone_interfaces/msg/__init__.py
-- Up-to-date: /home/sshyuk/palletrone_ws/install/palletrone_interfaces/local/lib/python3.10/dist-packages/palletrone_interfaces/msg/_arm_cmd_s.c
-- Up-to-date: /home/sshyuk/palletrone_ws/install/palletrone_interfaces/local/lib/python3.10/dist-packages/palletrone_interfaces/msg/_input.py
-- Up-to-date: /home/sshyuk/palletrone_ws/install/palletrone_interfaces/local/lib/python3.10/dist-packages/palletrone_interfaces/msg/_palletrone_state.py
-- Up-to-date: /home/sshyuk/palletrone_ws/install/palletrone_interfaces/local/lib/python3.10/dist-packages/palletrone_interfaces/msg/_cmd_s.c
-- Up-to-date: /home/sshyuk/palletrone_ws/install/palletrone_interfaces/local/lib/python3.10/dist-packages/palletrone_interfaces/msg/_wrench_s.c
-- Up-to-date: /home/sshyuk/palletrone_ws/install/palletrone_interfaces/local/lib/python3.10/dist-packages/palletrone_interfaces/msg/_cmd.py
-- Up-to-date: /home/sshyuk/palletrone_ws/install/palletrone_interfaces/local/lib/python3.10/dist-packages/palletrone_interfaces/_palletrone_interfaces_s.ep.rosidl_typesupport_introspection_c.c
-- Up-to-date: /home/sshyuk/palletrone_ws/install/palletrone_interfaces/local/lib/python3.10/dist-packages/palletrone_interfaces/_palletrone_interfaces_s.ep.rosidl_typesupport_fastrtps_c.c
-- Up-to-date: /home/sshyuk/palletrone_ws/install/palletrone_interfaces/local/lib/python3.10/dist-packages/palletrone_interfaces/palletrone_interfaces_s__rosidl_typesupport_c.cpython-310-x86_64-linux-gnu.so
-- Up-to-date: /home/sshyuk/palletrone_ws/install/palletrone_interfaces/local/lib/python3.10/dist-packages/palletrone_interfaces/palletrone_interfaces_s__rosidl_typesupport_introspection_c.cpython-310-x86_64-linux-gnu.so
Listing '/home/sshyuk/palletrone_ws/install/palletrone_interfaces/local/lib/python3.10/dist-packages/palletrone_interfaces'...
Listing '/home/sshyuk/palletrone_ws/install/palletrone_interfaces/local/lib/python3.10/dist-packages/palletrone_interfaces/msg'...
-- Up-to-date: /home/sshyuk/palletrone_ws/install/palletrone_interfaces/local/lib/python3.10/dist-packages/palletrone_interfaces/palletrone_interfaces_s__rosidl_typesupport_fastrtps_c.cpython-310-x86_64-linux-gnu.so
-- Up-to-date: /home/sshyuk/palletrone_ws/install/palletrone_interfaces/local/lib/python3.10/dist-packages/palletrone_interfaces/palletrone_interfaces_s__rosidl_typesupport_introspection_c.cpython-310-x86_64-linux-gnu.so
-- Up-to-date: /home/sshyuk/palletrone_ws/install/palletrone_interfaces/local/lib/python3.10/dist-packages/palletrone_interfaces/palletrone_interfaces_s__rosidl_typesupport_c.cpython-310-x86_64-linux-gnu.so
-- Up-to-date: /home/sshyuk/palletrone_ws/install/palletrone_interfaces/lib/libpalletrone_interfaces__rosidl_generator_py.so
-- Up-to-date: /home/sshyuk/palletrone_ws/install/palletrone_interfaces/share/palletrone_interfaces/msg/Input.idl
-- Up-to-date: /home/sshyuk/palletrone_ws/install/palletrone_interfaces/share/palletrone_interfaces/msg/PalletroneState.idl
-- Up-to-date: /home/sshyuk/palletrone_ws/install/palletrone_interfaces/share/palletrone_interfaces/msg/Cmd.idl
-- Up-to-date: /home/sshyuk/palletrone_ws/install/palletrone_interfaces/share/palletrone_interfaces/msg/Wrench.idl
-- Up-to-date: /home/sshyuk/palletrone_ws/install/palletrone_interfaces/share/palletrone_interfaces/msg/ArmCmd.idl
-- Up-to-date: /home/sshyuk/palletrone_ws/install/palletrone_interfaces/share/palletrone_interfaces/msg/Input.msg
-- Up-to-date: /home/sshyuk/palletrone_ws/install/palletrone_interfaces/share/palletrone_interfaces/msg/PalletroneState.msg
-- Up-to-date: /home/sshyuk/palletrone_ws/install/palletrone_interfaces/share/palletrone_interfaces/msg/Cmd.msg
-- Up-to-date: /home/sshyuk/palletrone_ws/install/palletrone_interfaces/share/palletrone_interfaces/msg/Wrench.msg
-- Up-to-date: /home/sshyuk/palletrone_ws/install/palletrone_interfaces/share/palletrone_interfaces/msg/ArmCmd.msg
-- Up-to-date: /home/sshyuk/palletrone_ws/install/palletrone_interfaces/share/ament_index/resource_index/package_run_dependencies/palletrone_interfaces
-- Up-to-date: /home/sshyuk/palletrone_ws/install/palletrone_interfaces/share/ament_index/resource_index/parent_prefix_path/palletrone_interfaces
-- Up-to-date: /home/sshyuk/palletrone_ws/install/palletrone_interfaces/share/palletrone_interfaces/environment/ament_prefix_path.sh
-- Up-to-date: /home/sshyuk/palletrone_ws/install/palletrone_interfaces/share/palletrone_interfaces/environment/ament_prefix_path.dsv
-- Up-to-date: /home/sshyuk/palletrone_ws/install/palletrone_interfaces/share/palletrone_interfaces/environment/path.sh
-- Up-to-date: /home/sshyuk/palletrone_ws/install/palletrone_interfaces/share/palletrone_interfaces/environment/path.dsv
-- Up-to-date: /home/sshyuk/palletrone_ws/install/palletrone_interfaces/share/palletrone_interfaces/local_setup.bash
-- Up-to-date: /home/sshyuk/palletrone_ws/install/palletrone_interfaces/share/palletrone_interfaces/local_setup.sh
-- Up-to-date: /home/sshyuk/palletrone_ws/install/palletrone_interfaces/share/palletrone_interfaces/local_setup.zsh
-- Up-to-date: /home/sshyuk/palletrone_ws/install/palletrone_interfaces/share/palletrone_interfaces/local_setup.dsv
-- Installing: /home/sshyuk/palletrone_ws/install/palletrone_interfaces/share/palletrone_interfaces/package.dsv
-- Up-to-date: /home/sshyuk/palletrone_ws/install/palletrone_interfaces/share/ament_index/resource_index/packages/palletrone_interfaces
-- Up-to-date: /home/sshyuk/palletrone_ws/install/palletrone_interfaces/share/palletrone_interfaces/cmake/export_palletrone_interfaces__rosidl_generator_cExport.cmake
-- Up-to-date: /home/sshyuk/palletrone_ws/install/palletrone_interfaces/share/palletrone_interfaces/cmake/export_palletrone_interfaces__rosidl_generator_cExport-noconfig.cmake
-- Up-to-date: /home/sshyuk/palletrone_ws/install/palletrone_interfaces/share/palletrone_interfaces/cmake/export_palletrone_interfaces__rosidl_typesupport_fastrtps_cExport.cmake
-- Up-to-date: /home/sshyuk/palletrone_ws/install/palletrone_interfaces/share/palletrone_interfaces/cmake/export_palletrone_interfaces__rosidl_typesupport_fastrtps_cExport-noconfig.cmake
-- Up-to-date: /home/sshyuk/palletrone_ws/install/palletrone_interfaces/share/palletrone_interfaces/cmake/palletrone_interfaces__rosidl_typesupport_introspection_cExport.cmake
-- Up-to-date: /home/sshyuk/palletrone_ws/install/palletrone_interfaces/share/palletrone_interfaces/cmake/palletrone_interfaces__rosidl_typesupport_introspection_cExport-noconfig.cmake
-- Up-to-date: /home/sshyuk/palletrone_ws/install/palletrone_interfaces/share/palletrone_interfaces/cmake/palletrone_interfaces__rosidl_typesupport_cExport.cmake
-- Up-to-date: /home/sshyuk/palletrone_ws/install/palletrone_interfaces/share/palletrone_interfaces/cmake/palletrone_interfaces__rosidl_typesupport_cExport-noconfig.cmake
-- Up-to-date: /home/sshyuk/palletrone_ws/install/palletrone_interfaces/share/palletrone_interfaces/cmake/export_palletrone_interfaces__rosidl_generator_cppExport.cmake
-- Up-to-date: /home/sshyuk/palletrone_ws/install/palletrone_interfaces/share/palletrone_interfaces/cmake/export_palletrone_interfaces__rosidl_typesupport_fastrtps_cppExport.cmake
-- Up-to-date: /home/sshyuk/palletrone_ws/install/palletrone_interfaces/share/palletrone_interfaces/cmake/export_palletrone_interfaces__rosidl_typesupport_fastrtps_cppExport-noconfig.cmake
-- Up-to-date: /home/sshyuk/palletrone_ws/install/palletrone_interfaces/share/palletrone_interfaces/cmake/palletrone_interfaces__rosidl_typesupport_introspection_cppExport.cmake
-- Up-to-date: /home/sshyuk/palletrone_ws/install/palletrone_interfaces/share/palletrone_interfaces/cmake/palletrone_interfaces__rosidl_typesupport_introspection_cppExport-noconfig.cmake
-- Up-to-date: /home/sshyuk/palletrone_ws/install/palletrone_interfaces/share/palletrone_interfaces/cmake/palletrone_interfaces__rosidl_typesupport_cppExport.cmake
-- Up-to-date: /home/sshyuk/palletrone_ws/install/palletrone_interfaces/share/palletrone_interfaces/cmake/palletrone_interfaces__rosidl_typesupport_cppExport-noconfig.cmake
-- Up-to-date: /home/sshyuk/palletrone_ws/install/palletrone_interfaces/share/palletrone_interfaces/cmake/export_palletrone_interfaces__rosidl_generator_pyExport.cmake
-- Up-to-date: /home/sshyuk/palletrone_ws/install/palletrone_interfaces/share/palletrone_interfaces/cmake/export_palletrone_interfaces__rosidl_generator_pyExport-noconfig.cmake
-- Up-to-date: /home/sshyuk/palletrone_ws/install/palletrone_interfaces/share/palletrone_interfaces/cmake/rosidl_cmake-extras.cmake
-- Up-to-date: /home/sshyuk/palletrone_ws/install/palletrone_interfaces/share/palletrone_interfaces/cmake/ament_cmake_export_dependencies-extras.cmake
-- Up-to-date: /home/sshyuk/palletrone_ws/install/palletrone_interfaces/share/palletrone_interfaces/cmake/ament_cmake_export_include_directories-extras.cmake
-- Up-to-date: /home/sshyuk/palletrone_ws/install/palletrone_interfaces/share/palletrone_interfaces/cmake/ament_cmake_export_libraries-extras.cmake
-- Up-to-date: /home/sshyuk/palletrone_ws/install/palletrone_interfaces/share/palletrone_interfaces/cmake/ament_cmake_export_targets-extras.cmake
-- Up-to-date: /home/sshyuk/palletrone_ws/install/palletrone_interfaces/share/palletrone_interfaces/cmake/rosidl_cmake_export_typesupport_targets-extras.cmake
-- Up-to-date: /home/sshyuk/palletrone_ws/install/palletrone_interfaces/share/palletrone_interfaces/cmake/rosidl_cmake_export_typesupport_libraries-extras.cmake
-- Up-to-date: /home/sshyuk/palletrone_ws/install/palletrone_interfaces/share/palletrone_interfaces/cmake/palletrone_interfacesConfig.cmake
-- Up-to-date: /home/sshyuk/palletrone_ws/install/palletrone_interfaces/share/palletrone_interfaces/cmake/palletrone_interfacesConfig-version.cmake
-- Up-to-date: /home/sshyuk/palletrone_ws/install/palletrone_interfaces/share/palletrone_interfaces/package.xml
