[0.384s] Invoking command in '/home/sshyuk/palletrone_ws/src/plant': CMAKE_PREFIX_PATH=/home/sshyuk/palletrone_ws/install/palletrone_interfaces:/home/sshyuk/palletrone_ws/install/palletrone_controller:/home/sshyuk/palletrone_ws/install/palletrone_cmd:/home/sshyuk/ros2_ws/install/motion_capture_tracking:/home/sshyuk/ros2_ws/install/motion_capture_tracking_interfaces:/home/sshyuk/ros2_ws/install/crawling_robot_controller PYTHONPATH=/home/sshyuk/palletrone_ws/build/plant/prefix_override:/usr/lib/python3/dist-packages/colcon_core/task/python/colcon_distutils_commands:/home/sshyuk/palletrone_ws/install/plant/lib/python3.10/site-packages:${PYTHONPATH} /usr/bin/python3 -W ignore:setup.py install is deprecated -W ignore:easy_install command is deprecated setup.py egg_info --egg-base ../../build/plant build --build-base /home/sshyuk/palletrone_ws/build/plant/build install --record /home/sshyuk/palletrone_ws/build/plant/install.log --single-version-externally-managed install_data
[0.530s] running egg_info
[0.531s] writing ../../build/plant/plant.egg-info/PKG-INFO
[0.531s] writing dependency_links to ../../build/plant/plant.egg-info/dependency_links.txt
[0.531s] writing entry points to ../../build/plant/plant.egg-info/entry_points.txt
[0.531s] writing requirements to ../../build/plant/plant.egg-info/requires.txt
[0.531s] writing top-level names to ../../build/plant/plant.egg-info/top_level.txt
[0.532s] reading manifest file '../../build/plant/plant.egg-info/SOURCES.txt'
[0.532s] writing manifest file '../../build/plant/plant.egg-info/SOURCES.txt'
[0.532s] running build
[0.532s] running build_py
[0.533s] copying plant/plant.py -> /home/sshyuk/palletrone_ws/build/plant/build/lib/plant
[0.533s] running install
[0.533s] running install_lib
[0.533s] copying /home/sshyuk/palletrone_ws/build/plant/build/lib/plant/plant.py -> /home/sshyuk/palletrone_ws/install/plant/lib/python3.10/site-packages/plant
[0.534s] byte-compiling /home/sshyuk/palletrone_ws/install/plant/lib/python3.10/site-packages/plant/plant.py to plant.cpython-310.pyc
[0.535s] running install_data
[0.535s] running install_egg_info
[0.536s] removing '/home/sshyuk/palletrone_ws/install/plant/lib/python3.10/site-packages/plant-0.0.1-py3.10.egg-info' (and everything under it)
[0.536s] Copying ../../build/plant/plant.egg-info to /home/sshyuk/palletrone_ws/install/plant/lib/python3.10/site-packages/plant-0.0.1-py3.10.egg-info
[0.537s] running install_scripts
[0.550s] Installing plant script to /home/sshyuk/palletrone_ws/install/plant/lib/plant
[0.550s] writing list of installed files to '/home/sshyuk/palletrone_ws/build/plant/install.log'
[0.564s] Invoked command in '/home/sshyuk/palletrone_ws/src/plant' returned '0': CMAKE_PREFIX_PATH=/home/sshyuk/palletrone_ws/install/palletrone_interfaces:/home/sshyuk/palletrone_ws/install/palletrone_controller:/home/sshyuk/palletrone_ws/install/palletrone_cmd:/home/sshyuk/ros2_ws/install/motion_capture_tracking:/home/sshyuk/ros2_ws/install/motion_capture_tracking_interfaces:/home/sshyuk/ros2_ws/install/crawling_robot_controller PYTHONPATH=/home/sshyuk/palletrone_ws/build/plant/prefix_override:/usr/lib/python3/dist-packages/colcon_core/task/python/colcon_distutils_commands:/home/sshyuk/palletrone_ws/install/plant/lib/python3.10/site-packages:${PYTHONPATH} /usr/bin/python3 -W ignore:setup.py install is deprecated -W ignore:easy_install command is deprecated setup.py egg_info --egg-base ../../build/plant build --build-base /home/sshyuk/palletrone_ws/build/plant/build install --record /home/sshyuk/palletrone_ws/build/plant/install.log --single-version-externally-managed install_data
