/home/parkjeongsu/ros2_ws/src/Palletrone_arm/install/plant/lib/python3.10/site-packages/plant/plant.py
/home/parkjeongsu/ros2_ws/src/Palletrone_arm/install/plant/lib/python3.10/site-packages/plant/__init__.py
/home/parkjeongsu/ros2_ws/src/Palletrone_arm/install/plant/lib/python3.10/site-packages/plant/__pycache__/plant.cpython-310.pyc
/home/parkjeongsu/ros2_ws/src/Palletrone_arm/install/plant/lib/python3.10/site-packages/plant/__pycache__/__init__.cpython-310.pyc
/home/parkjeongsu/ros2_ws/src/Palletrone_arm/install/plant/share/ament_index/resource_index/packages/plant
/home/parkjeongsu/ros2_ws/src/Palletrone_arm/install/plant/share/plant/package.xml
/home/parkjeongsu/ros2_ws/src/Palletrone_arm/install/plant/share/plant/xml/scene.xml
/home/parkjeongsu/ros2_ws/src/Palletrone_arm/install/plant/share/plant/xml/Palletrone.xml
/home/parkjeongsu/ros2_ws/src/Palletrone_arm/install/plant/share/plant/xml/PROP.stl
/home/parkjeongsu/ros2_ws/src/Palletrone_arm/install/plant/share/plant/xml/BODY.stl
/home/parkjeongsu/ros2_ws/src/Palletrone_arm/install/plant/share/plant/xml/arm_assets/6prop.stl
/home/parkjeongsu/ros2_ws/src/Palletrone_arm/install/plant/share/plant/xml/arm_assets/XM,H-430_idler.stl
/home/parkjeongsu/ros2_ws/src/Palletrone_arm/install/plant/share/plant/xml/arm_assets/case_bearing.stl
/home/parkjeongsu/ros2_ws/src/Palletrone_arm/install/plant/share/plant/xml/arm_assets/LINK1_honebracket_540_under.stl
/home/parkjeongsu/ros2_ws/src/Palletrone_arm/install/plant/share/plant/xml/arm_assets/LINK2.stl
/home/parkjeongsu/ros2_ws/src/Palletrone_arm/install/plant/share/plant/xml/arm_assets/XL540.stl
/home/parkjeongsu/ros2_ws/src/Palletrone_arm/install/plant/share/plant/xml/arm_assets/MujocoLink2.stl
/home/parkjeongsu/ros2_ws/src/Palletrone_arm/install/plant/share/plant/xml/arm_assets/XC_330_Parts.stl
/home/parkjeongsu/ros2_ws/src/Palletrone_arm/install/plant/share/plant/xml/arm_assets/Wrist_Link.stl
/home/parkjeongsu/ros2_ws/src/Palletrone_arm/install/plant/share/plant/xml/arm_assets/XC_330_bracket.stl
/home/parkjeongsu/ros2_ws/src/Palletrone_arm/install/plant/share/plant/xml/arm_assets/LINK3_xm430_to_Wrist.stl
/home/parkjeongsu/ros2_ws/src/Palletrone_arm/install/plant/share/plant/xml/arm_assets/XC_330_servo.stl
/home/parkjeongsu/ros2_ws/src/Palletrone_arm/install/plant/lib/python3.10/site-packages/plant-0.0.1-py3.10.egg-info/top_level.txt
/home/parkjeongsu/ros2_ws/src/Palletrone_arm/install/plant/lib/python3.10/site-packages/plant-0.0.1-py3.10.egg-info/zip-safe
/home/parkjeongsu/ros2_ws/src/Palletrone_arm/install/plant/lib/python3.10/site-packages/plant-0.0.1-py3.10.egg-info/PKG-INFO
/home/parkjeongsu/ros2_ws/src/Palletrone_arm/install/plant/lib/python3.10/site-packages/plant-0.0.1-py3.10.egg-info/entry_points.txt
/home/parkjeongsu/ros2_ws/src/Palletrone_arm/install/plant/lib/python3.10/site-packages/plant-0.0.1-py3.10.egg-info/requires.txt
/home/parkjeongsu/ros2_ws/src/Palletrone_arm/install/plant/lib/python3.10/site-packages/plant-0.0.1-py3.10.egg-info/SOURCES.txt
/home/parkjeongsu/ros2_ws/src/Palletrone_arm/install/plant/lib/python3.10/site-packages/plant-0.0.1-py3.10.egg-info/dependency_links.txt
/home/parkjeongsu/ros2_ws/src/Palletrone_arm/install/plant/lib/plant/plant
