running egg_info
writing ../../build/plant/plant.egg-info/PKG-INFO
writing dependency_links to ../../build/plant/plant.egg-info/dependency_links.txt
writing entry points to ../../build/plant/plant.egg-info/entry_points.txt
writing requirements to ../../build/plant/plant.egg-info/requires.txt
writing top-level names to ../../build/plant/plant.egg-info/top_level.txt
reading manifest file '../../build/plant/plant.egg-info/SOURCES.txt'
writing manifest file '../../build/plant/plant.egg-info/SOURCES.txt'
running build
running build_py
running install
running install_lib
byte-compiling /home/sshyuk/palletrone_ws/install/plant/lib/python3.10/site-packages/plant/plant.py to plant.cpython-310.pyc
running install_data
Sorry: TabError: inconsistent use of tabs and spaces in indentation (plant.py, line 252)
running install_egg_info
removing '/home/sshyuk/palletrone_ws/install/plant/lib/python3.10/site-packages/plant-0.0.1-py3.10.egg-info' (and everything under it)
Copying ../../build/plant/plant.egg-info to /home/sshyuk/palletrone_ws/install/plant/lib/python3.10/site-packages/plant-0.0.1-py3.10.egg-info
running install_scripts
Installing plant script to /home/sshyuk/palletrone_ws/install/plant/lib/plant
writing list of installed files to '/home/sshyuk/palletrone_ws/build/plant/install.log'
